2019-07-18 18:03:27 INFO  Log:28 - test case started
2019-07-18 18:03:27 INFO  Log:28 - Launched Chrome Browser
2019-07-18 18:03:31 INFO  Log:28 - TC_001_updatingGeneralInformation test case started
2019-07-18 18:03:31 INFO  Log:28 - OrangeHrm application is opened
2019-07-18 18:03:31 INFO  Log:28 - The URL of Orange HRM is loaded
2019-07-18 18:03:35 INFO  Log:28 - Login Page of Orange HRM is displayed
2019-07-18 18:03:35 INFO  Log:28 - Enter username:Admin
2019-07-18 18:03:35 INFO  Log:28 - Enter password:admin123
2019-07-18 18:03:35 INFO  Log:28 - Login credentails are provided
2019-07-18 18:03:35 INFO  Log:28 - Login button is clicked
2019-07-18 18:03:36 INFO  Log:28 - Home Page of Orange HRM is displayed
2019-07-18 18:03:36 INFO  Log:28 - The module Admin is found
2019-07-18 18:03:37 INFO  Log:28 - The sub-module Organization is found
2019-07-18 18:03:37 INFO  Log:28 - The section General Information is clicked
2019-07-18 18:03:39 INFO  Log:28 - General Information Page of Admin module of Orange HRM is displayed.
2019-07-18 18:03:39 INFO  Log:28 - Edit button is clicked.
2019-07-18 18:03:39 INFO  Log:28 - Edit Button is clicked
2019-07-18 18:03:39 INFO  Log:28 - Registration Number is updated with 147895632.
2019-07-18 18:03:39 INFO  Log:28 - Save button is clicked.
2019-07-18 18:03:40 INFO  Log:28 - Save Button is clicked
2019-07-18 18:03:40 INFO  Log:28 - General Information Updated Successfully.
2019-07-18 18:03:40 INFO  Log:28 - The name of the testcase passed is :TC_001_updatingGeneralInformation
2019-07-18 18:03:40 INFO  Log:28 - Closed the Browser
2019-07-18 18:03:41 INFO  Log:28 - test case ended
2019-07-18 18:03:41 INFO  Log:28 - test case started
2019-07-18 18:03:41 INFO  Log:28 - Launched Chrome Browser
2019-07-18 18:03:44 INFO  Log:28 - TC_002_validateCountOfEmployees test case started
2019-07-18 18:03:44 INFO  Log:28 - OrangeHrm application is opened
2019-07-18 18:03:44 INFO  Log:28 - The URL of Orange HRM is loaded
2019-07-18 18:03:48 INFO  Log:28 - Login Page of Orange HRM is displayed
2019-07-18 18:03:48 INFO  Log:28 - Enter username:Admin
2019-07-18 18:03:48 INFO  Log:28 - Enter password:admin123
2019-07-18 18:03:48 INFO  Log:28 - Login credentails are provided
2019-07-18 18:03:48 INFO  Log:28 - Login button is clicked
2019-07-18 18:03:50 INFO  Log:28 - Home Page of Orange HRM is displayed
2019-07-18 18:03:50 INFO  Log:28 - The module Admin is found
2019-07-18 18:03:50 INFO  Log:28 - The sub-module Organization is found
2019-07-18 18:03:50 INFO  Log:28 - The section General Information is clicked
2019-07-18 18:03:52 INFO  Log:28 - General Information Page of Admin module of Orange HRM is displayed.
2019-07-18 18:03:52 INFO  Log:28 - Count of employees is 50.
2019-07-18 18:03:52 INFO  Log:28 - The module PIM is found
2019-07-18 18:03:52 INFO  Log:28 - The sub-module Employee List is clicked
2019-07-18 18:03:55 INFO  Log:28 - Employee List Module is opened
2019-07-18 18:03:55 INFO  Log:28 - Employee List Page of PIM module of Orange HRM is displayed.
2019-07-18 18:03:55 INFO  Log:28 - Add button is clicked.
2019-07-18 18:03:56 INFO  Log:28 - Add Button is clicked
2019-07-18 18:03:56 INFO  Log:28 - first name is provided
2019-07-18 18:03:56 INFO  Log:28 - second name is provided
2019-07-18 18:03:56 INFO  Log:28 - empoloyee id is provided
2019-07-18 18:03:56 INFO  Log:28 - Save button is clicked.
2019-07-18 18:03:58 INFO  Log:28 - Save Button is clicked
2019-07-18 18:03:58 INFO  Log:28 - The module Admin is found
2019-07-18 18:03:58 INFO  Log:28 - The sub-module Organization is found
2019-07-18 18:03:58 INFO  Log:28 - The section General Information is clicked
2019-07-18 18:03:59 INFO  Log:28 - Count of employees is 51.
2019-07-18 18:03:59 INFO  Log:28 - The name of the testcase passed is :TC_002_validateCountOfEmployees
2019-07-18 18:03:59 INFO  Log:28 - Closed the Browser
2019-07-18 18:03:59 INFO  Log:28 - test case ended
2019-07-18 18:03:59 INFO  Log:28 - test case started
2019-07-18 18:03:59 INFO  Log:28 - Launched Chrome Browser
2019-07-18 18:04:02 INFO  Log:28 - TC_003_validateMandatoryFields test case started
2019-07-18 18:04:02 INFO  Log:28 - OrangeHrm application is opened
2019-07-18 18:04:02 INFO  Log:28 - The URL of Orange HRM is loaded
2019-07-18 18:04:07 INFO  Log:28 - Login Page of Orange HRM is displayed
2019-07-18 18:04:07 INFO  Log:28 - Enter username:Admin
2019-07-18 18:04:07 INFO  Log:28 - Enter password:admin123
2019-07-18 18:04:07 INFO  Log:28 - Login credentails are provided
2019-07-18 18:04:07 INFO  Log:28 - Login button is clicked
2019-07-18 18:04:09 INFO  Log:28 - Home Page of Orange HRM is displayed
2019-07-18 18:04:09 INFO  Log:28 - The module Admin is found
2019-07-18 18:04:09 INFO  Log:28 - The sub-module Organization is found
2019-07-18 18:04:09 INFO  Log:28 - The section General Information is clicked
2019-07-18 18:04:11 INFO  Log:28 - General Information Page of Admin module of Orange HRM is displayed.
2019-07-18 18:04:11 INFO  Log:28 - Edit button is clicked.
2019-07-18 18:04:11 INFO  Log:28 - Edit Button is clicked
2019-07-18 18:04:11 INFO  Log:28 - Organization Name  is updated with .
2019-07-18 18:04:11 INFO  Log:28 - Save button is clicked.
2019-07-18 18:04:12 INFO  Log:28 - Save Button is clicked
2019-07-18 18:04:12 INFO  Log:28 - Mandatory Fields Required.
2019-07-18 18:04:12 INFO  Log:28 - The name of the testcase passed is :TC_003_validateMandatoryFields
2019-07-18 18:04:12 INFO  Log:28 - Closed the Browser
2019-07-18 18:04:12 INFO  Log:28 - test case ended
2019-07-18 18:04:12 INFO  Log:28 - test case started
2019-07-18 18:04:12 INFO  Log:28 - Launched Chrome Browser
2019-07-18 18:04:15 INFO  Log:28 - TC_004_validateNonMandatoryFields test case started
2019-07-18 18:04:15 INFO  Log:28 - OrangeHrm application is opened
2019-07-18 18:04:15 INFO  Log:28 - The URL of Orange HRM is loaded
2019-07-18 18:04:19 INFO  Log:28 - Login Page of Orange HRM is displayed
2019-07-18 18:04:19 INFO  Log:28 - Enter username:Admin
2019-07-18 18:04:19 INFO  Log:28 - Enter password:admin123
2019-07-18 18:04:19 INFO  Log:28 - Login credentails are provided
2019-07-18 18:04:19 INFO  Log:28 - Login button is clicked
2019-07-18 18:04:21 INFO  Log:28 - Home Page of Orange HRM is displayed
2019-07-18 18:04:21 INFO  Log:28 - The module Admin is found
2019-07-18 18:04:21 INFO  Log:28 - The sub-module Organization is found
2019-07-18 18:04:21 INFO  Log:28 - The section General Information is clicked
2019-07-18 18:04:23 INFO  Log:28 - General Information Page of Admin module of Orange HRM is displayed.
2019-07-18 18:04:23 INFO  Log:28 - Edit button is clicked.
2019-07-18 18:04:23 INFO  Log:28 - Edit Button is clicked
2019-07-18 18:04:23 INFO  Log:28 - Address Street 1 is updated with .
2019-07-18 18:04:23 INFO  Log:28 - Save button is clicked.
2019-07-18 18:04:24 INFO  Log:28 - Save Button is clicked
2019-07-18 18:04:24 INFO  Log:28 - General Information Updated Successfully.
2019-07-18 18:04:24 INFO  Log:28 - The name of the testcase passed is :TC_004_validateNonMandatoryFields
2019-07-18 18:04:24 INFO  Log:28 - Closed the Browser
2019-07-18 18:04:25 INFO  Log:28 - test case ended
2019-07-18 18:04:25 INFO  Log:28 - test case started
2019-07-18 18:04:25 INFO  Log:28 - Launched Chrome Browser
2019-07-18 18:04:28 INFO  Log:28 - TC_005_verifyAddingNewCity test case started
2019-07-18 18:04:28 INFO  Log:28 - OrangeHrm application is opened
2019-07-18 18:04:28 INFO  Log:28 - The URL of Orange HRM is loaded
2019-07-18 18:04:32 INFO  Log:28 - Login Page of Orange HRM is displayed
2019-07-18 18:04:32 INFO  Log:28 - Enter username:Admin
2019-07-18 18:04:32 INFO  Log:28 - Enter password:admin123
2019-07-18 18:04:32 INFO  Log:28 - Login credentails are provided
2019-07-18 18:04:32 INFO  Log:28 - Login button is clicked
2019-07-18 18:04:34 INFO  Log:28 - Home Page of Orange HRM is displayed
2019-07-18 18:04:34 INFO  Log:28 - The module Admin is found
2019-07-18 18:04:34 INFO  Log:28 - The sub-module Organization is found
2019-07-18 18:04:34 INFO  Log:28 - The section Locations is clicked
2019-07-18 18:04:37 INFO  Log:28 - Locations Page of Admin module of Orange HRM is displayed.
2019-07-18 18:04:37 INFO  Log:28 - Add button is clicked.
2019-07-18 18:04:37 INFO  Log:28 - Add Button is clicked
2019-07-18 18:04:37 INFO  Log:28 - The locations of Vizag R&D is searched.
2019-07-18 18:04:37 INFO  Log:28 - The locations of Vizag is searched.
2019-07-18 18:04:37 INFO  Log:28 - The locations in the country India is searched.
2019-07-18 18:04:38 INFO  Log:28 - Save button is clicked.
2019-07-18 18:04:39 INFO  Log:28 - Save Button is clicked
2019-07-18 18:04:39 INFO  Log:28 - The name of the testcase passed is :TC_005_verifyAddingNewCity
2019-07-18 18:04:39 INFO  Log:28 - Closed the Browser
2019-07-18 18:04:39 INFO  Log:28 - test case ended
2019-07-18 18:04:39 INFO  Log:28 - test case started
2019-07-18 18:04:39 INFO  Log:28 - Launched Chrome Browser
2019-07-18 18:04:42 INFO  Log:28 - TC_006_validateSearchByAvailableLocationName test case started
2019-07-18 18:04:42 INFO  Log:28 - OrangeHrm application is opened
2019-07-18 18:04:42 INFO  Log:28 - The URL of Orange HRM is loaded
2019-07-18 18:04:47 INFO  Log:28 - Login Page of Orange HRM is displayed
2019-07-18 18:04:47 INFO  Log:28 - Enter username:Admin
2019-07-18 18:04:47 INFO  Log:28 - Enter password:admin123
2019-07-18 18:04:47 INFO  Log:28 - Login credentails are provided
2019-07-18 18:04:47 INFO  Log:28 - Login button is clicked
2019-07-18 18:04:48 INFO  Log:28 - Home Page of Orange HRM is displayed
2019-07-18 18:04:48 INFO  Log:28 - The module Admin is found
2019-07-18 18:04:48 INFO  Log:28 - The sub-module Organization is found
2019-07-18 18:04:48 INFO  Log:28 - The section Locations is clicked
2019-07-18 18:04:51 INFO  Log:28 - Locations Page of Admin module of Orange HRM is displayed.
2019-07-18 18:04:51 INFO  Log:28 - The locations of Canadian Development Center is searched.
2019-07-18 18:04:51 INFO  Log:28 - Search button is clicked.
2019-07-18 18:04:51 INFO  Log:28 - Search Button is clicked
2019-07-18 18:04:51 INFO  Log:28 - The results for Canadian Development Center were shown below.
2019-07-18 18:04:51 INFO  Log:28 - The name of the testcase passed is :TC_006_validateSearchByAvailableLocationName
2019-07-18 18:04:51 INFO  Log:28 - Closed the Browser
2019-07-18 18:04:51 INFO  Log:28 - test case ended
2019-07-18 18:04:51 INFO  Log:28 - test case started
2019-07-18 18:04:51 INFO  Log:28 - Launched Chrome Browser
2019-07-18 18:04:55 INFO  Log:28 - TC_007_validateSearchByUnavailableLocationName test case started
2019-07-18 18:04:55 INFO  Log:28 - OrangeHrm application is opened
2019-07-18 18:04:55 INFO  Log:28 - The URL of Orange HRM is loaded
2019-07-18 18:04:59 INFO  Log:28 - Login Page of Orange HRM is displayed
2019-07-18 18:04:59 INFO  Log:28 - Enter username:Admin
2019-07-18 18:04:59 INFO  Log:28 - Enter password:admin123
2019-07-18 18:04:59 INFO  Log:28 - Login credentails are provided
2019-07-18 18:04:59 INFO  Log:28 - Login button is clicked
2019-07-18 18:05:01 INFO  Log:28 - Home Page of Orange HRM is displayed
2019-07-18 18:05:01 INFO  Log:28 - The module Admin is found
2019-07-18 18:05:01 INFO  Log:28 - The sub-module Organization is found
2019-07-18 18:05:01 INFO  Log:28 - The section Locations is clicked
2019-07-18 18:05:03 INFO  Log:28 - Locations Page of Admin module of Orange HRM is displayed.
2019-07-18 18:05:03 INFO  Log:28 - The locations of Hyderabad R&D is searched.
2019-07-18 18:05:04 INFO  Log:28 - Search button is clicked.
2019-07-18 18:05:04 INFO  Log:28 - Search Button is clicked
2019-07-18 18:05:04 INFO  Log:28 - No Records Found for Hyderabad R&D.
2019-07-18 18:05:04 INFO  Log:28 - The name of the testcase passed is :TC_007_validateSearchByUnavailableLocationName
2019-07-18 18:05:04 INFO  Log:28 - Closed the Browser
2019-07-18 18:05:04 INFO  Log:28 - test case ended
2019-07-18 18:05:04 INFO  Log:28 - test case started
2019-07-18 18:05:04 INFO  Log:28 - Launched Chrome Browser
2019-07-18 18:05:08 INFO  Log:28 - TC_008_validateSearchByAvailableCityName test case started
2019-07-18 18:05:08 INFO  Log:28 - OrangeHrm application is opened
2019-07-18 18:05:08 INFO  Log:28 - The URL of Orange HRM is loaded
2019-07-18 18:05:12 INFO  Log:28 - Login Page of Orange HRM is displayed
2019-07-18 18:05:12 INFO  Log:28 - Enter username:Admin
2019-07-18 18:05:12 INFO  Log:28 - Enter password:admin123
2019-07-18 18:05:12 INFO  Log:28 - Login credentails are provided
2019-07-18 18:05:12 INFO  Log:28 - Login button is clicked
2019-07-18 18:05:13 INFO  Log:28 - Home Page of Orange HRM is displayed
2019-07-18 18:05:13 INFO  Log:28 - The module Admin is found
2019-07-18 18:05:13 INFO  Log:28 - The sub-module Organization is found
2019-07-18 18:05:14 INFO  Log:28 - The section Locations is clicked
2019-07-18 18:05:16 INFO  Log:28 - Locations Page of Admin module of Orange HRM is displayed.
2019-07-18 18:05:16 INFO  Log:28 - The locations of Vizag is searched.
2019-07-18 18:05:16 INFO  Log:28 - Search button is clicked.
2019-07-18 18:05:17 INFO  Log:28 - Search Button is clicked
2019-07-18 18:05:17 INFO  Log:28 - The results for Vizag were shown below.
2019-07-18 18:05:17 INFO  Log:28 - The name of the testcase passed is :TC_008_validateSearchByAvailableCityName
2019-07-18 18:05:17 INFO  Log:28 - Closed the Browser
2019-07-18 18:05:17 INFO  Log:28 - test case ended
2019-07-18 18:05:17 INFO  Log:28 - test case started
2019-07-18 18:05:17 INFO  Log:28 - Launched Chrome Browser
2019-07-18 18:05:20 INFO  Log:28 - TC_009_validateSearchByUnavailableCityName test case started
2019-07-18 18:05:20 INFO  Log:28 - OrangeHrm application is opened
2019-07-18 18:05:20 INFO  Log:28 - The URL of Orange HRM is loaded
2019-07-18 18:05:24 INFO  Log:28 - Login Page of Orange HRM is displayed
2019-07-18 18:05:24 INFO  Log:28 - Enter username:Admin
2019-07-18 18:05:24 INFO  Log:28 - Enter password:admin123
2019-07-18 18:05:24 INFO  Log:28 - Login credentails are provided
2019-07-18 18:05:24 INFO  Log:28 - Login button is clicked
2019-07-18 18:05:26 INFO  Log:28 - Home Page of Orange HRM is displayed
2019-07-18 18:05:26 INFO  Log:28 - The module Admin is found
2019-07-18 18:05:26 INFO  Log:28 - The sub-module Organization is found
2019-07-18 18:05:26 INFO  Log:28 - The section Locations is clicked
2019-07-18 18:05:28 INFO  Log:28 - Locations Page of Admin module of Orange HRM is displayed.
2019-07-18 18:05:28 INFO  Log:28 - The locations of Victoria is searched.
2019-07-18 18:05:28 INFO  Log:28 - Search button is clicked.
2019-07-18 18:05:29 INFO  Log:28 - Search Button is clicked
2019-07-18 18:05:29 INFO  Log:28 - No Records Found for Victoria.
2019-07-18 18:05:29 INFO  Log:28 - The name of the testcase passed is :TC_009_validateSearchByUnavailableCityName
2019-07-18 18:05:29 INFO  Log:28 - Closed the Browser
2019-07-18 18:05:29 INFO  Log:28 - test case ended
2019-07-18 18:05:29 INFO  Log:28 - test case started
2019-07-18 18:05:29 INFO  Log:28 - Launched Chrome Browser
2019-07-18 18:05:32 INFO  Log:28 - TC_010_validateSearchByAvailableCountry test case started
2019-07-18 18:05:32 INFO  Log:28 - OrangeHrm application is opened
2019-07-18 18:05:32 INFO  Log:28 - The URL of Orange HRM is loaded
2019-07-18 18:05:36 INFO  Log:28 - Login Page of Orange HRM is displayed
2019-07-18 18:05:37 INFO  Log:28 - Enter username:Admin
2019-07-18 18:05:37 INFO  Log:28 - Enter password:admin123
2019-07-18 18:05:37 INFO  Log:28 - Login credentails are provided
2019-07-18 18:05:37 INFO  Log:28 - Login button is clicked
2019-07-18 18:05:38 INFO  Log:28 - Home Page of Orange HRM is displayed
2019-07-18 18:05:38 INFO  Log:28 - The module Admin is found
2019-07-18 18:05:38 INFO  Log:28 - The sub-module Organization is found
2019-07-18 18:05:38 INFO  Log:28 - The section Locations is clicked
2019-07-18 18:05:41 INFO  Log:28 - Locations Page of Admin module of Orange HRM is displayed.
2019-07-18 18:05:41 INFO  Log:28 - The locations in the country United States is searched.
2019-07-18 18:05:41 INFO  Log:28 - Search button is clicked.
2019-07-18 18:05:41 INFO  Log:28 - Search Button is clicked
2019-07-18 18:05:41 INFO  Log:28 - The results for Afghanistan were shown below.
2019-07-18 18:05:41 INFO  Log:28 - The name of the testcase passed is :TC_010_validateSearchByAvailableCountry
2019-07-18 18:05:41 INFO  Log:28 - Closed the Browser
2019-07-18 18:05:41 INFO  Log:28 - test case ended
2019-07-18 18:05:41 INFO  Log:28 - test case started
2019-07-18 18:05:41 INFO  Log:28 - Launched Chrome Browser
2019-07-18 18:05:45 INFO  Log:28 - TC_011_validateSearchByUnavailableCountry test case started
2019-07-18 18:05:45 INFO  Log:28 - OrangeHrm application is opened
2019-07-18 18:05:45 INFO  Log:28 - The URL of Orange HRM is loaded
2019-07-18 18:05:49 INFO  Log:28 - Login Page of Orange HRM is displayed
2019-07-18 18:05:49 INFO  Log:28 - Enter username:Admin
2019-07-18 18:05:49 INFO  Log:28 - Enter password:admin123
2019-07-18 18:05:49 INFO  Log:28 - Login credentails are provided
2019-07-18 18:05:50 INFO  Log:28 - Login button is clicked
2019-07-18 18:05:51 INFO  Log:28 - Home Page of Orange HRM is displayed
2019-07-18 18:05:51 INFO  Log:28 - The module Admin is found
2019-07-18 18:05:51 INFO  Log:28 - The sub-module Organization is found
2019-07-18 18:05:51 INFO  Log:28 - The section Locations is clicked
2019-07-18 18:05:54 INFO  Log:28 - Locations Page of Admin module of Orange HRM is displayed.
2019-07-18 18:05:54 INFO  Log:28 - The locations in the country Afghanistan is searched.
2019-07-18 18:05:54 INFO  Log:28 - Search button is clicked.
2019-07-18 18:05:54 INFO  Log:28 - Search Button is clicked
2019-07-18 18:05:54 INFO  Log:28 - No Records Found for Afghanistan.
2019-07-18 18:05:54 INFO  Log:28 - The name of the testcase passed is :TC_011_validateSearchByUnavailableCountry
2019-07-18 18:05:54 INFO  Log:28 - Closed the Browser
2019-07-18 18:05:55 INFO  Log:28 - test case ended
2019-07-18 18:05:55 INFO  Log:28 - test case started
2019-07-18 18:05:55 INFO  Log:28 - Launched Chrome Browser
2019-07-18 18:05:58 INFO  Log:28 - TC_012_validateOptionsBar test case started
2019-07-18 18:05:58 INFO  Log:28 - OrangeHrm application is opened
2019-07-18 18:05:58 INFO  Log:28 - The URL of Orange HRM is loaded
2019-07-18 18:06:02 INFO  Log:28 - Login Page of Orange HRM is displayed
2019-07-18 18:06:02 INFO  Log:28 - Enter username:Admin
2019-07-18 18:06:02 INFO  Log:28 - Enter password:admin123
2019-07-18 18:06:02 INFO  Log:28 - Login credentails are provided
2019-07-18 18:06:02 INFO  Log:28 - Login button is clicked
2019-07-18 18:06:04 INFO  Log:28 - Home Page of Orange HRM is displayed
2019-07-18 18:06:04 INFO  Log:28 - The module Admin is found
2019-07-18 18:06:04 INFO  Log:28 - The sub-module Organization is found
2019-07-18 18:06:04 INFO  Log:28 - The section Locations is clicked
2019-07-18 18:06:06 INFO  Log:28 - Locations Page of Admin module of Orange HRM is displayed.
2019-07-18 18:06:06 INFO  Log:28 - Options bar is clicked to hide.
2019-07-18 18:06:06 INFO  Log:28 - Options Bar hidden and expanded successfully.
2019-07-18 18:06:06 INFO  Log:28 - The name of the testcase passed is :TC_012_validateOptionsBar
2019-07-18 18:06:06 INFO  Log:28 - Closed the Browser
2019-07-18 18:06:06 INFO  Log:28 - test case ended
2019-07-18 18:06:06 INFO  Log:28 - test case started
2019-07-18 18:06:06 INFO  Log:28 - Launched Chrome Browser
2019-07-18 18:06:10 INFO  Log:28 - TC_013_validateUpdatedCityInfo test case started
2019-07-18 18:06:10 INFO  Log:28 - OrangeHrm application is opened
2019-07-18 18:06:10 INFO  Log:28 - The URL of Orange HRM is loaded
2019-07-18 18:06:14 INFO  Log:28 - Login Page of Orange HRM is displayed
2019-07-18 18:06:14 INFO  Log:28 - Enter username:Admin
2019-07-18 18:06:14 INFO  Log:28 - Enter password:admin123
2019-07-18 18:06:14 INFO  Log:28 - Login credentails are provided
2019-07-18 18:06:14 INFO  Log:28 - Login button is clicked
2019-07-18 18:06:16 INFO  Log:28 - Home Page of Orange HRM is displayed
2019-07-18 18:06:16 INFO  Log:28 - The module Admin is found
2019-07-18 18:06:16 INFO  Log:28 - The sub-module Organization is found
2019-07-18 18:06:16 INFO  Log:28 - The section Locations is clicked
2019-07-18 18:06:18 INFO  Log:28 - Locations Page of Admin module of Orange HRM is displayed.
2019-07-18 18:06:18 INFO  Log:28 - The city Vizag R&D is clicked to get its respective details.
2019-07-18 18:06:19 INFO  Log:28 - Edit button is clicked.
2019-07-18 18:06:19 INFO  Log:28 - Edit Button is clicked
2019-07-18 18:06:19 INFO  Log:28 - The information of phone is updated with 1234567890.
2019-07-18 18:06:19 INFO  Log:28 - Save button is clicked.
2019-07-18 18:06:20 INFO  Log:28 - Save Button is clicked
2019-07-18 18:06:21 INFO  Log:28 - The city Vizag R&D is clicked to get its respective details.
2019-07-18 18:06:21 INFO  Log:28 - Information Updated Successfully.
2019-07-18 18:06:21 INFO  Log:28 - The name of the testcase passed is :TC_013_validateUpdatedCityInfo
2019-07-18 18:06:21 INFO  Log:28 - Closed the Browser
2019-07-18 18:06:21 INFO  Log:28 - test case ended
2019-07-18 18:06:21 INFO  Log:28 - test case started
2019-07-18 18:06:21 INFO  Log:28 - Launched Chrome Browser
2019-07-18 18:06:25 INFO  Log:28 - TC_014_deletingExistedLocation test case started
2019-07-18 18:06:25 INFO  Log:28 - OrangeHrm application is opened
2019-07-18 18:06:25 INFO  Log:28 - The URL of Orange HRM is loaded
2019-07-18 18:06:29 INFO  Log:28 - Login Page of Orange HRM is displayed
2019-07-18 18:06:29 INFO  Log:28 - Enter username:Admin
2019-07-18 18:06:29 INFO  Log:28 - Enter password:admin123
2019-07-18 18:06:29 INFO  Log:28 - Login credentails are provided
2019-07-18 18:06:29 INFO  Log:28 - Login button is clicked
2019-07-18 18:06:30 INFO  Log:28 - Home Page of Orange HRM is displayed
2019-07-18 18:06:30 INFO  Log:28 - The module Admin is found
2019-07-18 18:06:30 INFO  Log:28 - The sub-module Organization is found
2019-07-18 18:06:30 INFO  Log:28 - The section Locations is clicked
2019-07-18 18:06:33 INFO  Log:28 - Locations Page of Admin module of Orange HRM is displayed.
2019-07-18 18:06:33 INFO  Log:28 - The checkbox of Vizag R&D is enabled.
2019-07-18 18:06:33 INFO  Log:28 - Delete button is clicked.
2019-07-18 18:06:33 INFO  Log:28 - Delete Button is clicked
2019-07-18 18:06:33 INFO  Log:28 - OK button is clicked.
2019-07-18 18:06:35 INFO  Log:28 - The locations of Vizag R&D is searched.
2019-07-18 18:06:35 INFO  Log:28 - Search button is clicked.
2019-07-18 18:06:35 INFO  Log:28 - Search Button is clicked
2019-07-18 18:06:35 INFO  Log:28 - No Records Found for Vizag R&D.
2019-07-18 18:06:35 INFO  Log:28 - The name of the testcase passed is :TC_014_deletingExistedLocation
2019-07-18 18:06:35 INFO  Log:28 - Closed the Browser
2019-07-18 18:06:35 INFO  Log:28 - test case ended
2019-07-18 18:06:35 INFO  Log:28 - test case started
2019-07-18 18:06:35 INFO  Log:28 - Launched Chrome Browser
2019-07-18 18:06:39 INFO  Log:28 - TC_015_validateReset test case started
2019-07-18 18:06:39 INFO  Log:28 - OrangeHrm application is opened
2019-07-18 18:06:39 INFO  Log:28 - The URL of Orange HRM is loaded
2019-07-18 18:06:43 INFO  Log:28 - Login Page of Orange HRM is displayed
2019-07-18 18:06:43 INFO  Log:28 - Enter username:Admin
2019-07-18 18:06:43 INFO  Log:28 - Enter password:admin123
2019-07-18 18:06:43 INFO  Log:28 - Login credentails are provided
2019-07-18 18:06:43 INFO  Log:28 - Login button is clicked
2019-07-18 18:06:44 INFO  Log:28 - Home Page of Orange HRM is displayed
2019-07-18 18:06:44 INFO  Log:28 - The module Admin is found
2019-07-18 18:06:44 INFO  Log:28 - The sub-module Organization is found
2019-07-18 18:06:44 INFO  Log:28 - The section Locations is clicked
2019-07-18 18:06:47 INFO  Log:28 - Locations Page of Admin module of Orange HRM is displayed.
2019-07-18 18:06:47 INFO  Log:28 - The locations of Canadian Development Center is searched.
2019-07-18 18:06:47 INFO  Log:28 - Search button is clicked.
2019-07-18 18:06:47 INFO  Log:28 - Search Button is clicked
2019-07-18 18:06:47 INFO  Log:28 - The results for Canadian Development Center were shown below.
2019-07-18 18:06:48 INFO  Log:28 - Reset button is clicked.
2019-07-18 18:06:48 INFO  Log:28 - Reset Button is clicked
2019-07-18 18:06:48 INFO  Log:28 - Reset button is verified.
2019-07-18 18:06:48 INFO  Log:28 - The name of the testcase passed is :TC_015_validateReset
2019-07-18 18:06:48 INFO  Log:28 - Closed the Browser
2019-07-18 18:06:48 INFO  Log:28 - test case ended
2019-07-18 18:06:48 INFO  Log:28 - test case started
2019-07-18 18:06:48 INFO  Log:28 - Launched Chrome Browser
2019-07-18 18:06:51 INFO  Log:28 - TC_016_removeUnitOfStructure test case started
2019-07-18 18:06:51 INFO  Log:28 - OrangeHrm application is opened
2019-07-18 18:06:51 INFO  Log:28 - The URL of Orange HRM is loaded
2019-07-18 18:06:55 INFO  Log:28 - Login Page of Orange HRM is displayed
2019-07-18 18:06:56 INFO  Log:28 - Enter username:Admin
2019-07-18 18:06:56 INFO  Log:28 - Enter password:admin123
2019-07-18 18:06:56 INFO  Log:28 - Login credentails are provided
2019-07-18 18:06:56 INFO  Log:28 - Login button is clicked
2019-07-18 18:06:57 INFO  Log:28 - Home Page of Orange HRM is displayed
2019-07-18 18:06:57 INFO  Log:28 - The module Admin is found
2019-07-18 18:06:57 INFO  Log:28 - The sub-module Organization is found
2019-07-18 18:06:57 INFO  Log:28 - The section Structure is clicked
2019-07-18 18:07:00 INFO  Log:28 - Structure Page of Admin module of Orange HRM is displayed.
2019-07-18 18:07:00 INFO  Log:28 - Edit button is clicked.
2019-07-18 18:07:00 INFO  Log:28 - Edit Button is clicked
2019-07-18 18:07:00 INFO  Log:28 - The unit Sales is edited(x).
2019-07-18 18:07:00 INFO  Log:28 - OK button is clicked.
2019-07-18 18:07:01 INFO  Log:28 - The unit Sales is removed.
2019-07-18 18:07:01 INFO  Log:28 - The name of the testcase passed is :TC_016_removeUnitOfStructure
2019-07-18 18:07:01 INFO  Log:28 - Closed the Browser
2019-07-18 18:07:01 INFO  Log:28 - test case ended
2019-07-18 18:07:01 INFO  Log:28 - test case started
2019-07-18 18:07:01 INFO  Log:28 - Launched Chrome Browser
2019-07-18 18:07:05 INFO  Log:28 - TC_017_addUnitOfStructure test case started
2019-07-18 18:07:05 INFO  Log:28 - OrangeHrm application is opened
2019-07-18 18:07:05 INFO  Log:28 - The URL of Orange HRM is loaded
2019-07-18 18:07:09 INFO  Log:28 - Login Page of Orange HRM is displayed
2019-07-18 18:07:09 INFO  Log:28 - Enter username:Admin
2019-07-18 18:07:09 INFO  Log:28 - Enter password:admin123
2019-07-18 18:07:09 INFO  Log:28 - Login credentails are provided
2019-07-18 18:07:09 INFO  Log:28 - Login button is clicked
2019-07-18 18:07:11 INFO  Log:28 - Home Page of Orange HRM is displayed
2019-07-18 18:07:11 INFO  Log:28 - The module Admin is found
2019-07-18 18:07:11 INFO  Log:28 - The sub-module Organization is found
2019-07-18 18:07:11 INFO  Log:28 - The section Structure is clicked
2019-07-18 18:07:13 INFO  Log:28 - Structure Page of Admin module of Orange HRM is displayed.
2019-07-18 18:07:13 INFO  Log:28 - Edit button is clicked.
2019-07-18 18:07:13 INFO  Log:28 - Edit Button is clicked
2019-07-18 18:07:13 INFO  Log:28 - The unit OrangeHRM (Pvt) Ltd is edited(+).
2019-07-18 18:07:14 INFO  Log:28 - Updated the deatils of the unit.
2019-07-18 18:07:14 INFO  Log:28 - Save button is clicked.
2019-07-18 18:07:15 INFO  Log:28 - Save Button is clicked
2019-07-18 18:07:15 INFO  Log:28 - The unit Business is added.
2019-07-18 18:07:15 INFO  Log:28 - The name of the testcase passed is :TC_017_addUnitOfStructure
2019-07-18 18:07:15 INFO  Log:28 - Closed the Browser
2019-07-18 18:07:15 INFO  Log:28 - test case ended
2019-07-18 18:07:15 INFO  Log:28 - test case started
2019-07-18 18:07:15 INFO  Log:28 - Launched Chrome Browser
2019-07-18 18:07:19 INFO  Log:28 - TC_018_updateUnitOfStructure test case started
2019-07-18 18:07:19 INFO  Log:28 - OrangeHrm application is opened
2019-07-18 18:07:19 INFO  Log:28 - The URL of Orange HRM is loaded
2019-07-18 18:07:23 INFO  Log:28 - Login Page of Orange HRM is displayed
2019-07-18 18:07:23 INFO  Log:28 - Enter username:Admin
2019-07-18 18:07:23 INFO  Log:28 - Enter password:admin123
2019-07-18 18:07:23 INFO  Log:28 - Login credentails are provided
2019-07-18 18:07:23 INFO  Log:28 - Login button is clicked
2019-07-18 18:07:25 INFO  Log:28 - Home Page of Orange HRM is displayed
2019-07-18 18:07:25 INFO  Log:28 - The module Admin is found
2019-07-18 18:07:25 INFO  Log:28 - The sub-module Organization is found
2019-07-18 18:07:25 INFO  Log:28 - The section Structure is clicked
2019-07-18 18:07:27 INFO  Log:28 - Structure Page of Admin module of Orange HRM is displayed.
2019-07-18 18:07:27 INFO  Log:28 - Edit button is clicked.
2019-07-18 18:07:27 INFO  Log:28 - Edit Button is clicked
2019-07-18 18:07:27 INFO  Log:28 - The unit Business is clicked.
2019-07-18 18:07:28 INFO  Log:28 - Updated the deatils of the unit.
2019-07-18 18:07:28 INFO  Log:28 - Save button is clicked.
2019-07-18 18:07:29 INFO  Log:28 - Save Button is clicked
2019-07-18 18:07:30 INFO  Log:28 - The unit Sales is added.
2019-07-18 18:07:30 INFO  Log:28 - The name of the testcase passed is :TC_018_updateUnitOfStructure
2019-07-18 18:07:30 INFO  Log:28 - Closed the Browser
2019-07-18 18:07:30 INFO  Log:28 - test case ended
2019-07-18 18:07:30 INFO  Log:28 - test case started
2019-07-18 18:07:30 INFO  Log:28 - Launched Chrome Browser
2019-07-18 18:07:33 INFO  Log:28 - tc_001_validateSearch_ValidEmpName test case started
2019-07-18 18:07:33 INFO  Log:28 - Test case: tc_001_validateSearch_ValidEmpNameis started
2019-07-18 18:07:33 INFO  Log:28 - OrangeHrm application is opened
2019-07-18 18:07:33 INFO  Log:28 - The URL of Orange HRM is loaded
2019-07-18 18:07:37 INFO  Log:28 - Login Page of Orange HRM is displayed
2019-07-18 18:07:37 INFO  Log:28 - Enter username:Admin
2019-07-18 18:07:37 INFO  Log:28 - Enter password:admin123
2019-07-18 18:07:37 INFO  Log:28 - Login credentails are provided
2019-07-18 18:07:37 INFO  Log:28 - Login button is clicked
2019-07-18 18:07:39 INFO  Log:28 - Home Page of Orange HRM is displayed
2019-07-18 18:07:39 INFO  Log:28 - The module PIM is found
2019-07-18 18:07:39 INFO  Log:28 - The sub-module Employee List is clicked
2019-07-18 18:07:42 INFO  Log:28 - Employee List Module is opened
2019-07-18 18:07:42 INFO  Log:28 - Employee List Page of PIM module of Orange HRM is displayed.
2019-07-18 18:07:42 INFO  Log:28 - empname is provided
2019-07-18 18:07:42 INFO  Log:28 - Search button is clicked.
2019-07-18 18:07:42 INFO  Log:28 - Search Button is clicked
2019-07-18 18:07:44 INFO  Log:28 - validation is done
2019-07-18 18:07:44 INFO  Log:28 - Test case: tc_001_validateSearch_ValidEmpNameis completed
2019-07-18 18:07:44 INFO  Log:28 - The name of the testcase passed is :tc_001_validateSearch_ValidEmpName
2019-07-18 18:07:44 INFO  Log:28 - Closed the Browser
2019-07-18 18:07:44 INFO  Log:28 - test case ended
2019-07-18 18:07:44 INFO  Log:28 - test case started
2019-07-18 18:07:44 INFO  Log:28 - Launched Chrome Browser
2019-07-18 18:07:47 INFO  Log:28 - tc_002_validateSearch_InvalidEmpName test case started
2019-07-18 18:07:47 INFO  Log:28 - Test case:tc_002_validateSearch_InvalidEmpNameis started
2019-07-18 18:07:47 INFO  Log:28 - OrangeHrm application is opened
2019-07-18 18:07:47 INFO  Log:28 - The URL of Orange HRM is loaded
2019-07-18 18:07:51 INFO  Log:28 - Login Page of Orange HRM is displayed
2019-07-18 18:07:51 INFO  Log:28 - Enter username:Admin
2019-07-18 18:07:51 INFO  Log:28 - Enter password:admin123
2019-07-18 18:07:51 INFO  Log:28 - Login credentails are provided
2019-07-18 18:07:51 INFO  Log:28 - Login button is clicked
2019-07-18 18:07:53 INFO  Log:28 - Home Page of Orange HRM is displayed
2019-07-18 18:07:53 INFO  Log:28 - The module PIM is found
2019-07-18 18:07:53 INFO  Log:28 - The sub-module Employee List is clicked
2019-07-18 18:07:55 INFO  Log:28 - Employee List Module is opened
2019-07-18 18:07:55 INFO  Log:28 - Employee List Page of PIM module of Orange HRM is displayed.
2019-07-18 18:07:56 INFO  Log:28 - empname is provided
2019-07-18 18:07:56 INFO  Log:28 - Search button is clicked.
2019-07-18 18:07:56 INFO  Log:28 - Search Button is clicked
2019-07-18 18:07:56 INFO  Log:28 - validation is done
2019-07-18 18:07:56 INFO  Log:28 - Test case: tc_002_validateSearch_InvalidEmpNameis completed
2019-07-18 18:07:56 INFO  Log:28 - The name of the testcase passed is :tc_002_validateSearch_InvalidEmpName
2019-07-18 18:07:56 INFO  Log:28 - Closed the Browser
2019-07-18 18:07:56 INFO  Log:28 - test case ended
2019-07-18 18:07:56 INFO  Log:28 - test case started
2019-07-18 18:07:56 INFO  Log:28 - Launched Chrome Browser
2019-07-18 18:07:59 INFO  Log:28 - tc_003_validateSearch_ValidEmpId test case started
2019-07-18 18:07:59 INFO  Log:28 - Test case:tc_003_validateSearch_ValidEmpIdis started
2019-07-18 18:07:59 INFO  Log:28 - OrangeHrm application is opened
2019-07-18 18:07:59 INFO  Log:28 - The URL of Orange HRM is loaded
2019-07-18 18:08:04 INFO  Log:28 - Login Page of Orange HRM is displayed
2019-07-18 18:08:04 INFO  Log:28 - Enter username:Admin
2019-07-18 18:08:04 INFO  Log:28 - Enter password:admin123
2019-07-18 18:08:04 INFO  Log:28 - Login credentails are provided
2019-07-18 18:08:04 INFO  Log:28 - Login button is clicked
2019-07-18 18:08:05 INFO  Log:28 - Home Page of Orange HRM is displayed
2019-07-18 18:08:05 INFO  Log:28 - The module PIM is found
2019-07-18 18:08:05 INFO  Log:28 - The sub-module Employee List is clicked
2019-07-18 18:08:08 INFO  Log:28 - Employee List Module is opened
2019-07-18 18:08:08 INFO  Log:28 - Employee List Page of PIM module of Orange HRM is displayed.
2019-07-18 18:08:08 INFO  Log:28 - empid  is provided
2019-07-18 18:08:08 INFO  Log:28 - Search button is clicked.
2019-07-18 18:08:09 INFO  Log:28 - Search Button is clicked
2019-07-18 18:08:10 INFO  Log:28 - validation is done
2019-07-18 18:08:10 INFO  Log:28 - Test case: tc_003_validateSearch_ValidEmpIdis completed
2019-07-18 18:08:10 INFO  Log:28 - The name of the testcase passed is :tc_003_validateSearch_ValidEmpId
2019-07-18 18:08:10 INFO  Log:28 - Closed the Browser
2019-07-18 18:08:10 INFO  Log:28 - test case ended
2019-07-18 18:08:10 INFO  Log:28 - test case started
2019-07-18 18:08:10 INFO  Log:28 - Launched Chrome Browser
2019-07-18 18:08:13 INFO  Log:28 - tc_004_validateSearch_InvalidEmpId test case started
2019-07-18 18:08:13 INFO  Log:28 - Test case:tc_004_validateSearch_InvalidEmpIdis started
2019-07-18 18:08:13 INFO  Log:28 - OrangeHrm application is opened
2019-07-18 18:08:13 INFO  Log:28 - The URL of Orange HRM is loaded
2019-07-18 18:08:17 INFO  Log:28 - Login Page of Orange HRM is displayed
2019-07-18 18:08:18 INFO  Log:28 - Enter username:Admin
2019-07-18 18:08:18 INFO  Log:28 - Enter password:admin123
2019-07-18 18:08:18 INFO  Log:28 - Login credentails are provided
2019-07-18 18:08:18 INFO  Log:28 - Login button is clicked
2019-07-18 18:08:19 INFO  Log:28 - Home Page of Orange HRM is displayed
2019-07-18 18:08:19 INFO  Log:28 - The module PIM is found
2019-07-18 18:08:19 INFO  Log:28 - The sub-module Employee List is clicked
2019-07-18 18:08:22 INFO  Log:28 - Employee List Module is opened
2019-07-18 18:08:22 INFO  Log:28 - Employee List Page of PIM module of Orange HRM is displayed.
2019-07-18 18:08:22 INFO  Log:28 - empid  is provided
2019-07-18 18:08:22 INFO  Log:28 - Search button is clicked.
2019-07-18 18:08:23 INFO  Log:28 - Search Button is clicked
2019-07-18 18:08:23 INFO  Log:28 - validation is done
2019-07-18 18:08:23 INFO  Log:28 - Test case: tc_004_validateSearch_InvalidEmpIdis completed
2019-07-18 18:08:23 INFO  Log:28 - The name of the testcase passed is :tc_004_validateSearch_InvalidEmpId
2019-07-18 18:08:23 INFO  Log:28 - Closed the Browser
2019-07-18 18:08:23 INFO  Log:28 - test case ended
2019-07-18 18:08:23 INFO  Log:28 - test case started
2019-07-18 18:08:23 INFO  Log:28 - Launched Chrome Browser
2019-07-18 18:08:26 INFO  Log:28 - tc_005_validateSearch_EmpStatus test case started
2019-07-18 18:08:26 INFO  Log:28 - Test case:tc_005_validateSearch_EmpStatusis started
2019-07-18 18:08:26 INFO  Log:28 - OrangeHrm application is opened
2019-07-18 18:08:26 INFO  Log:28 - The URL of Orange HRM is loaded
2019-07-18 18:08:30 INFO  Log:28 - Login Page of Orange HRM is displayed
2019-07-18 18:08:30 INFO  Log:28 - Enter username:Admin
2019-07-18 18:08:30 INFO  Log:28 - Enter password:admin123
2019-07-18 18:08:30 INFO  Log:28 - Login credentails are provided
2019-07-18 18:08:30 INFO  Log:28 - Login button is clicked
2019-07-18 18:08:32 INFO  Log:28 - Home Page of Orange HRM is displayed
2019-07-18 18:08:32 INFO  Log:28 - The module PIM is found
2019-07-18 18:08:32 INFO  Log:28 - The sub-module Employee List is clicked
2019-07-18 18:08:35 INFO  Log:28 - Employee List Module is opened
2019-07-18 18:08:35 INFO  Log:28 - Employee List Page of PIM module of Orange HRM is displayed.
2019-07-18 18:08:35 INFO  Log:28 - emp status is selected
2019-07-18 18:08:35 INFO  Log:28 - Search button is clicked.
2019-07-18 18:08:35 INFO  Log:28 - Search Button is clicked
2019-07-18 18:08:36 INFO  Log:28 - validation is done
2019-07-18 18:08:36 INFO  Log:28 - Test case: tc_005_validateSearch_EmpStatusis completed
2019-07-18 18:08:36 INFO  Log:28 - The name of the testcase passed is :tc_005_validateSearch_EmpStatus
2019-07-18 18:08:36 INFO  Log:28 - Closed the Browser
2019-07-18 18:08:37 INFO  Log:28 - test case ended
2019-07-18 18:08:37 INFO  Log:28 - test case started
2019-07-18 18:08:37 INFO  Log:28 - Launched Chrome Browser
2019-07-18 18:08:40 INFO  Log:28 - tc_006_validateSearch_EmpJobTitle test case started
2019-07-18 18:08:40 INFO  Log:28 - Test case:tc_006_validateSearch_EmpJobTitleis started
2019-07-18 18:08:40 INFO  Log:28 - OrangeHrm application is opened
2019-07-18 18:08:40 INFO  Log:28 - The URL of Orange HRM is loaded
2019-07-18 18:08:44 INFO  Log:28 - Login Page of Orange HRM is displayed
2019-07-18 18:08:44 INFO  Log:28 - Enter username:Admin
2019-07-18 18:08:44 INFO  Log:28 - Enter password:admin123
2019-07-18 18:08:44 INFO  Log:28 - Login credentails are provided
2019-07-18 18:08:44 INFO  Log:28 - Login button is clicked
2019-07-18 18:08:46 INFO  Log:28 - Home Page of Orange HRM is displayed
2019-07-18 18:08:46 INFO  Log:28 - The module PIM is found
2019-07-18 18:08:46 INFO  Log:28 - The sub-module Employee List is clicked
2019-07-18 18:08:48 INFO  Log:28 - Employee List Module is opened
2019-07-18 18:08:48 INFO  Log:28 - Employee List Page of PIM module of Orange HRM is displayed.
2019-07-18 18:08:49 INFO  Log:28 - jobtitile is selected
2019-07-18 18:08:49 INFO  Log:28 - Search button is clicked.
2019-07-18 18:08:49 INFO  Log:28 - Search Button is clicked
2019-07-18 18:08:50 INFO  Log:28 - validation is done
2019-07-18 18:08:50 INFO  Log:28 - Test case: tc_006_validateSearch_EmpJobTitleis completed
2019-07-18 18:08:50 INFO  Log:28 - The name of the testcase passed is :tc_006_validateSearch_EmpJobTitle
2019-07-18 18:08:50 INFO  Log:28 - Closed the Browser
2019-07-18 18:08:50 INFO  Log:28 - test case ended
2019-07-18 18:08:50 INFO  Log:28 - test case started
2019-07-18 18:08:50 INFO  Log:28 - Launched Chrome Browser
2019-07-18 18:08:54 INFO  Log:28 - tc_007_validateSearch_EmpSubUnit test case started
2019-07-18 18:08:54 INFO  Log:28 - Test case:tc_007_validateSearch_EmpSubUnitis started
2019-07-18 18:08:54 INFO  Log:28 - OrangeHrm application is opened
2019-07-18 18:08:54 INFO  Log:28 - The URL of Orange HRM is loaded
2019-07-18 18:08:58 INFO  Log:28 - Login Page of Orange HRM is displayed
2019-07-18 18:08:58 INFO  Log:28 - Enter username:Admin
2019-07-18 18:08:58 INFO  Log:28 - Enter password:admin123
2019-07-18 18:08:58 INFO  Log:28 - Login credentails are provided
2019-07-18 18:08:58 INFO  Log:28 - Login button is clicked
2019-07-18 18:08:59 INFO  Log:28 - Home Page of Orange HRM is displayed
2019-07-18 18:08:59 INFO  Log:28 - The module PIM is found
2019-07-18 18:08:59 INFO  Log:28 - The sub-module Employee List is clicked
2019-07-18 18:09:02 INFO  Log:28 - Employee List Module is opened
2019-07-18 18:09:02 INFO  Log:28 - Employee List Page of PIM module of Orange HRM is displayed.
2019-07-18 18:09:02 INFO  Log:28 - subunit is selected
2019-07-18 18:09:02 INFO  Log:28 - Search button is clicked.
2019-07-18 18:09:03 INFO  Log:28 - Search Button is clicked
2019-07-18 18:09:04 INFO  Log:28 - validation is done
2019-07-18 18:09:04 INFO  Log:28 - Test case: tc_007_validateSearch_EmpSubUnitis completed
2019-07-18 18:09:04 INFO  Log:28 - The name of the testcase passed is :tc_007_validateSearch_EmpSubUnit
2019-07-18 18:09:04 INFO  Log:28 - Closed the Browser
2019-07-18 18:09:04 INFO  Log:28 - test case ended
2019-07-18 18:09:04 INFO  Log:28 - test case started
2019-07-18 18:09:04 INFO  Log:28 - Launched Chrome Browser
2019-07-18 18:09:07 INFO  Log:28 - tc_008_validateSearch_ValidEmpName_ValidEmpId test case started
2019-07-18 18:09:07 INFO  Log:28 - Test case:tc_008_validateSearch_ValidEmpName_ValidEmpIdis started
2019-07-18 18:09:07 INFO  Log:28 - OrangeHrm application is opened
2019-07-18 18:09:07 INFO  Log:28 - The URL of Orange HRM is loaded
2019-07-18 18:09:11 INFO  Log:28 - Login Page of Orange HRM is displayed
2019-07-18 18:09:11 INFO  Log:28 - Enter username:Admin
2019-07-18 18:09:11 INFO  Log:28 - Enter password:admin123
2019-07-18 18:09:12 INFO  Log:28 - Login credentails are provided
2019-07-18 18:09:12 INFO  Log:28 - Login button is clicked
2019-07-18 18:09:13 INFO  Log:28 - Home Page of Orange HRM is displayed
2019-07-18 18:09:13 INFO  Log:28 - The module PIM is found
2019-07-18 18:09:13 INFO  Log:28 - The sub-module Employee List is clicked
2019-07-18 18:09:16 INFO  Log:28 - Employee List Module is opened
2019-07-18 18:09:16 INFO  Log:28 - Employee List Page of PIM module of Orange HRM is displayed.
2019-07-18 18:09:16 INFO  Log:28 - empname is provided
2019-07-18 18:09:16 INFO  Log:28 - empid  is provided
2019-07-18 18:09:16 INFO  Log:28 - Search button is clicked.
2019-07-18 18:09:17 INFO  Log:28 - Search Button is clicked
2019-07-18 18:09:18 INFO  Log:28 - validation is done
2019-07-18 18:09:18 INFO  Log:28 - Test case: tc_008_validateSearch_ValidEmpName_ValidEmpIdis completed
2019-07-18 18:09:18 INFO  Log:28 - The name of the testcase passed is :tc_008_validateSearch_ValidEmpName_ValidEmpId
2019-07-18 18:09:18 INFO  Log:28 - Closed the Browser
2019-07-18 18:09:18 INFO  Log:28 - test case ended
2019-07-18 18:09:18 INFO  Log:28 - test case started
2019-07-18 18:09:18 INFO  Log:28 - Launched Chrome Browser
2019-07-18 18:09:21 INFO  Log:28 - tc_009_validateSearch_ValidEmpName_InvalidEmpId test case started
2019-07-18 18:09:21 INFO  Log:28 - Test case:tc_009_validateSearch_ValidEmpName_InvalidEmpIdis started
2019-07-18 18:09:21 INFO  Log:28 - OrangeHrm application is opened
2019-07-18 18:09:21 INFO  Log:28 - The URL of Orange HRM is loaded
2019-07-18 18:09:25 INFO  Log:28 - Login Page of Orange HRM is displayed
2019-07-18 18:09:25 INFO  Log:28 - Enter username:Admin
2019-07-18 18:09:25 INFO  Log:28 - Enter password:admin123
2019-07-18 18:09:25 INFO  Log:28 - Login credentails are provided
2019-07-18 18:09:25 INFO  Log:28 - Login button is clicked
2019-07-18 18:09:27 INFO  Log:28 - Home Page of Orange HRM is displayed
2019-07-18 18:09:27 INFO  Log:28 - The module PIM is found
2019-07-18 18:09:27 INFO  Log:28 - The sub-module Employee List is clicked
2019-07-18 18:09:30 INFO  Log:28 - Employee List Module is opened
2019-07-18 18:09:30 INFO  Log:28 - Employee List Page of PIM module of Orange HRM is displayed.
2019-07-18 18:09:30 INFO  Log:28 - empname is provided
2019-07-18 18:09:30 INFO  Log:28 - empid  is provided
2019-07-18 18:09:30 INFO  Log:28 - Search button is clicked.
2019-07-18 18:09:30 INFO  Log:28 - Search Button is clicked
2019-07-18 18:09:31 INFO  Log:28 - validation is done
2019-07-18 18:09:31 INFO  Log:28 - Test case: tc_009_validateSearch_ValidEmpName_InvalidEmpIdis completed
2019-07-18 18:09:31 INFO  Log:28 - The name of the testcase passed is :tc_009_validateSearch_ValidEmpName_InvalidEmpId
2019-07-18 18:09:31 INFO  Log:28 - Closed the Browser
2019-07-18 18:09:31 INFO  Log:28 - test case ended
2019-07-18 18:09:31 INFO  Log:28 - test case started
2019-07-18 18:09:31 INFO  Log:28 - Launched Chrome Browser
2019-07-18 18:09:34 INFO  Log:28 - tc_010_validateSearch_InvalidEmpName_ValidEmpId test case started
2019-07-18 18:09:34 INFO  Log:28 - Test case:tc_010_validateSearch_InvalidEmpName_ValidEmpIdis started
2019-07-18 18:09:34 INFO  Log:28 - OrangeHrm application is opened
2019-07-18 18:09:34 INFO  Log:28 - The URL of Orange HRM is loaded
2019-07-18 18:09:38 INFO  Log:28 - Login Page of Orange HRM is displayed
2019-07-18 18:09:38 INFO  Log:28 - Enter username:Admin
2019-07-18 18:09:38 INFO  Log:28 - Enter password:admin123
2019-07-18 18:09:38 INFO  Log:28 - Login credentails are provided
2019-07-18 18:09:38 INFO  Log:28 - Login button is clicked
2019-07-18 18:09:40 INFO  Log:28 - Home Page of Orange HRM is displayed
2019-07-18 18:09:40 INFO  Log:28 - The module PIM is found
2019-07-18 18:09:40 INFO  Log:28 - The sub-module Employee List is clicked
2019-07-18 18:09:43 INFO  Log:28 - Employee List Module is opened
2019-07-18 18:09:43 INFO  Log:28 - Employee List Page of PIM module of Orange HRM is displayed.
2019-07-18 18:09:43 INFO  Log:28 - empname is provided
2019-07-18 18:09:43 INFO  Log:28 - empid  is provided
2019-07-18 18:09:43 INFO  Log:28 - Search button is clicked.
2019-07-18 18:09:43 INFO  Log:28 - Search Button is clicked
2019-07-18 18:09:43 INFO  Log:28 - validation is done
2019-07-18 18:09:43 INFO  Log:28 - Test case: tc_010_validateSearch_InvalidEmpName_ValidEmpIdis completed
2019-07-18 18:09:43 INFO  Log:28 - The name of the testcase passed is :tc_010_validateSearch_InvalidEmpName_ValidEmpId
2019-07-18 18:09:43 INFO  Log:28 - Closed the Browser
2019-07-18 18:09:43 INFO  Log:28 - test case ended
2019-07-18 18:09:43 INFO  Log:28 - test case started
2019-07-18 18:09:43 INFO  Log:28 - Launched Chrome Browser
2019-07-18 18:09:47 INFO  Log:28 - tc_011_validateSearch_InvalidEmpName_InValidEmpId test case started
2019-07-18 18:09:47 INFO  Log:28 - Test case:tc_011_validateSearch_InvalidEmpName_InValidEmpIdis started
2019-07-18 18:09:47 INFO  Log:28 - OrangeHrm application is opened
2019-07-18 18:09:47 INFO  Log:28 - The URL of Orange HRM is loaded
2019-07-18 18:09:51 INFO  Log:28 - Login Page of Orange HRM is displayed
2019-07-18 18:09:51 INFO  Log:28 - Enter username:Admin
2019-07-18 18:09:51 INFO  Log:28 - Enter password:admin123
2019-07-18 18:09:51 INFO  Log:28 - Login credentails are provided
2019-07-18 18:09:51 INFO  Log:28 - Login button is clicked
2019-07-18 18:09:53 INFO  Log:28 - Home Page of Orange HRM is displayed
2019-07-18 18:09:53 INFO  Log:28 - The module PIM is found
2019-07-18 18:09:53 INFO  Log:28 - The sub-module Employee List is clicked
2019-07-18 18:09:55 INFO  Log:28 - Employee List Module is opened
2019-07-18 18:09:55 INFO  Log:28 - Employee List Page of PIM module of Orange HRM is displayed.
2019-07-18 18:09:55 INFO  Log:28 - empname is provided
2019-07-18 18:09:55 INFO  Log:28 - empid  is provided
2019-07-18 18:09:55 INFO  Log:28 - Search button is clicked.
2019-07-18 18:09:56 INFO  Log:28 - Search Button is clicked
2019-07-18 18:09:56 INFO  Log:28 - validation is done
2019-07-18 18:09:56 INFO  Log:28 - Test case: tc_011_validateSearch_InvalidEmpName_InValidEmpIdis completed
2019-07-18 18:09:56 INFO  Log:28 - The name of the testcase passed is :tc_011_validateSearch_InvalidEmpName_InValidEmpId
2019-07-18 18:09:56 INFO  Log:28 - Closed the Browser
2019-07-18 18:09:56 INFO  Log:28 - test case ended
2019-07-18 18:09:56 INFO  Log:28 - test case started
2019-07-18 18:09:56 INFO  Log:28 - Launched Chrome Browser
2019-07-18 18:09:59 INFO  Log:28 - tc_012_validateSearch_ValidSupervisorName test case started
2019-07-18 18:09:59 INFO  Log:28 - Test case:tc_012_validateSearch_ValidSupervisorNameis started
2019-07-18 18:09:59 INFO  Log:28 - OrangeHrm application is opened
2019-07-18 18:09:59 INFO  Log:28 - The URL of Orange HRM is loaded
2019-07-18 18:10:04 INFO  Log:28 - Login Page of Orange HRM is displayed
2019-07-18 18:10:04 INFO  Log:28 - Enter username:Admin
2019-07-18 18:10:04 INFO  Log:28 - Enter password:admin123
2019-07-18 18:10:04 INFO  Log:28 - Login credentails are provided
2019-07-18 18:10:04 INFO  Log:28 - Login button is clicked
2019-07-18 18:10:05 INFO  Log:28 - Home Page of Orange HRM is displayed
2019-07-18 18:10:05 INFO  Log:28 - The module PIM is found
2019-07-18 18:10:05 INFO  Log:28 - The sub-module Employee List is clicked
2019-07-18 18:10:08 INFO  Log:28 - Employee List Module is opened
2019-07-18 18:10:08 INFO  Log:28 - Employee List Page of PIM module of Orange HRM is displayed.
2019-07-18 18:10:08 INFO  Log:28 - supervisor name is provided
2019-07-18 18:10:08 INFO  Log:28 - Search button is clicked.
2019-07-18 18:10:09 INFO  Log:28 - Search Button is clicked
2019-07-18 18:10:09 INFO  Log:28 - validation is done
2019-07-18 18:10:09 INFO  Log:28 - Test case: tc_012_validateSearch_ValidSupervisorNameis completed
2019-07-18 18:10:09 INFO  Log:28 - The name of the testcase passed is :tc_012_validateSearch_ValidSupervisorName
2019-07-18 18:10:09 INFO  Log:28 - Closed the Browser
2019-07-18 18:10:09 INFO  Log:28 - test case ended
2019-07-18 18:10:09 INFO  Log:28 - test case started
2019-07-18 18:10:09 INFO  Log:28 - Launched Chrome Browser
2019-07-18 18:10:12 INFO  Log:28 - tc_013_validateSearch_InvalidSupervisorName test case started
2019-07-18 18:10:12 INFO  Log:28 - Test case:tc_013_validateSearch_InvalidSupervisorNameis started
2019-07-18 18:10:12 INFO  Log:28 - OrangeHrm application is opened
2019-07-18 18:10:12 INFO  Log:28 - The URL of Orange HRM is loaded
2019-07-18 18:10:16 INFO  Log:28 - Login Page of Orange HRM is displayed
2019-07-18 18:10:16 INFO  Log:28 - Enter username:Admin
2019-07-18 18:10:16 INFO  Log:28 - Enter password:admin123
2019-07-18 18:10:16 INFO  Log:28 - Login credentails are provided
2019-07-18 18:10:16 INFO  Log:28 - Login button is clicked
2019-07-18 18:10:18 INFO  Log:28 - Home Page of Orange HRM is displayed
2019-07-18 18:10:18 INFO  Log:28 - The module PIM is found
2019-07-18 18:10:18 INFO  Log:28 - The sub-module Employee List is clicked
2019-07-18 18:10:21 INFO  Log:28 - Employee List Module is opened
2019-07-18 18:10:21 INFO  Log:28 - Employee List Page of PIM module of Orange HRM is displayed.
2019-07-18 18:10:21 INFO  Log:28 - supervisor name is provided
2019-07-18 18:10:21 INFO  Log:28 - Search button is clicked.
2019-07-18 18:10:21 INFO  Log:28 - Search Button is clicked
2019-07-18 18:10:21 INFO  Log:28 - validation is done
2019-07-18 18:10:21 INFO  Log:28 - Test case: tc_013_validateSearch_InvalidSupervisorNameis completed
2019-07-18 18:10:21 INFO  Log:28 - The name of the testcase passed is :tc_013_validateSearch_InvalidSupervisorName
2019-07-18 18:10:21 INFO  Log:28 - Closed the Browser
2019-07-18 18:10:22 INFO  Log:28 - test case ended
2019-07-18 18:10:22 INFO  Log:28 - test case started
2019-07-18 18:10:22 INFO  Log:28 - Launched Chrome Browser
2019-07-18 18:10:25 INFO  Log:28 - tc_014_validateSearch_ValidEmpName_ValidEmpId_InvalidSupervisorName test case started
2019-07-18 18:10:25 INFO  Log:28 - Test case:tc_014_validateSearch_ValidEmpName_ValidEmpId_InvalidSupervisorNameis started
2019-07-18 18:10:25 INFO  Log:28 - OrangeHrm application is opened
2019-07-18 18:10:25 INFO  Log:28 - The URL of Orange HRM is loaded
2019-07-18 18:10:29 INFO  Log:28 - Login Page of Orange HRM is displayed
2019-07-18 18:10:29 INFO  Log:28 - Enter username:Admin
2019-07-18 18:10:29 INFO  Log:28 - Enter password:admin123
2019-07-18 18:10:29 INFO  Log:28 - Login credentails are provided
2019-07-18 18:10:29 INFO  Log:28 - Login button is clicked
2019-07-18 18:10:31 INFO  Log:28 - Home Page of Orange HRM is displayed
2019-07-18 18:10:31 INFO  Log:28 - The module PIM is found
2019-07-18 18:10:31 INFO  Log:28 - The sub-module Employee List is clicked
2019-07-18 18:10:34 INFO  Log:28 - Employee List Module is opened
2019-07-18 18:10:34 INFO  Log:28 - Employee List Page of PIM module of Orange HRM is displayed.
2019-07-18 18:10:34 INFO  Log:28 - empname is provided
2019-07-18 18:10:34 INFO  Log:28 - empid  is provided
2019-07-18 18:10:34 INFO  Log:28 - supervisor name is provided
2019-07-18 18:10:34 INFO  Log:28 - Search button is clicked.
2019-07-18 18:10:35 INFO  Log:28 - Search Button is clicked
2019-07-18 18:10:35 INFO  Log:28 - validation is done
2019-07-18 18:10:35 INFO  Log:28 - Test case: tc_014_validateSearch_ValidEmpName_ValidEmpId_InvalidSupervisorNameis completed
2019-07-18 18:10:35 INFO  Log:28 - The name of the testcase passed is :tc_014_validateSearch_ValidEmpName_ValidEmpId_InvalidSupervisorName
2019-07-18 18:10:35 INFO  Log:28 - Closed the Browser
2019-07-18 18:10:35 INFO  Log:28 - test case ended
2019-07-18 18:10:35 INFO  Log:28 - test case started
2019-07-18 18:10:35 INFO  Log:28 - Launched Chrome Browser
2019-07-18 18:10:39 INFO  Log:28 - tc_015_validateSearch_ValidEmpName_ValidEmpId_ValidSupervisorName test case started
2019-07-18 18:10:39 INFO  Log:28 - tc_015_validateSearch_ValidEmpName_ValidEmpId_ValidSupervisorNameis started
2019-07-18 18:10:39 INFO  Log:28 - OrangeHrm application is opened
2019-07-18 18:10:39 INFO  Log:28 - The URL of Orange HRM is loaded
2019-07-18 18:10:43 INFO  Log:28 - Login Page of Orange HRM is displayed
2019-07-18 18:10:43 INFO  Log:28 - Enter username:Admin
2019-07-18 18:10:43 INFO  Log:28 - Enter password:admin123
2019-07-18 18:10:43 INFO  Log:28 - Login credentails are provided
2019-07-18 18:10:43 INFO  Log:28 - Login button is clicked
2019-07-18 18:10:45 INFO  Log:28 - Home Page of Orange HRM is displayed
2019-07-18 18:10:45 INFO  Log:28 - The module PIM is found
2019-07-18 18:10:45 INFO  Log:28 - The sub-module Employee List is clicked
2019-07-18 18:10:48 INFO  Log:28 - Employee List Module is opened
2019-07-18 18:10:48 INFO  Log:28 - Employee List Page of PIM module of Orange HRM is displayed.
2019-07-18 18:10:48 INFO  Log:28 - empname is provided
2019-07-18 18:10:48 INFO  Log:28 - empid  is provided
2019-07-18 18:10:48 INFO  Log:28 - supervisor name is provided
2019-07-18 18:10:48 INFO  Log:28 - Search button is clicked.
2019-07-18 18:10:49 INFO  Log:28 - Search Button is clicked
2019-07-18 18:10:49 INFO  Log:28 - validation is done
2019-07-18 18:10:49 INFO  Log:28 - Test case: tc_015_validateSearch_ValidEmpName_ValidEmpId_ValidSupervisorNameis completed
2019-07-18 18:10:49 INFO  Log:28 - The name of the testcase passed is :tc_015_validateSearch_ValidEmpName_ValidEmpId_ValidSupervisorName
2019-07-18 18:10:49 INFO  Log:28 - Closed the Browser
2019-07-18 18:10:49 INFO  Log:28 - test case ended
2019-07-18 18:10:49 INFO  Log:28 - test case started
2019-07-18 18:10:49 INFO  Log:28 - Launched Chrome Browser
2019-07-18 18:10:53 INFO  Log:28 - tc_016_validateSearch_InvalidEmpName_ValidEmpId_ValidSupervisorName test case started
2019-07-18 18:10:53 INFO  Log:28 - tc_016_validateSearch_InvalidEmpName_ValidEmpId_ValidSupervisorNameis started
2019-07-18 18:10:53 INFO  Log:28 - OrangeHrm application is opened
2019-07-18 18:10:53 INFO  Log:28 - The URL of Orange HRM is loaded
2019-07-18 18:10:57 INFO  Log:28 - Login Page of Orange HRM is displayed
2019-07-18 18:10:57 INFO  Log:28 - Enter username:Admin
2019-07-18 18:10:57 INFO  Log:28 - Enter password:admin123
2019-07-18 18:10:57 INFO  Log:28 - Login credentails are provided
2019-07-18 18:10:57 INFO  Log:28 - Login button is clicked
2019-07-18 18:10:58 INFO  Log:28 - Home Page of Orange HRM is displayed
2019-07-18 18:10:58 INFO  Log:28 - The module PIM is found
2019-07-18 18:10:58 INFO  Log:28 - The sub-module Employee List is clicked
2019-07-18 18:11:01 INFO  Log:28 - Employee List Module is opened
2019-07-18 18:11:01 INFO  Log:28 - Employee List Page of PIM module of Orange HRM is displayed.
2019-07-18 18:11:01 INFO  Log:28 - empname is provided
2019-07-18 18:11:01 INFO  Log:28 - empid  is provided
2019-07-18 18:11:01 INFO  Log:28 - supervisor name is provided
2019-07-18 18:11:01 INFO  Log:28 - Search button is clicked.
2019-07-18 18:11:02 INFO  Log:28 - Search Button is clicked
2019-07-18 18:11:02 INFO  Log:28 - validation is done
2019-07-18 18:11:02 INFO  Log:28 - Test case: tc_016_validateSearch_InvalidEmpName_ValidEmpId_ValidSupervisorNameis completed
2019-07-18 18:11:02 INFO  Log:28 - The name of the testcase passed is :tc_016_validateSearch_InvalidEmpName_ValidEmpId_ValidSupervisorName
2019-07-18 18:11:02 INFO  Log:28 - Closed the Browser
2019-07-18 18:11:02 INFO  Log:28 - test case ended
2019-07-18 18:11:02 INFO  Log:28 - test case started
2019-07-18 18:11:02 INFO  Log:28 - Launched Chrome Browser
2019-07-18 18:11:05 INFO  Log:28 - tc_017_ValidateSearch_InvalidEmpName_InvalidEmpId_ValidSupervisorName test case started
2019-07-18 18:11:05 INFO  Log:28 - tc_017_ValidateSearch_InvalidEmpName_InvalidEmpId_ValidSupervisorNameis started
2019-07-18 18:11:05 INFO  Log:28 - OrangeHrm application is opened
2019-07-18 18:11:05 INFO  Log:28 - The URL of Orange HRM is loaded
2019-07-18 18:11:10 INFO  Log:28 - Login Page of Orange HRM is displayed
2019-07-18 18:11:10 INFO  Log:28 - Enter username:Admin
2019-07-18 18:11:10 INFO  Log:28 - Enter password:admin123
2019-07-18 18:11:10 INFO  Log:28 - Login credentails are provided
2019-07-18 18:11:10 INFO  Log:28 - Login button is clicked
2019-07-18 18:11:11 INFO  Log:28 - Home Page of Orange HRM is displayed
2019-07-18 18:11:11 INFO  Log:28 - The module PIM is found
2019-07-18 18:11:11 INFO  Log:28 - The sub-module Employee List is clicked
2019-07-18 18:11:14 INFO  Log:28 - Employee List Module is opened
2019-07-18 18:11:14 INFO  Log:28 - Employee List Page of PIM module of Orange HRM is displayed.
2019-07-18 18:11:14 INFO  Log:28 - empname is provided
2019-07-18 18:11:14 INFO  Log:28 - empid  is provided
2019-07-18 18:11:14 INFO  Log:28 - supervisor name is provided
2019-07-18 18:11:14 INFO  Log:28 - Search button is clicked.
2019-07-18 18:11:15 INFO  Log:28 - Search Button is clicked
2019-07-18 18:11:15 INFO  Log:28 - validation is done
2019-07-18 18:11:15 INFO  Log:28 - Test case: tc_017_ValidateSearch_InvalidEmpName_InvalidEmpId_ValidSupervisorNameis completed
2019-07-18 18:11:15 INFO  Log:28 - The name of the testcase passed is :tc_017_ValidateSearch_InvalidEmpName_InvalidEmpId_ValidSupervisorName
2019-07-18 18:11:15 INFO  Log:28 - Closed the Browser
2019-07-18 18:11:15 INFO  Log:28 - test case ended
2019-07-18 18:11:15 INFO  Log:28 - test case started
2019-07-18 18:11:15 INFO  Log:28 - Launched Chrome Browser
2019-07-18 18:11:18 INFO  Log:28 - tc_018_validateSearch_ValidEmpName_InvalidEmpId_InvalidSupervisorName test case started
2019-07-18 18:11:18 INFO  Log:28 - tc_018_validateSearch_ValidEmpName_InvalidEmpId_InvalidSupervisorNameis started
2019-07-18 18:11:18 INFO  Log:28 - OrangeHrm application is opened
2019-07-18 18:11:18 INFO  Log:28 - The URL of Orange HRM is loaded
2019-07-18 18:11:22 INFO  Log:28 - Login Page of Orange HRM is displayed
2019-07-18 18:11:22 INFO  Log:28 - Enter username:Admin
2019-07-18 18:11:22 INFO  Log:28 - Enter password:admin123
2019-07-18 18:11:22 INFO  Log:28 - Login credentails are provided
2019-07-18 18:11:23 INFO  Log:28 - Login button is clicked
2019-07-18 18:11:24 INFO  Log:28 - Home Page of Orange HRM is displayed
2019-07-18 18:11:24 INFO  Log:28 - The module PIM is found
2019-07-18 18:11:24 INFO  Log:28 - The sub-module Employee List is clicked
2019-07-18 18:11:27 INFO  Log:28 - Employee List Module is opened
2019-07-18 18:11:27 INFO  Log:28 - Employee List Page of PIM module of Orange HRM is displayed.
2019-07-18 18:11:27 INFO  Log:28 - empname is provided
2019-07-18 18:11:27 INFO  Log:28 - empid  is provided
2019-07-18 18:11:27 INFO  Log:28 - supervisor name is provided
2019-07-18 18:11:27 INFO  Log:28 - Search button is clicked.
2019-07-18 18:11:28 INFO  Log:28 - Search Button is clicked
2019-07-18 18:11:28 INFO  Log:28 - validation is done
2019-07-18 18:11:28 INFO  Log:28 - Test case: tc_018_validateSearch_ValidEmpName_InvalidEmpId_InvalidSupervisorNameis completed
2019-07-18 18:11:28 INFO  Log:28 - The name of the testcase passed is :tc_018_validateSearch_ValidEmpName_InvalidEmpId_InvalidSupervisorName
2019-07-18 18:11:28 INFO  Log:28 - Closed the Browser
2019-07-18 18:11:28 INFO  Log:28 - test case ended
2019-07-18 18:11:28 INFO  Log:28 - test case started
2019-07-18 18:11:28 INFO  Log:28 - Launched Chrome Browser
2019-07-18 18:11:31 INFO  Log:28 - tc_019_validateSearch_InvalidEmpName_ValidEmpId_InvalidSupervisorName test case started
2019-07-18 18:11:31 INFO  Log:28 - tc_019_validateSearch_InvalidEmpName_ValidEmpId_InvalidSupervisorNameis started
2019-07-18 18:11:31 INFO  Log:28 - OrangeHrm application is opened
2019-07-18 18:11:31 INFO  Log:28 - The URL of Orange HRM is loaded
2019-07-18 18:11:35 INFO  Log:28 - Login Page of Orange HRM is displayed
2019-07-18 18:11:35 INFO  Log:28 - Enter username:Admin
2019-07-18 18:11:35 INFO  Log:28 - Enter password:admin123
2019-07-18 18:11:35 INFO  Log:28 - Login credentails are provided
2019-07-18 18:11:35 INFO  Log:28 - Login button is clicked
2019-07-18 18:11:37 INFO  Log:28 - Home Page of Orange HRM is displayed
2019-07-18 18:11:37 INFO  Log:28 - The module PIM is found
2019-07-18 18:11:37 INFO  Log:28 - The sub-module Employee List is clicked
2019-07-18 18:11:40 INFO  Log:28 - Employee List Module is opened
2019-07-18 18:11:40 INFO  Log:28 - Employee List Page of PIM module of Orange HRM is displayed.
2019-07-18 18:11:40 INFO  Log:28 - empname is provided
2019-07-18 18:11:40 INFO  Log:28 - empid  is provided
2019-07-18 18:11:40 INFO  Log:28 - supervisor name is provided
2019-07-18 18:11:40 INFO  Log:28 - Search button is clicked.
2019-07-18 18:11:40 INFO  Log:28 - Search Button is clicked
2019-07-18 18:11:40 INFO  Log:28 - validation is done
2019-07-18 18:11:40 INFO  Log:28 - Test case: tc_019_validateSearch_InvalidEmpName_ValidEmpId_InvalidSupervisorNameis completed
2019-07-18 18:11:40 INFO  Log:28 - The name of the testcase passed is :tc_019_validateSearch_InvalidEmpName_ValidEmpId_InvalidSupervisorName
2019-07-18 18:11:40 INFO  Log:28 - Closed the Browser
2019-07-18 18:11:41 INFO  Log:28 - test case ended
2019-07-18 18:11:41 INFO  Log:28 - test case started
2019-07-18 18:11:41 INFO  Log:28 - Launched Chrome Browser
2019-07-18 18:11:44 INFO  Log:28 - tc_020_validateSearch_InvalidEmpName_InvalidEmpId_InvalidSupervisorName test case started
2019-07-18 18:11:44 INFO  Log:28 - tc_020_validateSearch_InvalidEmpName_InvalidEmpId_InvalidSupervisorNameis started
2019-07-18 18:11:44 INFO  Log:28 - OrangeHrm application is opened
2019-07-18 18:11:44 INFO  Log:28 - The URL of Orange HRM is loaded
2019-07-18 18:11:48 INFO  Log:28 - Login Page of Orange HRM is displayed
2019-07-18 18:11:48 INFO  Log:28 - Enter username:Admin
2019-07-18 18:11:48 INFO  Log:28 - Enter password:admin123
2019-07-18 18:11:48 INFO  Log:28 - Login credentails are provided
2019-07-18 18:11:48 INFO  Log:28 - Login button is clicked
2019-07-18 18:11:50 INFO  Log:28 - Home Page of Orange HRM is displayed
2019-07-18 18:11:50 INFO  Log:28 - The module PIM is found
2019-07-18 18:11:50 INFO  Log:28 - The sub-module Employee List is clicked
2019-07-18 18:11:53 INFO  Log:28 - Employee List Module is opened
2019-07-18 18:11:53 INFO  Log:28 - Employee List Page of PIM module of Orange HRM is displayed.
2019-07-18 18:11:53 INFO  Log:28 - empname is provided
2019-07-18 18:11:53 INFO  Log:28 - empid  is provided
2019-07-18 18:11:53 INFO  Log:28 - supervisor name is provided
2019-07-18 18:11:53 INFO  Log:28 - Search button is clicked.
2019-07-18 18:11:53 INFO  Log:28 - Search Button is clicked
2019-07-18 18:11:53 INFO  Log:28 - validation is done
2019-07-18 18:11:53 INFO  Log:28 - Test case: tc_020_validateSearch_InvalidEmpName_InvalidEmpId_InvalidSupervisorNameis completed
2019-07-18 18:11:53 INFO  Log:28 - The name of the testcase passed is :tc_020_validateSearch_InvalidEmpName_InvalidEmpId_InvalidSupervisorName
2019-07-18 18:11:53 INFO  Log:28 - Closed the Browser
2019-07-18 18:11:54 INFO  Log:28 - test case ended
2019-07-18 18:11:54 INFO  Log:28 - test case started
2019-07-18 18:11:54 INFO  Log:28 - Launched Chrome Browser
2019-07-18 18:11:57 INFO  Log:28 - tc_021_validateSearch_ValidEmpName_InvalidEmpId_ValidSupervisorName test case started
2019-07-18 18:11:57 INFO  Log:28 - tc_021_validateSearch_ValidEmpName_InvalidEmpId_ValidSupervisorNameis started
2019-07-18 18:11:57 INFO  Log:28 - OrangeHrm application is opened
2019-07-18 18:11:57 INFO  Log:28 - The URL of Orange HRM is loaded
2019-07-18 18:12:01 INFO  Log:28 - Login Page of Orange HRM is displayed
2019-07-18 18:12:01 INFO  Log:28 - Enter username:Admin
2019-07-18 18:12:01 INFO  Log:28 - Enter password:admin123
2019-07-18 18:12:01 INFO  Log:28 - Login credentails are provided
2019-07-18 18:12:01 INFO  Log:28 - Login button is clicked
2019-07-18 18:12:03 INFO  Log:28 - Home Page of Orange HRM is displayed
2019-07-18 18:12:03 INFO  Log:28 - The module PIM is found
2019-07-18 18:12:03 INFO  Log:28 - The sub-module Employee List is clicked
2019-07-18 18:12:05 INFO  Log:28 - Employee List Module is opened
2019-07-18 18:12:05 INFO  Log:28 - Employee List Page of PIM module of Orange HRM is displayed.
2019-07-18 18:12:05 INFO  Log:28 - empname is provided
2019-07-18 18:12:06 INFO  Log:28 - empid  is provided
2019-07-18 18:12:06 INFO  Log:28 - supervisor name is provided
2019-07-18 18:12:06 INFO  Log:28 - Search button is clicked.
2019-07-18 18:12:06 INFO  Log:28 - Search Button is clicked
2019-07-18 18:12:06 INFO  Log:28 - validation is done
2019-07-18 18:12:06 INFO  Log:28 - Test case: tc_021_validateSearch_ValidEmpName_InvalidEmpId_ValidSupervisorNameis completed
2019-07-18 18:12:06 INFO  Log:28 - The name of the testcase passed is :tc_021_validateSearch_ValidEmpName_InvalidEmpId_ValidSupervisorName
2019-07-18 18:12:06 INFO  Log:28 - Closed the Browser
2019-07-18 18:12:06 INFO  Log:28 - test case ended
2019-07-18 18:12:06 INFO  Log:28 - test case started
2019-07-18 18:12:06 INFO  Log:28 - Launched Chrome Browser
2019-07-18 18:12:10 INFO  Log:28 - tc_022_validateSearch_NoInput test case started
2019-07-18 18:12:10 INFO  Log:28 - tc_022_validateSearch_NoInputis started
2019-07-18 18:12:10 INFO  Log:28 - OrangeHrm application is opened
2019-07-18 18:12:10 INFO  Log:28 - The URL of Orange HRM is loaded
2019-07-18 18:12:14 INFO  Log:28 - Login Page of Orange HRM is displayed
2019-07-18 18:12:14 INFO  Log:28 - Enter username:Admin
2019-07-18 18:12:14 INFO  Log:28 - Enter password:admin123
2019-07-18 18:12:14 INFO  Log:28 - Login credentails are provided
2019-07-18 18:12:14 INFO  Log:28 - Login button is clicked
2019-07-18 18:12:15 INFO  Log:28 - Home Page of Orange HRM is displayed
2019-07-18 18:12:15 INFO  Log:28 - The module PIM is found
2019-07-18 18:12:16 INFO  Log:28 - The sub-module Employee List is clicked
2019-07-18 18:12:18 INFO  Log:28 - Employee List Module is opened
2019-07-18 18:12:18 INFO  Log:28 - Employee List Page of PIM module of Orange HRM is displayed.
2019-07-18 18:12:18 INFO  Log:28 - Search button is clicked.
2019-07-18 18:12:19 INFO  Log:28 - Search Button is clicked
2019-07-18 18:12:19 INFO  Log:28 - Test case: tc_022_validateSearch_NoInputis completed
2019-07-18 18:12:19 INFO  Log:28 - The name of the testcase passed is :tc_022_validateSearch_NoInput
2019-07-18 18:12:19 INFO  Log:28 - Closed the Browser
2019-07-18 18:12:19 INFO  Log:28 - test case ended
2019-07-18 18:12:19 INFO  Log:28 - test case started
2019-07-18 18:12:19 INFO  Log:28 - Launched Chrome Browser
2019-07-18 18:12:22 INFO  Log:28 - tc_023_ValidateAddEmployee_Page test case started
2019-07-18 18:12:22 INFO  Log:28 - tc_023_ValidateAddEmployee_Pageis started
2019-07-18 18:12:22 INFO  Log:28 - OrangeHrm application is opened
2019-07-18 18:12:22 INFO  Log:28 - The URL of Orange HRM is loaded
2019-07-18 18:12:26 INFO  Log:28 - Login Page of Orange HRM is displayed
2019-07-18 18:12:26 INFO  Log:28 - Enter username:Admin
2019-07-18 18:12:26 INFO  Log:28 - Enter password:admin123
2019-07-18 18:12:26 INFO  Log:28 - Login credentails are provided
2019-07-18 18:12:26 INFO  Log:28 - Login button is clicked
2019-07-18 18:12:28 INFO  Log:28 - Home Page of Orange HRM is displayed
2019-07-18 18:12:28 INFO  Log:28 - The module PIM is found
2019-07-18 18:12:28 INFO  Log:28 - The sub-module Employee List is clicked
2019-07-18 18:12:31 INFO  Log:28 - Employee List Module is opened
2019-07-18 18:12:31 INFO  Log:28 - Employee List Page of PIM module of Orange HRM is displayed.
2019-07-18 18:12:31 INFO  Log:28 - Add button is clicked.
2019-07-18 18:12:32 INFO  Log:28 - Add Button is clicked
2019-07-18 18:12:32 INFO  Log:28 - Test case: tc_023_ValidateAddEmployee_Pageis completed
2019-07-18 18:12:32 INFO  Log:28 - The name of the testcase passed is :tc_023_ValidateAddEmployee_Page
2019-07-18 18:12:32 INFO  Log:28 - Closed the Browser
2019-07-18 18:12:32 INFO  Log:28 - test case ended
2019-07-18 18:12:32 INFO  Log:28 - test case started
2019-07-18 18:12:32 INFO  Log:28 - Launched Chrome Browser
2019-07-18 18:12:35 INFO  Log:28 - tc_024_ValidateAddEmployee_WithInput test case started
2019-07-18 18:12:35 INFO  Log:28 - tc_024_ValidateAddEmployee_WithInputis started
2019-07-18 18:12:35 INFO  Log:28 - OrangeHrm application is opened
2019-07-18 18:12:35 INFO  Log:28 - The URL of Orange HRM is loaded
2019-07-18 18:12:40 INFO  Log:28 - Login Page of Orange HRM is displayed
2019-07-18 18:12:40 INFO  Log:28 - Enter username:Admin
2019-07-18 18:12:40 INFO  Log:28 - Enter password:admin123
2019-07-18 18:12:41 INFO  Log:28 - Login credentails are provided
2019-07-18 18:12:41 INFO  Log:28 - Login button is clicked
2019-07-18 18:12:42 INFO  Log:28 - Home Page of Orange HRM is displayed
2019-07-18 18:12:42 INFO  Log:28 - The module PIM is found
2019-07-18 18:12:42 INFO  Log:28 - The sub-module Add Employee is clicked
2019-07-18 18:12:45 INFO  Log:28 - Add Employee Module is opened
2019-07-18 18:12:45 INFO  Log:28 - first name is provided
2019-07-18 18:12:45 INFO  Log:28 - second name is provided
2019-07-18 18:12:45 INFO  Log:28 - empoloyee id is provided
2019-07-18 18:12:45 INFO  Log:28 - Save button is clicked.
2019-07-18 18:12:47 INFO  Log:28 - Save Button is clicked
2019-07-18 18:12:47 INFO  Log:28 - Test case: tc_024_ValidateAddEmployee_WithInputis completed
2019-07-18 18:12:47 INFO  Log:28 - The name of the testcase passed is :tc_024_ValidateAddEmployee_WithInput
2019-07-18 18:12:47 INFO  Log:28 - Closed the Browser
2019-07-18 18:12:47 INFO  Log:28 - test case ended
2019-07-18 18:12:47 INFO  Log:28 - test case started
2019-07-18 18:12:47 INFO  Log:28 - Launched Chrome Browser
2019-07-18 18:12:50 INFO  Log:28 - tc_025_ValidateAddEmployee_WithoutInput test case started
2019-07-18 18:12:50 INFO  Log:28 - tc_025_ValidateAddEmployee_WithoutInputis started
2019-07-18 18:12:50 INFO  Log:28 - OrangeHrm application is opened
2019-07-18 18:12:50 INFO  Log:28 - The URL of Orange HRM is loaded
2019-07-18 18:12:54 INFO  Log:28 - Login Page of Orange HRM is displayed
2019-07-18 18:12:54 INFO  Log:28 - Enter username:Admin
2019-07-18 18:12:54 INFO  Log:28 - Enter password:admin123
2019-07-18 18:12:54 INFO  Log:28 - Login credentails are provided
2019-07-18 18:12:54 INFO  Log:28 - Login button is clicked
2019-07-18 18:12:56 INFO  Log:28 - Home Page of Orange HRM is displayed
2019-07-18 18:12:56 INFO  Log:28 - The module PIM is found
2019-07-18 18:12:56 INFO  Log:28 - The sub-module Add Employee is clicked
2019-07-18 18:12:59 INFO  Log:28 - Add Employee Module is opened
2019-07-18 18:12:59 INFO  Log:28 - Save button is clicked.
2019-07-18 18:12:59 INFO  Log:28 - Save Button is clicked
2019-07-18 18:12:59 INFO  Log:28 - error message is displayed
2019-07-18 18:12:59 INFO  Log:28 - Test case: tc_025_ValidateAddEmployee_WithoutInputis completed
2019-07-18 18:12:59 INFO  Log:28 - The name of the testcase passed is :tc_025_ValidateAddEmployee_WithoutInput
2019-07-18 18:12:59 INFO  Log:28 - Closed the Browser
2019-07-18 18:12:59 INFO  Log:28 - test case ended
2019-07-18 18:12:59 INFO  Log:28 - test case started
2019-07-18 18:12:59 INFO  Log:28 - Launched Chrome Browser
2019-07-18 18:13:02 INFO  Log:28 - tc_026_ValidateAddEmployee_WithCreateLoginCredentails test case started
2019-07-18 18:13:02 INFO  Log:28 - tc_026_ValidateAddEmployee_WithCreateLoginCredentailsis started
2019-07-18 18:13:02 INFO  Log:28 - OrangeHrm application is opened
2019-07-18 18:13:02 INFO  Log:28 - The URL of Orange HRM is loaded
2019-07-18 18:13:06 INFO  Log:28 - Login Page of Orange HRM is displayed
2019-07-18 18:13:06 INFO  Log:28 - Enter username:Admin
2019-07-18 18:13:06 INFO  Log:28 - Enter password:admin123
2019-07-18 18:13:06 INFO  Log:28 - Login credentails are provided
2019-07-18 18:13:06 INFO  Log:28 - Login button is clicked
2019-07-18 18:13:08 INFO  Log:28 - Home Page of Orange HRM is displayed
2019-07-18 18:13:08 INFO  Log:28 - The module PIM is found
2019-07-18 18:13:08 INFO  Log:28 - The sub-module Add Employee is clicked
2019-07-18 18:13:11 INFO  Log:28 - Add Employee Module is opened
2019-07-18 18:13:11 INFO  Log:28 - first name is provided
2019-07-18 18:13:11 INFO  Log:28 - second name is provided
2019-07-18 18:13:11 INFO  Log:28 - empoloyee id is provided
2019-07-18 18:13:11 INFO  Log:28 -  is clicked
2019-07-18 18:13:11 INFO  Log:28 - navyasritangudu7 is provided
2019-07-18 18:13:11 INFO  Log:28 - Navyasri@711 is provided
2019-07-18 18:13:11 INFO  Log:28 - Navyasri@711 is provided
2019-07-18 18:13:11 INFO  Log:28 - Save button is clicked.
2019-07-18 18:13:11 INFO  Log:28 - Save Button is clicked
2019-07-18 18:13:11 INFO  Log:28 - Test case: tc_026_ValidateAddEmployee_WithCreateLoginCredentailsis completed
2019-07-18 18:13:11 INFO  Log:28 - The name of the testcase passed is :tc_026_ValidateAddEmployee_WithCreateLoginCredentails
2019-07-18 18:13:11 INFO  Log:28 - Closed the Browser
2019-07-18 18:13:11 INFO  Log:28 - test case ended
2019-07-18 18:13:11 INFO  Log:28 - test case started
2019-07-18 18:13:11 INFO  Log:28 - Launched Chrome Browser
2019-07-18 18:13:15 INFO  Log:28 - tc_027_ValidateAddEmployee_WithoutCreateLoginCredentails test case started
2019-07-18 18:13:15 INFO  Log:28 - tc_027_ValidateAddEmployee_WithoutCreateLoginCredentailsis started
2019-07-18 18:13:15 INFO  Log:28 - OrangeHrm application is opened
2019-07-18 18:13:15 INFO  Log:28 - The URL of Orange HRM is loaded
2019-07-18 18:13:19 INFO  Log:28 - Login Page of Orange HRM is displayed
2019-07-18 18:13:19 INFO  Log:28 - Enter username:Admin
2019-07-18 18:13:19 INFO  Log:28 - Enter password:admin123
2019-07-18 18:13:19 INFO  Log:28 - Login credentails are provided
2019-07-18 18:13:19 INFO  Log:28 - Login button is clicked
2019-07-18 18:13:20 INFO  Log:28 - Home Page of Orange HRM is displayed
2019-07-18 18:13:20 INFO  Log:28 - The module PIM is found
2019-07-18 18:13:20 INFO  Log:28 - The sub-module Add Employee is clicked
2019-07-18 18:13:23 INFO  Log:28 - Add Employee Module is opened
2019-07-18 18:13:23 INFO  Log:28 - first name is provided
2019-07-18 18:13:23 INFO  Log:28 - second name is provided
2019-07-18 18:13:23 INFO  Log:28 - empoloyee id is provided
2019-07-18 18:13:23 INFO  Log:28 -  is clicked
2019-07-18 18:13:23 INFO  Log:28 - Save button is clicked.
2019-07-18 18:13:23 INFO  Log:28 - Save Button is clicked
2019-07-18 18:13:23 INFO  Log:28 - error message is displayed
2019-07-18 18:13:23 INFO  Log:28 - Test case: tc_027_ValidateAddEmployee_WithoutCreateLoginCredentailsis completed
2019-07-18 18:13:23 INFO  Log:28 - The name of the testcase passed is :tc_027_ValidateAddEmployee_WithoutCreateLoginCredentails
2019-07-18 18:13:23 INFO  Log:28 - Closed the Browser
2019-07-18 18:13:23 INFO  Log:28 - test case ended
2019-07-18 18:13:23 INFO  Log:28 - test case started
2019-07-18 18:13:23 INFO  Log:28 - Launched Chrome Browser
2019-07-18 18:13:27 INFO  Log:28 - tc_028_ValidateAddEmployee_WithInvalidCreateLoginCredentails test case started
2019-07-18 18:13:27 INFO  Log:28 - tc_028_ValidateAddEmployee_WithInvalidCreateLoginCredentailsis started
2019-07-18 18:13:27 INFO  Log:28 - OrangeHrm application is opened
2019-07-18 18:13:27 INFO  Log:28 - The URL of Orange HRM is loaded
2019-07-18 18:13:31 INFO  Log:28 - Login Page of Orange HRM is displayed
2019-07-18 18:13:31 INFO  Log:28 - Enter username:Admin
2019-07-18 18:13:31 INFO  Log:28 - Enter password:admin123
2019-07-18 18:13:31 INFO  Log:28 - Login credentails are provided
2019-07-18 18:13:31 INFO  Log:28 - Login button is clicked
2019-07-18 18:13:33 INFO  Log:28 - Home Page of Orange HRM is displayed
2019-07-18 18:13:33 INFO  Log:28 - The module PIM is found
2019-07-18 18:13:33 INFO  Log:28 - The sub-module Add Employee is clicked
2019-07-18 18:13:35 INFO  Log:28 - Add Employee Module is opened
2019-07-18 18:13:35 INFO  Log:28 - first name is provided
2019-07-18 18:13:35 INFO  Log:28 - second name is provided
2019-07-18 18:13:35 INFO  Log:28 - empoloyee id is provided
2019-07-18 18:13:35 INFO  Log:28 -  is clicked
2019-07-18 18:13:36 INFO  Log:28 - navyasritangudu7 is provided
2019-07-18 18:13:36 INFO  Log:28 - Navyasri@711 is provided
2019-07-18 18:13:36 INFO  Log:28 - Navyasri@712 is provided
2019-07-18 18:13:36 INFO  Log:28 - Save button is clicked.
2019-07-18 18:13:36 INFO  Log:28 - Save Button is clicked
2019-07-18 18:13:36 INFO  Log:28 - error message is displayed
2019-07-18 18:13:36 INFO  Log:28 - Test case: tc_028_ValidateAddEmployee_WithInvalidCreateLoginCredentailsis completed
2019-07-18 18:13:36 INFO  Log:28 - The name of the testcase passed is :tc_028_ValidateAddEmployee_WithInvalidCreateLoginCredentails
2019-07-18 18:13:36 INFO  Log:28 - Closed the Browser
2019-07-18 18:13:36 INFO  Log:28 - test case ended
2019-07-18 18:13:36 INFO  Log:28 - test case started
2019-07-18 18:13:36 INFO  Log:28 - Launched Chrome Browser
2019-07-18 18:13:39 INFO  Log:28 - tc_029_ValidateAddEmployee_Without_usernameInCreateLoginCredentails test case started
2019-07-18 18:13:39 INFO  Log:28 - tc_029_ValidateAddEmployee_Without_usernameInCreateLoginCredentailsis started
2019-07-18 18:13:39 INFO  Log:28 - OrangeHrm application is opened
2019-07-18 18:13:39 INFO  Log:28 - The URL of Orange HRM is loaded
2019-07-18 18:13:43 INFO  Log:28 - Login Page of Orange HRM is displayed
2019-07-18 18:13:43 INFO  Log:28 - Enter username:Admin
2019-07-18 18:13:44 INFO  Log:28 - Enter password:admin123
2019-07-18 18:13:44 INFO  Log:28 - Login credentails are provided
2019-07-18 18:13:44 INFO  Log:28 - Login button is clicked
2019-07-18 18:13:45 INFO  Log:28 - Home Page of Orange HRM is displayed
2019-07-18 18:13:45 INFO  Log:28 - The module PIM is found
2019-07-18 18:13:45 INFO  Log:28 - The sub-module Add Employee is clicked
2019-07-18 18:13:48 INFO  Log:28 - Add Employee Module is opened
2019-07-18 18:13:48 INFO  Log:28 - first name is provided
2019-07-18 18:13:48 INFO  Log:28 - second name is provided
2019-07-18 18:13:48 INFO  Log:28 - empoloyee id is provided
2019-07-18 18:13:48 INFO  Log:28 -  is clicked
2019-07-18 18:13:48 INFO  Log:28 - Navyasri@711 is provided
2019-07-18 18:13:48 INFO  Log:28 - Navyasri@712 is provided
2019-07-18 18:13:48 INFO  Log:28 - Save button is clicked.
2019-07-18 18:13:48 INFO  Log:28 - Save Button is clicked
2019-07-18 18:13:48 INFO  Log:28 - error message is displayed
2019-07-18 18:13:48 INFO  Log:28 - Test case: tc_029_ValidateAddEmployee_Without_usernameInCreateLoginCredentailsis completed
2019-07-18 18:13:48 INFO  Log:28 - The name of the testcase passed is :tc_029_ValidateAddEmployee_Without_usernameInCreateLoginCredentails
2019-07-18 18:13:48 INFO  Log:28 - Closed the Browser
2019-07-18 18:13:48 INFO  Log:28 - test case ended
2019-07-18 18:13:48 INFO  Log:28 - test case started
2019-07-18 18:13:48 INFO  Log:28 - Launched Chrome Browser
2019-07-18 18:13:52 INFO  Log:28 - tc_030_ValidateAddEmployee_With_RepeatedUsernameInCreateLoginCredentails test case started
2019-07-18 18:13:52 INFO  Log:28 - tc_030_ValidateAddEmployee_With_RepeatedUsernameInCreateLoginCredentailsis started
2019-07-18 18:13:52 INFO  Log:28 - OrangeHrm application is opened
2019-07-18 18:13:52 INFO  Log:28 - The URL of Orange HRM is loaded
2019-07-18 18:13:56 INFO  Log:28 - Login Page of Orange HRM is displayed
2019-07-18 18:13:56 INFO  Log:28 - Enter username:Admin
2019-07-18 18:13:56 INFO  Log:28 - Enter password:admin123
2019-07-18 18:13:56 INFO  Log:28 - Login credentails are provided
2019-07-18 18:13:56 INFO  Log:28 - Login button is clicked
2019-07-18 18:13:58 INFO  Log:28 - Home Page of Orange HRM is displayed
2019-07-18 18:13:58 INFO  Log:28 - The module PIM is found
2019-07-18 18:13:58 INFO  Log:28 - The sub-module Add Employee is clicked
2019-07-18 18:14:00 INFO  Log:28 - Add Employee Module is opened
2019-07-18 18:14:00 INFO  Log:28 - first name is provided
2019-07-18 18:14:00 INFO  Log:28 - second name is provided
2019-07-18 18:14:00 INFO  Log:28 - empoloyee id is provided
2019-07-18 18:14:01 INFO  Log:28 -  is clicked
2019-07-18 18:14:01 INFO  Log:28 - navyasritangudu7 is provided
2019-07-18 18:14:01 INFO  Log:28 - Navyasri@711 is provided
2019-07-18 18:14:01 INFO  Log:28 - Navyasri@711 is provided
2019-07-18 18:14:01 INFO  Log:28 - Save button is clicked.
2019-07-18 18:14:01 INFO  Log:28 - Save Button is clicked
2019-07-18 18:14:01 INFO  Log:28 - Test case: tc_030_ValidateAddEmployee_With_RepeatedUsernameInCreateLoginCredentailsis completed
2019-07-18 18:14:01 INFO  Log:28 - The name of the testcase passed is :tc_030_ValidateAddEmployee_With_RepeatedUsernameInCreateLoginCredentails
2019-07-18 18:14:01 INFO  Log:28 - Closed the Browser
2019-07-18 18:14:01 INFO  Log:28 - test case ended
