2019-07-19 17:26:21 INFO  Log:28 - test case started
2019-07-19 17:26:41 INFO  Log:28 - The element is displayed
2019-07-19 17:26:42 INFO  Log:28 - Cleared the field and entered - 'admin in the element
2019-07-19 17:26:42 INFO  Log:28 - The element is displayed
2019-07-19 17:26:42 INFO  Log:28 - Cleared the field and entered - 'admin123 in the element
2019-07-19 17:27:01 INFO  Log:28 - The login is validatedfor the user: Jacqueline
2019-07-19 17:27:01 INFO  Log:28 - test case ended
2019-07-19 17:27:05 INFO  Log:28 - test case started
2019-07-19 17:27:09 INFO  Log:28 - The element is displayed
2019-07-19 17:27:09 INFO  Log:28 - Cleared the field and entered - '_ohrmSysAdmin_ in the element
2019-07-19 17:27:09 INFO  Log:28 - The element is displayed
2019-07-19 17:27:09 INFO  Log:28 - Cleared the field and entered - 'sysadmin in the element
2019-07-19 17:27:14 INFO  Log:28 - There is no MyInfo module for the user
2019-07-19 17:27:14 INFO  Log:28 - test case ended
2019-07-19 17:27:18 INFO  Log:28 - test case started
2019-07-19 17:27:21 INFO  Log:28 - The element is displayed
2019-07-19 17:27:22 INFO  Log:28 - Cleared the field and entered - 'linda in the element
2019-07-19 17:27:22 INFO  Log:28 - The element is displayed
2019-07-19 17:27:22 INFO  Log:28 - Cleared the field and entered - 'linda.anderson in the element
2019-07-19 17:27:38 INFO  Log:28 - The login is validatedfor the user: Linda
2019-07-19 17:27:40 INFO  Log:28 - test case ended
2019-07-19 17:27:43 INFO  Log:28 - test case started
2019-07-19 17:27:47 INFO  Log:28 - The element is displayed
2019-07-19 17:27:47 INFO  Log:28 - Cleared the field and entered - 'kevin in the element
2019-07-19 17:27:47 INFO  Log:28 - The element is displayed
2019-07-19 17:27:47 INFO  Log:28 - Cleared the field and entered - 'kevin.mathews in the element
2019-07-19 17:28:05 INFO  Log:28 - The login is validatedfor the user: Kevin
2019-07-19 17:28:05 INFO  Log:28 - test case ended
