2019-07-18 18:18:55 INFO  Log:28 - test case started
2019-07-18 18:18:55 INFO  Log:28 - Launched Chrome Browser
2019-07-18 18:18:59 INFO  Log:28 - TC_001_updatingGeneralInformation test case started
2019-07-18 18:18:59 INFO  Log:28 - OrangeHrm application is opened
2019-07-18 18:18:59 INFO  Log:28 - The URL of Orange HRM is loaded
2019-07-18 18:19:04 INFO  Log:28 - Login Page of Orange HRM is displayed
2019-07-18 18:19:04 INFO  Log:28 - Enter username:Admin
2019-07-18 18:19:04 INFO  Log:28 - Enter password:admin123
2019-07-18 18:19:04 INFO  Log:28 - Login credentails are provided
2019-07-18 18:19:04 INFO  Log:28 - Login button is clicked
2019-07-18 18:19:06 INFO  Log:28 - Home Page of Orange HRM is displayed
2019-07-18 18:19:06 INFO  Log:28 - The module Admin is found
2019-07-18 18:19:06 INFO  Log:28 - The sub-module Organization is found
2019-07-18 18:19:06 INFO  Log:28 - The section General Information is clicked
2019-07-18 18:19:08 INFO  Log:28 - General Information Page of Admin module of Orange HRM is displayed.
2019-07-18 18:19:08 INFO  Log:28 - Edit button is clicked.
2019-07-18 18:19:08 INFO  Log:28 - Edit Button is clicked
2019-07-18 18:19:08 INFO  Log:28 - Registration Number is updated with 147895632.
2019-07-18 18:19:09 INFO  Log:28 - Save button is clicked.
2019-07-18 18:19:09 INFO  Log:28 - Save Button is clicked
2019-07-18 18:19:10 INFO  Log:28 - General Information Updated Successfully.
2019-07-18 18:19:10 INFO  Log:28 - The name of the testcase passed is :TC_001_updatingGeneralInformation
2019-07-18 18:19:10 INFO  Log:28 - Closed the Browser
2019-07-18 18:19:10 INFO  Log:28 - test case ended
2019-07-18 18:19:10 INFO  Log:28 - test case started
2019-07-18 18:19:10 INFO  Log:28 - Launched Chrome Browser
2019-07-18 18:19:13 INFO  Log:28 - TC_002_validateCountOfEmployees test case started
2019-07-18 18:19:13 INFO  Log:28 - OrangeHrm application is opened
2019-07-18 18:19:13 INFO  Log:28 - The URL of Orange HRM is loaded
2019-07-18 18:19:17 INFO  Log:28 - Login Page of Orange HRM is displayed
2019-07-18 18:19:17 INFO  Log:28 - Enter username:Admin
2019-07-18 18:19:18 INFO  Log:28 - Enter password:admin123
2019-07-18 18:19:18 INFO  Log:28 - Login credentails are provided
2019-07-18 18:19:18 INFO  Log:28 - Login button is clicked
2019-07-18 18:19:19 INFO  Log:28 - Home Page of Orange HRM is displayed
2019-07-18 18:19:19 INFO  Log:28 - The module Admin is found
2019-07-18 18:19:19 INFO  Log:28 - The sub-module Organization is found
2019-07-18 18:19:19 INFO  Log:28 - The section General Information is clicked
2019-07-18 18:19:21 INFO  Log:28 - General Information Page of Admin module of Orange HRM is displayed.
2019-07-18 18:19:21 INFO  Log:28 - Count of employees is 57.
2019-07-18 18:19:21 INFO  Log:28 - The module PIM is found
2019-07-18 18:19:21 INFO  Log:28 - The sub-module Employee List is clicked
2019-07-18 18:19:23 INFO  Log:28 - Employee List Module is opened
2019-07-18 18:19:23 INFO  Log:28 - Employee List Page of PIM module of Orange HRM is displayed.
2019-07-18 18:19:23 INFO  Log:28 - Add button is clicked.
2019-07-18 18:19:24 INFO  Log:28 - Add Button is clicked
2019-07-18 18:19:24 INFO  Log:28 - first name is provided
2019-07-18 18:19:24 INFO  Log:28 - second name is provided
2019-07-18 18:19:24 INFO  Log:28 - empoloyee id is provided
2019-07-18 18:19:24 INFO  Log:28 - Save button is clicked.
2019-07-18 18:19:26 INFO  Log:28 - Save Button is clicked
2019-07-18 18:19:26 INFO  Log:28 - The module Admin is found
2019-07-18 18:19:26 INFO  Log:28 - The sub-module Organization is found
2019-07-18 18:19:26 INFO  Log:28 - The section General Information is clicked
2019-07-18 18:19:26 INFO  Log:28 - Count of employees is 58.
2019-07-18 18:19:26 INFO  Log:28 - The name of the testcase passed is :TC_002_validateCountOfEmployees
2019-07-18 18:19:26 INFO  Log:28 - Closed the Browser
2019-07-18 18:19:26 INFO  Log:28 - test case ended
2019-07-18 18:19:26 INFO  Log:28 - test case started
2019-07-18 18:19:26 INFO  Log:28 - Launched Chrome Browser
2019-07-18 18:19:30 INFO  Log:28 - TC_003_validateMandatoryFields test case started
2019-07-18 18:19:30 INFO  Log:28 - OrangeHrm application is opened
2019-07-18 18:19:30 INFO  Log:28 - The URL of Orange HRM is loaded
2019-07-18 18:19:34 INFO  Log:28 - Login Page of Orange HRM is displayed
2019-07-18 18:19:34 INFO  Log:28 - Enter username:Admin
2019-07-18 18:19:34 INFO  Log:28 - Enter password:admin123
2019-07-18 18:19:34 INFO  Log:28 - Login credentails are provided
2019-07-18 18:19:34 INFO  Log:28 - Login button is clicked
2019-07-18 18:19:35 INFO  Log:28 - Home Page of Orange HRM is displayed
2019-07-18 18:19:36 INFO  Log:28 - The module Admin is found
2019-07-18 18:19:36 INFO  Log:28 - The sub-module Organization is found
2019-07-18 18:19:36 INFO  Log:28 - The section General Information is clicked
2019-07-18 18:19:38 INFO  Log:28 - General Information Page of Admin module of Orange HRM is displayed.
2019-07-18 18:19:38 INFO  Log:28 - Edit button is clicked.
2019-07-18 18:19:38 INFO  Log:28 - Edit Button is clicked
2019-07-18 18:19:38 INFO  Log:28 - Organization Name  is updated with .
2019-07-18 18:19:38 INFO  Log:28 - Save button is clicked.
2019-07-18 18:19:38 INFO  Log:28 - Save Button is clicked
2019-07-18 18:19:38 INFO  Log:28 - Mandatory Fields Required.
2019-07-18 18:19:38 INFO  Log:28 - The name of the testcase passed is :TC_003_validateMandatoryFields
2019-07-18 18:19:38 INFO  Log:28 - Closed the Browser
2019-07-18 18:19:38 INFO  Log:28 - test case ended
2019-07-18 18:19:38 INFO  Log:28 - test case started
2019-07-18 18:19:38 INFO  Log:28 - Launched Chrome Browser
2019-07-18 18:19:42 INFO  Log:28 - TC_004_validateNonMandatoryFields test case started
2019-07-18 18:19:42 INFO  Log:28 - OrangeHrm application is opened
2019-07-18 18:19:42 INFO  Log:28 - The URL of Orange HRM is loaded
2019-07-18 18:19:46 INFO  Log:28 - Login Page of Orange HRM is displayed
2019-07-18 18:19:46 INFO  Log:28 - Enter username:Admin
2019-07-18 18:19:46 INFO  Log:28 - Enter password:admin123
2019-07-18 18:19:46 INFO  Log:28 - Login credentails are provided
2019-07-18 18:19:46 INFO  Log:28 - Login button is clicked
2019-07-18 18:19:48 INFO  Log:28 - Home Page of Orange HRM is displayed
2019-07-18 18:19:48 INFO  Log:28 - The module Admin is found
2019-07-18 18:19:48 INFO  Log:28 - The sub-module Organization is found
2019-07-18 18:19:48 INFO  Log:28 - The section General Information is clicked
2019-07-18 18:19:50 INFO  Log:28 - General Information Page of Admin module of Orange HRM is displayed.
2019-07-18 18:19:50 INFO  Log:28 - Edit button is clicked.
2019-07-18 18:19:50 INFO  Log:28 - Edit Button is clicked
2019-07-18 18:19:50 INFO  Log:28 - Address Street 1 is updated with .
2019-07-18 18:19:50 INFO  Log:28 - Save button is clicked.
2019-07-18 18:19:51 INFO  Log:28 - Save Button is clicked
2019-07-18 18:19:51 INFO  Log:28 - General Information Updated Successfully.
2019-07-18 18:19:51 INFO  Log:28 - The name of the testcase passed is :TC_004_validateNonMandatoryFields
2019-07-18 18:19:51 INFO  Log:28 - Closed the Browser
2019-07-18 18:19:51 INFO  Log:28 - test case ended
2019-07-18 18:19:51 INFO  Log:28 - test case started
2019-07-18 18:19:51 INFO  Log:28 - Launched Chrome Browser
2019-07-18 18:19:55 INFO  Log:28 - TC_005_verifyAddingNewCity test case started
2019-07-18 18:19:55 INFO  Log:28 - OrangeHrm application is opened
2019-07-18 18:19:55 INFO  Log:28 - The URL of Orange HRM is loaded
2019-07-18 18:19:59 INFO  Log:28 - Login Page of Orange HRM is displayed
2019-07-18 18:19:59 INFO  Log:28 - Enter username:Admin
2019-07-18 18:19:59 INFO  Log:28 - Enter password:admin123
2019-07-18 18:19:59 INFO  Log:28 - Login credentails are provided
2019-07-18 18:19:59 INFO  Log:28 - Login button is clicked
2019-07-18 18:20:01 INFO  Log:28 - Home Page of Orange HRM is displayed
2019-07-18 18:20:01 INFO  Log:28 - The module Admin is found
2019-07-18 18:20:01 INFO  Log:28 - The sub-module Organization is found
2019-07-18 18:20:01 INFO  Log:28 - The section Locations is clicked
2019-07-18 18:20:03 INFO  Log:28 - Locations Page of Admin module of Orange HRM is displayed.
2019-07-18 18:20:03 INFO  Log:28 - Add button is clicked.
2019-07-18 18:20:04 INFO  Log:28 - Add Button is clicked
2019-07-18 18:20:04 INFO  Log:28 - The locations of Vizag R&D is searched.
2019-07-18 18:20:04 INFO  Log:28 - The locations of Vizag is searched.
2019-07-18 18:20:04 INFO  Log:28 - The locations in the country India is searched.
2019-07-18 18:20:04 INFO  Log:28 - Save button is clicked.
2019-07-18 18:20:05 INFO  Log:28 - Save Button is clicked
2019-07-18 18:20:05 INFO  Log:28 - The name of the testcase passed is :TC_005_verifyAddingNewCity
2019-07-18 18:20:05 INFO  Log:28 - Closed the Browser
2019-07-18 18:20:05 INFO  Log:28 - test case ended
2019-07-18 18:20:05 INFO  Log:28 - test case started
2019-07-18 18:20:05 INFO  Log:28 - Launched Chrome Browser
2019-07-18 18:20:09 INFO  Log:28 - TC_006_validateSearchByAvailableLocationName test case started
2019-07-18 18:20:09 INFO  Log:28 - OrangeHrm application is opened
2019-07-18 18:20:09 INFO  Log:28 - The URL of Orange HRM is loaded
2019-07-18 18:20:13 INFO  Log:28 - Login Page of Orange HRM is displayed
2019-07-18 18:20:13 INFO  Log:28 - Enter username:Admin
2019-07-18 18:20:13 INFO  Log:28 - Enter password:admin123
2019-07-18 18:20:13 INFO  Log:28 - Login credentails are provided
2019-07-18 18:20:13 INFO  Log:28 - Login button is clicked
2019-07-18 18:20:15 INFO  Log:28 - Home Page of Orange HRM is displayed
2019-07-18 18:20:15 INFO  Log:28 - The module Admin is found
2019-07-18 18:20:15 INFO  Log:28 - The sub-module Organization is found
2019-07-18 18:20:15 INFO  Log:28 - The section Locations is clicked
2019-07-18 18:20:17 INFO  Log:28 - Locations Page of Admin module of Orange HRM is displayed.
2019-07-18 18:20:17 INFO  Log:28 - The locations of Canadian Development Center is searched.
2019-07-18 18:20:17 INFO  Log:28 - Search button is clicked.
2019-07-18 18:20:18 INFO  Log:28 - Search Button is clicked
2019-07-18 18:20:18 INFO  Log:28 - The results for Canadian Development Center were shown below.
2019-07-18 18:20:18 INFO  Log:28 - The name of the testcase passed is :TC_006_validateSearchByAvailableLocationName
2019-07-18 18:20:18 INFO  Log:28 - Closed the Browser
2019-07-18 18:20:18 INFO  Log:28 - test case ended
2019-07-18 18:20:18 INFO  Log:28 - test case started
2019-07-18 18:20:18 INFO  Log:28 - Launched Chrome Browser
2019-07-18 18:20:21 INFO  Log:28 - TC_007_validateSearchByUnavailableLocationName test case started
2019-07-18 18:20:21 INFO  Log:28 - OrangeHrm application is opened
2019-07-18 18:20:21 INFO  Log:28 - The URL of Orange HRM is loaded
2019-07-18 18:20:25 INFO  Log:28 - Login Page of Orange HRM is displayed
2019-07-18 18:20:25 INFO  Log:28 - Enter username:Admin
2019-07-18 18:20:26 INFO  Log:28 - Enter password:admin123
2019-07-18 18:20:26 INFO  Log:28 - Login credentails are provided
2019-07-18 18:20:26 INFO  Log:28 - Login button is clicked
2019-07-18 18:20:27 INFO  Log:28 - Home Page of Orange HRM is displayed
2019-07-18 18:20:27 INFO  Log:28 - The module Admin is found
2019-07-18 18:20:27 INFO  Log:28 - The sub-module Organization is found
2019-07-18 18:20:27 INFO  Log:28 - The section Locations is clicked
2019-07-18 18:20:30 INFO  Log:28 - Locations Page of Admin module of Orange HRM is displayed.
2019-07-18 18:20:30 INFO  Log:28 - The locations of Hyderabad R&D is searched.
2019-07-18 18:20:30 INFO  Log:28 - Search button is clicked.
2019-07-18 18:20:30 INFO  Log:28 - Search Button is clicked
2019-07-18 18:20:30 INFO  Log:28 - No Records Found for Hyderabad R&D.
2019-07-18 18:20:30 INFO  Log:28 - The name of the testcase passed is :TC_007_validateSearchByUnavailableLocationName
2019-07-18 18:20:30 INFO  Log:28 - Closed the Browser
2019-07-18 18:20:30 INFO  Log:28 - test case ended
2019-07-18 18:20:30 INFO  Log:28 - test case started
2019-07-18 18:20:30 INFO  Log:28 - Launched Chrome Browser
2019-07-18 18:20:34 INFO  Log:28 - TC_008_validateSearchByAvailableCityName test case started
2019-07-18 18:20:34 INFO  Log:28 - OrangeHrm application is opened
2019-07-18 18:20:34 INFO  Log:28 - The URL of Orange HRM is loaded
2019-07-18 18:20:38 INFO  Log:28 - Login Page of Orange HRM is displayed
2019-07-18 18:20:38 INFO  Log:28 - Enter username:Admin
2019-07-18 18:20:38 INFO  Log:28 - Enter password:admin123
2019-07-18 18:20:38 INFO  Log:28 - Login credentails are provided
2019-07-18 18:20:38 INFO  Log:28 - Login button is clicked
2019-07-18 18:20:40 INFO  Log:28 - Home Page of Orange HRM is displayed
2019-07-18 18:20:40 INFO  Log:28 - The module Admin is found
2019-07-18 18:20:40 INFO  Log:28 - The sub-module Organization is found
2019-07-18 18:20:40 INFO  Log:28 - The section Locations is clicked
2019-07-18 18:20:42 INFO  Log:28 - Locations Page of Admin module of Orange HRM is displayed.
2019-07-18 18:20:42 INFO  Log:28 - The locations of Vizag is searched.
2019-07-18 18:20:42 INFO  Log:28 - Search button is clicked.
2019-07-18 18:20:43 INFO  Log:28 - Search Button is clicked
2019-07-18 18:20:43 INFO  Log:28 - The results for Vizag were shown below.
2019-07-18 18:20:43 INFO  Log:28 - The name of the testcase passed is :TC_008_validateSearchByAvailableCityName
2019-07-18 18:20:43 INFO  Log:28 - Closed the Browser
2019-07-18 18:20:43 INFO  Log:28 - test case ended
2019-07-18 18:20:43 INFO  Log:28 - test case started
2019-07-18 18:20:43 INFO  Log:28 - Launched Chrome Browser
2019-07-18 18:20:46 INFO  Log:28 - TC_009_validateSearchByUnavailableCityName test case started
2019-07-18 18:20:46 INFO  Log:28 - OrangeHrm application is opened
2019-07-18 18:20:46 INFO  Log:28 - The URL of Orange HRM is loaded
2019-07-18 18:20:50 INFO  Log:28 - Login Page of Orange HRM is displayed
2019-07-18 18:20:50 INFO  Log:28 - Enter username:Admin
2019-07-18 18:20:50 INFO  Log:28 - Enter password:admin123
2019-07-18 18:20:50 INFO  Log:28 - Login credentails are provided
2019-07-18 18:20:50 INFO  Log:28 - Login button is clicked
2019-07-18 18:20:52 INFO  Log:28 - Home Page of Orange HRM is displayed
2019-07-18 18:20:52 INFO  Log:28 - The module Admin is found
2019-07-18 18:20:52 INFO  Log:28 - The sub-module Organization is found
2019-07-18 18:20:52 INFO  Log:28 - The section Locations is clicked
2019-07-18 18:20:55 INFO  Log:28 - Locations Page of Admin module of Orange HRM is displayed.
2019-07-18 18:20:55 INFO  Log:28 - The locations of Victoria is searched.
2019-07-18 18:20:55 INFO  Log:28 - Search button is clicked.
2019-07-18 18:20:55 INFO  Log:28 - Search Button is clicked
2019-07-18 18:20:55 INFO  Log:28 - No Records Found for Victoria.
2019-07-18 18:20:55 INFO  Log:28 - The name of the testcase passed is :TC_009_validateSearchByUnavailableCityName
2019-07-18 18:20:55 INFO  Log:28 - Closed the Browser
2019-07-18 18:20:55 INFO  Log:28 - test case ended
2019-07-18 18:20:55 INFO  Log:28 - test case started
2019-07-18 18:20:55 INFO  Log:28 - Launched Chrome Browser
2019-07-18 18:20:59 INFO  Log:28 - TC_010_validateSearchByAvailableCountry test case started
2019-07-18 18:20:59 INFO  Log:28 - OrangeHrm application is opened
2019-07-18 18:20:59 INFO  Log:28 - The URL of Orange HRM is loaded
2019-07-18 18:21:03 INFO  Log:28 - Login Page of Orange HRM is displayed
2019-07-18 18:21:03 INFO  Log:28 - Enter username:Admin
2019-07-18 18:21:03 INFO  Log:28 - Enter password:admin123
2019-07-18 18:21:03 INFO  Log:28 - Login credentails are provided
2019-07-18 18:21:03 INFO  Log:28 - Login button is clicked
2019-07-18 18:21:05 INFO  Log:28 - Home Page of Orange HRM is displayed
2019-07-18 18:21:05 INFO  Log:28 - The module Admin is found
2019-07-18 18:21:05 INFO  Log:28 - The sub-module Organization is found
2019-07-18 18:21:05 INFO  Log:28 - The section Locations is clicked
2019-07-18 18:21:07 INFO  Log:28 - Locations Page of Admin module of Orange HRM is displayed.
2019-07-18 18:21:07 INFO  Log:28 - The locations in the country United States is searched.
2019-07-18 18:21:07 INFO  Log:28 - Search button is clicked.
2019-07-18 18:21:08 INFO  Log:28 - Search Button is clicked
2019-07-18 18:21:08 INFO  Log:28 - The results for Afghanistan were shown below.
2019-07-18 18:21:08 INFO  Log:28 - The name of the testcase passed is :TC_010_validateSearchByAvailableCountry
2019-07-18 18:21:08 INFO  Log:28 - Closed the Browser
2019-07-18 18:21:08 INFO  Log:28 - test case ended
2019-07-18 18:21:08 INFO  Log:28 - test case started
2019-07-18 18:21:08 INFO  Log:28 - Launched Chrome Browser
2019-07-18 18:21:11 INFO  Log:28 - TC_011_validateSearchByUnavailableCountry test case started
2019-07-18 18:21:11 INFO  Log:28 - OrangeHrm application is opened
2019-07-18 18:21:11 INFO  Log:28 - The URL of Orange HRM is loaded
2019-07-18 18:21:15 INFO  Log:28 - Login Page of Orange HRM is displayed
2019-07-18 18:21:15 INFO  Log:28 - Enter username:Admin
2019-07-18 18:21:15 INFO  Log:28 - Enter password:admin123
2019-07-18 18:21:15 INFO  Log:28 - Login credentails are provided
2019-07-18 18:21:15 INFO  Log:28 - Login button is clicked
2019-07-18 18:21:17 INFO  Log:28 - Home Page of Orange HRM is displayed
2019-07-18 18:21:17 INFO  Log:28 - The module Admin is found
2019-07-18 18:21:17 INFO  Log:28 - The sub-module Organization is found
2019-07-18 18:21:17 INFO  Log:28 - The section Locations is clicked
2019-07-18 18:21:19 INFO  Log:28 - Locations Page of Admin module of Orange HRM is displayed.
2019-07-18 18:21:19 INFO  Log:28 - The locations in the country Afghanistan is searched.
2019-07-18 18:21:20 INFO  Log:28 - Search button is clicked.
2019-07-18 18:21:20 INFO  Log:28 - Search Button is clicked
2019-07-18 18:21:20 INFO  Log:28 - No Records Found for Afghanistan.
2019-07-18 18:21:20 INFO  Log:28 - The name of the testcase passed is :TC_011_validateSearchByUnavailableCountry
2019-07-18 18:21:20 INFO  Log:28 - Closed the Browser
2019-07-18 18:21:20 INFO  Log:28 - test case ended
2019-07-18 18:21:20 INFO  Log:28 - test case started
2019-07-18 18:21:20 INFO  Log:28 - Launched Chrome Browser
2019-07-18 18:21:23 INFO  Log:28 - TC_012_validateOptionsBar test case started
2019-07-18 18:21:23 INFO  Log:28 - OrangeHrm application is opened
2019-07-18 18:21:23 INFO  Log:28 - The URL of Orange HRM is loaded
2019-07-18 18:21:27 INFO  Log:28 - Login Page of Orange HRM is displayed
2019-07-18 18:21:27 INFO  Log:28 - Enter username:Admin
2019-07-18 18:21:28 INFO  Log:28 - Enter password:admin123
2019-07-18 18:21:28 INFO  Log:28 - Login credentails are provided
2019-07-18 18:21:28 INFO  Log:28 - Login button is clicked
2019-07-18 18:21:29 INFO  Log:28 - Home Page of Orange HRM is displayed
2019-07-18 18:21:29 INFO  Log:28 - The module Admin is found
2019-07-18 18:21:29 INFO  Log:28 - The sub-module Organization is found
2019-07-18 18:21:29 INFO  Log:28 - The section Locations is clicked
2019-07-18 18:21:32 INFO  Log:28 - Locations Page of Admin module of Orange HRM is displayed.
2019-07-18 18:21:32 INFO  Log:28 - Options bar is clicked to hide.
2019-07-18 18:21:32 INFO  Log:28 - Options Bar hidden and expanded successfully.
2019-07-18 18:21:32 INFO  Log:28 - The name of the testcase passed is :TC_012_validateOptionsBar
2019-07-18 18:21:32 INFO  Log:28 - Closed the Browser
2019-07-18 18:21:32 INFO  Log:28 - test case ended
2019-07-18 18:21:32 INFO  Log:28 - test case started
2019-07-18 18:21:32 INFO  Log:28 - Launched Chrome Browser
2019-07-18 18:21:35 INFO  Log:28 - TC_013_validateUpdatedCityInfo test case started
2019-07-18 18:21:35 INFO  Log:28 - OrangeHrm application is opened
2019-07-18 18:21:35 INFO  Log:28 - The URL of Orange HRM is loaded
2019-07-18 18:21:40 INFO  Log:28 - Login Page of Orange HRM is displayed
2019-07-18 18:21:40 INFO  Log:28 - Enter username:Admin
2019-07-18 18:21:40 INFO  Log:28 - Enter password:admin123
2019-07-18 18:21:40 INFO  Log:28 - Login credentails are provided
2019-07-18 18:21:40 INFO  Log:28 - Login button is clicked
2019-07-18 18:21:41 INFO  Log:28 - Home Page of Orange HRM is displayed
2019-07-18 18:21:41 INFO  Log:28 - The module Admin is found
2019-07-18 18:21:41 INFO  Log:28 - The sub-module Organization is found
2019-07-18 18:21:42 INFO  Log:28 - The section Locations is clicked
2019-07-18 18:21:44 INFO  Log:28 - Locations Page of Admin module of Orange HRM is displayed.
2019-07-18 18:21:44 INFO  Log:28 - The city Vizag R&D is clicked to get its respective details.
2019-07-18 18:21:45 INFO  Log:28 - Edit button is clicked.
2019-07-18 18:21:45 INFO  Log:28 - Edit Button is clicked
2019-07-18 18:21:45 INFO  Log:28 - The information of phone is updated with 1234567890.
2019-07-18 18:21:45 INFO  Log:28 - Save button is clicked.
2019-07-18 18:21:47 INFO  Log:28 - Save Button is clicked
2019-07-18 18:21:47 INFO  Log:28 - The city Vizag R&D is clicked to get its respective details.
2019-07-18 18:21:47 INFO  Log:28 - Information Updated Successfully.
2019-07-18 18:21:47 INFO  Log:28 - The name of the testcase passed is :TC_013_validateUpdatedCityInfo
2019-07-18 18:21:47 INFO  Log:28 - Closed the Browser
2019-07-18 18:21:48 INFO  Log:28 - test case ended
2019-07-18 18:21:48 INFO  Log:28 - test case started
2019-07-18 18:21:48 INFO  Log:28 - Launched Chrome Browser
2019-07-18 18:21:51 INFO  Log:28 - TC_014_deletingExistedLocation test case started
2019-07-18 18:21:51 INFO  Log:28 - OrangeHrm application is opened
2019-07-18 18:21:51 INFO  Log:28 - The URL of Orange HRM is loaded
2019-07-18 18:21:55 INFO  Log:28 - Login Page of Orange HRM is displayed
2019-07-18 18:21:55 INFO  Log:28 - Enter username:Admin
2019-07-18 18:21:55 INFO  Log:28 - Enter password:admin123
2019-07-18 18:21:55 INFO  Log:28 - Login credentails are provided
2019-07-18 18:21:55 INFO  Log:28 - Login button is clicked
2019-07-18 18:21:57 INFO  Log:28 - Home Page of Orange HRM is displayed
2019-07-18 18:21:57 INFO  Log:28 - The module Admin is found
2019-07-18 18:21:57 INFO  Log:28 - The sub-module Organization is found
2019-07-18 18:21:57 INFO  Log:28 - The section Locations is clicked
2019-07-18 18:22:00 INFO  Log:28 - Locations Page of Admin module of Orange HRM is displayed.
2019-07-18 18:22:00 INFO  Log:28 - The checkbox of Vizag R&D is enabled.
2019-07-18 18:22:00 INFO  Log:28 - Delete button is clicked.
2019-07-18 18:22:00 INFO  Log:28 - Delete Button is clicked
2019-07-18 18:22:00 INFO  Log:28 - OK button is clicked.
2019-07-18 18:22:01 INFO  Log:28 - The locations of Vizag R&D is searched.
2019-07-18 18:22:01 INFO  Log:28 - Search button is clicked.
2019-07-18 18:22:02 INFO  Log:28 - Search Button is clicked
2019-07-18 18:22:02 INFO  Log:28 - No Records Found for Vizag R&D.
2019-07-18 18:22:02 INFO  Log:28 - The name of the testcase passed is :TC_014_deletingExistedLocation
2019-07-18 18:22:02 INFO  Log:28 - Closed the Browser
2019-07-18 18:22:02 INFO  Log:28 - test case ended
2019-07-18 18:22:02 INFO  Log:28 - test case started
2019-07-18 18:22:02 INFO  Log:28 - Launched Chrome Browser
2019-07-18 18:22:05 INFO  Log:28 - TC_015_validateReset test case started
2019-07-18 18:22:05 INFO  Log:28 - OrangeHrm application is opened
2019-07-18 18:22:05 INFO  Log:28 - The URL of Orange HRM is loaded
2019-07-18 18:22:09 INFO  Log:28 - Login Page of Orange HRM is displayed
2019-07-18 18:22:09 INFO  Log:28 - Enter username:Admin
2019-07-18 18:22:09 INFO  Log:28 - Enter password:admin123
2019-07-18 18:22:09 INFO  Log:28 - Login credentails are provided
2019-07-18 18:22:09 INFO  Log:28 - Login button is clicked
2019-07-18 18:22:11 INFO  Log:28 - Home Page of Orange HRM is displayed
2019-07-18 18:22:11 INFO  Log:28 - The module Admin is found
2019-07-18 18:22:11 INFO  Log:28 - The sub-module Organization is found
2019-07-18 18:22:11 INFO  Log:28 - The section Locations is clicked
2019-07-18 18:22:13 INFO  Log:28 - Locations Page of Admin module of Orange HRM is displayed.
2019-07-18 18:22:13 INFO  Log:28 - The locations of Canadian Development Center is searched.
2019-07-18 18:22:14 INFO  Log:28 - Search button is clicked.
2019-07-18 18:22:14 INFO  Log:28 - Search Button is clicked
2019-07-18 18:22:14 INFO  Log:28 - The results for Canadian Development Center were shown below.
2019-07-18 18:22:14 INFO  Log:28 - Reset button is clicked.
2019-07-18 18:22:15 INFO  Log:28 - Reset Button is clicked
2019-07-18 18:22:15 INFO  Log:28 - Reset button is verified.
2019-07-18 18:22:15 INFO  Log:28 - The name of the testcase passed is :TC_015_validateReset
2019-07-18 18:22:15 INFO  Log:28 - Closed the Browser
2019-07-18 18:22:15 INFO  Log:28 - test case ended
2019-07-18 18:22:15 INFO  Log:28 - test case started
2019-07-18 18:22:15 INFO  Log:28 - Launched Chrome Browser
2019-07-18 18:22:18 INFO  Log:28 - TC_016_removeUnitOfStructure test case started
2019-07-18 18:22:18 INFO  Log:28 - OrangeHrm application is opened
2019-07-18 18:22:18 INFO  Log:28 - The URL of Orange HRM is loaded
2019-07-18 18:22:22 INFO  Log:28 - Login Page of Orange HRM is displayed
2019-07-18 18:22:22 INFO  Log:28 - Enter username:Admin
2019-07-18 18:22:22 INFO  Log:28 - Enter password:admin123
2019-07-18 18:22:22 INFO  Log:28 - Login credentails are provided
2019-07-18 18:22:22 INFO  Log:28 - Login button is clicked
2019-07-18 18:22:24 INFO  Log:28 - Home Page of Orange HRM is displayed
2019-07-18 18:22:24 INFO  Log:28 - The module Admin is found
2019-07-18 18:22:24 INFO  Log:28 - The sub-module Organization is found
2019-07-18 18:22:24 INFO  Log:28 - The section Structure is clicked
2019-07-18 18:22:26 INFO  Log:28 - Structure Page of Admin module of Orange HRM is displayed.
2019-07-18 18:22:27 INFO  Log:28 - Edit button is clicked.
2019-07-18 18:22:27 INFO  Log:28 - Edit Button is clicked
2019-07-18 18:22:27 INFO  Log:28 - The unit Sales is edited(x).
2019-07-18 18:22:27 INFO  Log:28 - OK button is clicked.
2019-07-18 18:22:28 INFO  Log:28 - The unit Sales is removed.
2019-07-18 18:22:28 INFO  Log:28 - The name of the testcase passed is :TC_016_removeUnitOfStructure
2019-07-18 18:22:28 INFO  Log:28 - Closed the Browser
2019-07-18 18:22:28 INFO  Log:28 - test case ended
2019-07-18 18:22:28 INFO  Log:28 - test case started
2019-07-18 18:22:28 INFO  Log:28 - Launched Chrome Browser
2019-07-18 18:22:31 INFO  Log:28 - TC_017_addUnitOfStructure test case started
2019-07-18 18:22:31 INFO  Log:28 - OrangeHrm application is opened
2019-07-18 18:22:31 INFO  Log:28 - The URL of Orange HRM is loaded
2019-07-18 18:22:35 INFO  Log:28 - Login Page of Orange HRM is displayed
2019-07-18 18:22:35 INFO  Log:28 - Enter username:Admin
2019-07-18 18:22:35 INFO  Log:28 - Enter password:admin123
2019-07-18 18:22:35 INFO  Log:28 - Login credentails are provided
2019-07-18 18:22:35 INFO  Log:28 - Login button is clicked
2019-07-18 18:22:37 INFO  Log:28 - Home Page of Orange HRM is displayed
2019-07-18 18:22:37 INFO  Log:28 - The module Admin is found
2019-07-18 18:22:37 INFO  Log:28 - The sub-module Organization is found
2019-07-18 18:22:37 INFO  Log:28 - The section Structure is clicked
2019-07-18 18:22:39 INFO  Log:28 - Structure Page of Admin module of Orange HRM is displayed.
2019-07-18 18:22:39 INFO  Log:28 - Edit button is clicked.
2019-07-18 18:22:40 INFO  Log:28 - Edit Button is clicked
2019-07-18 18:22:40 INFO  Log:28 - The unit OrangeHRM (Pvt) Ltd is edited(+).
2019-07-18 18:22:40 INFO  Log:28 - Updated the deatils of the unit.
2019-07-18 18:22:40 INFO  Log:28 - Save button is clicked.
2019-07-18 18:22:41 INFO  Log:28 - Save Button is clicked
2019-07-18 18:22:41 INFO  Log:28 - The unit Business is added.
2019-07-18 18:22:41 INFO  Log:28 - The name of the testcase passed is :TC_017_addUnitOfStructure
2019-07-18 18:22:41 INFO  Log:28 - Closed the Browser
2019-07-18 18:22:42 INFO  Log:28 - test case ended
2019-07-18 18:22:42 INFO  Log:28 - test case started
2019-07-18 18:22:42 INFO  Log:28 - Launched Chrome Browser
2019-07-18 18:22:45 INFO  Log:28 - TC_018_updateUnitOfStructure test case started
2019-07-18 18:22:45 INFO  Log:28 - OrangeHrm application is opened
2019-07-18 18:22:45 INFO  Log:28 - The URL of Orange HRM is loaded
2019-07-18 18:22:49 INFO  Log:28 - Login Page of Orange HRM is displayed
2019-07-18 18:22:49 INFO  Log:28 - Enter username:Admin
2019-07-18 18:22:49 INFO  Log:28 - Enter password:admin123
2019-07-18 18:22:49 INFO  Log:28 - Login credentails are provided
2019-07-18 18:22:49 INFO  Log:28 - Login button is clicked
2019-07-18 18:22:51 INFO  Log:28 - Home Page of Orange HRM is displayed
2019-07-18 18:22:51 INFO  Log:28 - The module Admin is found
2019-07-18 18:22:51 INFO  Log:28 - The sub-module Organization is found
2019-07-18 18:22:51 INFO  Log:28 - The section Structure is clicked
2019-07-18 18:22:53 INFO  Log:28 - Structure Page of Admin module of Orange HRM is displayed.
2019-07-18 18:22:53 INFO  Log:28 - Edit button is clicked.
2019-07-18 18:22:53 INFO  Log:28 - Edit Button is clicked
2019-07-18 18:22:53 INFO  Log:28 - The unit Business is clicked.
2019-07-18 18:22:54 INFO  Log:28 - Updated the deatils of the unit.
2019-07-18 18:22:54 INFO  Log:28 - Save button is clicked.
2019-07-18 18:22:55 INFO  Log:28 - Save Button is clicked
2019-07-18 18:22:56 INFO  Log:28 - The unit Sales is added.
2019-07-18 18:22:56 INFO  Log:28 - The name of the testcase passed is :TC_018_updateUnitOfStructure
2019-07-18 18:22:56 INFO  Log:28 - Closed the Browser
2019-07-18 18:22:56 INFO  Log:28 - test case ended
2019-07-18 18:22:56 INFO  Log:28 - test case started
2019-07-18 18:22:56 INFO  Log:28 - Launched Chrome Browser
2019-07-18 18:22:59 INFO  Log:28 - tc_001_validateSearch_ValidEmpName test case started
2019-07-18 18:22:59 INFO  Log:28 - Test case: tc_001_validateSearch_ValidEmpNameis started
2019-07-18 18:22:59 INFO  Log:28 - OrangeHrm application is opened
2019-07-18 18:22:59 INFO  Log:28 - The URL of Orange HRM is loaded
2019-07-18 18:23:03 INFO  Log:28 - Login Page of Orange HRM is displayed
2019-07-18 18:23:03 INFO  Log:28 - Enter username:Admin
2019-07-18 18:23:04 INFO  Log:28 - Enter password:admin123
2019-07-18 18:23:04 INFO  Log:28 - Login credentails are provided
2019-07-18 18:23:04 INFO  Log:28 - Login button is clicked
2019-07-18 18:23:05 INFO  Log:28 - Home Page of Orange HRM is displayed
2019-07-18 18:23:05 INFO  Log:28 - The module PIM is found
2019-07-18 18:23:05 INFO  Log:28 - The sub-module Employee List is clicked
2019-07-18 18:23:08 INFO  Log:28 - Employee List Module is opened
2019-07-18 18:23:08 INFO  Log:28 - Employee List Page of PIM module of Orange HRM is displayed.
2019-07-18 18:23:08 INFO  Log:28 - empname is provided
2019-07-18 18:23:08 INFO  Log:28 - Search button is clicked.
2019-07-18 18:23:09 INFO  Log:28 - Search Button is clicked
2019-07-18 18:23:10 INFO  Log:28 - validation is done
2019-07-18 18:23:10 INFO  Log:28 - Test case: tc_001_validateSearch_ValidEmpNameis completed
2019-07-18 18:23:10 INFO  Log:28 - The name of the testcase passed is :tc_001_validateSearch_ValidEmpName
2019-07-18 18:23:10 INFO  Log:28 - Closed the Browser
2019-07-18 18:23:10 INFO  Log:28 - test case ended
2019-07-18 18:23:10 INFO  Log:28 - test case started
2019-07-18 18:23:10 INFO  Log:28 - Launched Chrome Browser
2019-07-18 18:23:14 INFO  Log:28 - tc_002_validateSearch_InvalidEmpName test case started
2019-07-18 18:23:14 INFO  Log:28 - Test case:tc_002_validateSearch_InvalidEmpNameis started
2019-07-18 18:23:14 INFO  Log:28 - OrangeHrm application is opened
2019-07-18 18:23:14 INFO  Log:28 - The URL of Orange HRM is loaded
2019-07-18 18:23:18 INFO  Log:28 - Login Page of Orange HRM is displayed
2019-07-18 18:23:18 INFO  Log:28 - Enter username:Admin
2019-07-18 18:23:18 INFO  Log:28 - Enter password:admin123
2019-07-18 18:23:18 INFO  Log:28 - Login credentails are provided
2019-07-18 18:23:18 INFO  Log:28 - Login button is clicked
2019-07-18 18:23:20 INFO  Log:28 - Home Page of Orange HRM is displayed
2019-07-18 18:23:20 INFO  Log:28 - The module PIM is found
2019-07-18 18:23:20 INFO  Log:28 - The sub-module Employee List is clicked
2019-07-18 18:23:23 INFO  Log:28 - Employee List Module is opened
2019-07-18 18:23:23 INFO  Log:28 - Employee List Page of PIM module of Orange HRM is displayed.
2019-07-18 18:23:23 INFO  Log:28 - empname is provided
2019-07-18 18:23:23 INFO  Log:28 - Search button is clicked.
2019-07-18 18:23:23 INFO  Log:28 - Search Button is clicked
2019-07-18 18:23:23 INFO  Log:28 - validation is done
2019-07-18 18:23:23 INFO  Log:28 - Test case: tc_002_validateSearch_InvalidEmpNameis completed
2019-07-18 18:23:23 INFO  Log:28 - The name of the testcase passed is :tc_002_validateSearch_InvalidEmpName
2019-07-18 18:23:23 INFO  Log:28 - Closed the Browser
2019-07-18 18:23:23 INFO  Log:28 - test case ended
2019-07-18 18:23:23 INFO  Log:28 - test case started
2019-07-18 18:23:23 INFO  Log:28 - Launched Chrome Browser
2019-07-18 18:23:27 INFO  Log:28 - tc_003_validateSearch_ValidEmpId test case started
2019-07-18 18:23:27 INFO  Log:28 - Test case:tc_003_validateSearch_ValidEmpIdis started
2019-07-18 18:23:27 INFO  Log:28 - OrangeHrm application is opened
2019-07-18 18:23:27 INFO  Log:28 - The URL of Orange HRM is loaded
2019-07-18 18:23:31 INFO  Log:28 - Login Page of Orange HRM is displayed
2019-07-18 18:23:31 INFO  Log:28 - Enter username:Admin
2019-07-18 18:23:31 INFO  Log:28 - Enter password:admin123
2019-07-18 18:23:31 INFO  Log:28 - Login credentails are provided
2019-07-18 18:23:31 INFO  Log:28 - Login button is clicked
2019-07-18 18:23:32 INFO  Log:28 - Home Page of Orange HRM is displayed
2019-07-18 18:23:32 INFO  Log:28 - The module PIM is found
2019-07-18 18:23:32 INFO  Log:28 - The sub-module Employee List is clicked
2019-07-18 18:23:35 INFO  Log:28 - Employee List Module is opened
2019-07-18 18:23:35 INFO  Log:28 - Employee List Page of PIM module of Orange HRM is displayed.
2019-07-18 18:23:35 INFO  Log:28 - empid  is provided
2019-07-18 18:23:35 INFO  Log:28 - Search button is clicked.
2019-07-18 18:23:36 INFO  Log:28 - Search Button is clicked
2019-07-18 18:23:37 INFO  Log:28 - validation is done
2019-07-18 18:23:37 INFO  Log:28 - Test case: tc_003_validateSearch_ValidEmpIdis completed
2019-07-18 18:23:37 INFO  Log:28 - The name of the testcase passed is :tc_003_validateSearch_ValidEmpId
2019-07-18 18:23:37 INFO  Log:28 - Closed the Browser
2019-07-18 18:23:37 INFO  Log:28 - test case ended
2019-07-18 18:23:37 INFO  Log:28 - test case started
2019-07-18 18:23:37 INFO  Log:28 - Launched Chrome Browser
2019-07-18 18:23:40 INFO  Log:28 - tc_004_validateSearch_InvalidEmpId test case started
2019-07-18 18:23:40 INFO  Log:28 - Test case:tc_004_validateSearch_InvalidEmpIdis started
2019-07-18 18:23:40 INFO  Log:28 - OrangeHrm application is opened
2019-07-18 18:23:40 INFO  Log:28 - The URL of Orange HRM is loaded
2019-07-18 18:23:44 INFO  Log:28 - Login Page of Orange HRM is displayed
2019-07-18 18:23:44 INFO  Log:28 - Enter username:Admin
2019-07-18 18:23:45 INFO  Log:28 - Enter password:admin123
2019-07-18 18:23:45 INFO  Log:28 - Login credentails are provided
2019-07-18 18:23:45 INFO  Log:28 - Login button is clicked
2019-07-18 18:23:46 INFO  Log:28 - Home Page of Orange HRM is displayed
2019-07-18 18:23:46 INFO  Log:28 - The module PIM is found
2019-07-18 18:23:46 INFO  Log:28 - The sub-module Employee List is clicked
2019-07-18 18:23:49 INFO  Log:28 - Employee List Module is opened
2019-07-18 18:23:49 INFO  Log:28 - Employee List Page of PIM module of Orange HRM is displayed.
2019-07-18 18:23:49 INFO  Log:28 - empid  is provided
2019-07-18 18:23:49 INFO  Log:28 - Search button is clicked.
2019-07-18 18:23:50 INFO  Log:28 - Search Button is clicked
2019-07-18 18:23:50 INFO  Log:28 - validation is done
2019-07-18 18:23:50 INFO  Log:28 - Test case: tc_004_validateSearch_InvalidEmpIdis completed
2019-07-18 18:23:50 INFO  Log:28 - The name of the testcase passed is :tc_004_validateSearch_InvalidEmpId
2019-07-18 18:23:50 INFO  Log:28 - Closed the Browser
2019-07-18 18:23:50 INFO  Log:28 - test case ended
2019-07-18 18:23:50 INFO  Log:28 - test case started
2019-07-18 18:23:50 INFO  Log:28 - Launched Chrome Browser
2019-07-18 18:23:53 INFO  Log:28 - tc_005_validateSearch_EmpStatus test case started
2019-07-18 18:23:53 INFO  Log:28 - Test case:tc_005_validateSearch_EmpStatusis started
2019-07-18 18:23:53 INFO  Log:28 - OrangeHrm application is opened
2019-07-18 18:23:53 INFO  Log:28 - The URL of Orange HRM is loaded
2019-07-18 18:23:57 INFO  Log:28 - Login Page of Orange HRM is displayed
2019-07-18 18:23:57 INFO  Log:28 - Enter username:Admin
2019-07-18 18:23:57 INFO  Log:28 - Enter password:admin123
2019-07-18 18:23:57 INFO  Log:28 - Login credentails are provided
2019-07-18 18:23:58 INFO  Log:28 - Login button is clicked
2019-07-18 18:23:59 INFO  Log:28 - Home Page of Orange HRM is displayed
2019-07-18 18:23:59 INFO  Log:28 - The module PIM is found
2019-07-18 18:23:59 INFO  Log:28 - The sub-module Employee List is clicked
2019-07-18 18:24:02 INFO  Log:28 - Employee List Module is opened
2019-07-18 18:24:02 INFO  Log:28 - Employee List Page of PIM module of Orange HRM is displayed.
2019-07-18 18:24:02 INFO  Log:28 - emp status is selected
2019-07-18 18:24:02 INFO  Log:28 - Search button is clicked.
2019-07-18 18:24:03 INFO  Log:28 - Search Button is clicked
2019-07-18 18:24:04 INFO  Log:28 - validation is done
2019-07-18 18:24:04 INFO  Log:28 - Test case: tc_005_validateSearch_EmpStatusis completed
2019-07-18 18:24:04 INFO  Log:28 - The name of the testcase passed is :tc_005_validateSearch_EmpStatus
2019-07-18 18:24:04 INFO  Log:28 - Closed the Browser
2019-07-18 18:24:04 INFO  Log:28 - test case ended
2019-07-18 18:24:04 INFO  Log:28 - test case started
2019-07-18 18:24:04 INFO  Log:28 - Launched Chrome Browser
2019-07-18 18:24:07 INFO  Log:28 - tc_006_validateSearch_EmpJobTitle test case started
2019-07-18 18:24:07 INFO  Log:28 - Test case:tc_006_validateSearch_EmpJobTitleis started
2019-07-18 18:24:07 INFO  Log:28 - OrangeHrm application is opened
2019-07-18 18:24:07 INFO  Log:28 - The URL of Orange HRM is loaded
2019-07-18 18:24:11 INFO  Log:28 - Login Page of Orange HRM is displayed
2019-07-18 18:24:11 INFO  Log:28 - Enter username:Admin
2019-07-18 18:24:11 INFO  Log:28 - Enter password:admin123
2019-07-18 18:24:11 INFO  Log:28 - Login credentails are provided
2019-07-18 18:24:11 INFO  Log:28 - Login button is clicked
2019-07-18 18:24:13 INFO  Log:28 - Home Page of Orange HRM is displayed
2019-07-18 18:24:13 INFO  Log:28 - The module PIM is found
2019-07-18 18:24:13 INFO  Log:28 - The sub-module Employee List is clicked
2019-07-18 18:24:16 INFO  Log:28 - Employee List Module is opened
2019-07-18 18:24:16 INFO  Log:28 - Employee List Page of PIM module of Orange HRM is displayed.
2019-07-18 18:24:16 INFO  Log:28 - jobtitile is selected
2019-07-18 18:24:16 INFO  Log:28 - Search button is clicked.
2019-07-18 18:24:16 INFO  Log:28 - Search Button is clicked
2019-07-18 18:24:18 INFO  Log:28 - validation is done
2019-07-18 18:24:18 INFO  Log:28 - Test case: tc_006_validateSearch_EmpJobTitleis completed
2019-07-18 18:24:18 INFO  Log:28 - The name of the testcase passed is :tc_006_validateSearch_EmpJobTitle
2019-07-18 18:24:18 INFO  Log:28 - Closed the Browser
2019-07-18 18:24:18 INFO  Log:28 - test case ended
2019-07-18 18:24:18 INFO  Log:28 - test case started
2019-07-18 18:24:18 INFO  Log:28 - Launched Chrome Browser
2019-07-18 18:24:21 INFO  Log:28 - tc_007_validateSearch_EmpSubUnit test case started
2019-07-18 18:24:21 INFO  Log:28 - Test case:tc_007_validateSearch_EmpSubUnitis started
2019-07-18 18:24:21 INFO  Log:28 - OrangeHrm application is opened
2019-07-18 18:24:21 INFO  Log:28 - The URL of Orange HRM is loaded
2019-07-18 18:24:25 INFO  Log:28 - Login Page of Orange HRM is displayed
2019-07-18 18:24:25 INFO  Log:28 - Enter username:Admin
2019-07-18 18:24:25 INFO  Log:28 - Enter password:admin123
2019-07-18 18:24:25 INFO  Log:28 - Login credentails are provided
2019-07-18 18:24:25 INFO  Log:28 - Login button is clicked
2019-07-18 18:24:27 INFO  Log:28 - Home Page of Orange HRM is displayed
2019-07-18 18:24:27 INFO  Log:28 - The module PIM is found
2019-07-18 18:24:27 INFO  Log:28 - The sub-module Employee List is clicked
2019-07-18 18:24:30 INFO  Log:28 - Employee List Module is opened
2019-07-18 18:24:30 INFO  Log:28 - Employee List Page of PIM module of Orange HRM is displayed.
2019-07-18 18:24:30 INFO  Log:28 - subunit is selected
2019-07-18 18:24:30 INFO  Log:28 - Search button is clicked.
2019-07-18 18:24:31 INFO  Log:28 - Search Button is clicked
2019-07-18 18:24:32 INFO  Log:28 - validation is done
2019-07-18 18:24:32 INFO  Log:28 - Test case: tc_007_validateSearch_EmpSubUnitis completed
2019-07-18 18:24:32 INFO  Log:28 - The name of the testcase passed is :tc_007_validateSearch_EmpSubUnit
2019-07-18 18:24:32 INFO  Log:28 - Closed the Browser
2019-07-18 18:24:32 INFO  Log:28 - test case ended
2019-07-18 18:24:32 INFO  Log:28 - test case started
2019-07-18 18:24:32 INFO  Log:28 - Launched Chrome Browser
2019-07-18 18:24:35 INFO  Log:28 - tc_008_validateSearch_ValidEmpName_ValidEmpId test case started
2019-07-18 18:24:35 INFO  Log:28 - Test case:tc_008_validateSearch_ValidEmpName_ValidEmpIdis started
2019-07-18 18:24:35 INFO  Log:28 - OrangeHrm application is opened
2019-07-18 18:24:35 INFO  Log:28 - The URL of Orange HRM is loaded
2019-07-18 18:24:39 INFO  Log:28 - Login Page of Orange HRM is displayed
2019-07-18 18:24:39 INFO  Log:28 - Enter username:Admin
2019-07-18 18:24:39 INFO  Log:28 - Enter password:admin123
2019-07-18 18:24:39 INFO  Log:28 - Login credentails are provided
2019-07-18 18:24:39 INFO  Log:28 - Login button is clicked
2019-07-18 18:24:41 INFO  Log:28 - Home Page of Orange HRM is displayed
2019-07-18 18:24:41 INFO  Log:28 - The module PIM is found
2019-07-18 18:24:41 INFO  Log:28 - The sub-module Employee List is clicked
2019-07-18 18:24:44 INFO  Log:28 - Employee List Module is opened
2019-07-18 18:24:44 INFO  Log:28 - Employee List Page of PIM module of Orange HRM is displayed.
2019-07-18 18:24:44 INFO  Log:28 - empname is provided
2019-07-18 18:24:44 INFO  Log:28 - empid  is provided
2019-07-18 18:24:44 INFO  Log:28 - Search button is clicked.
2019-07-18 18:24:44 INFO  Log:28 - Search Button is clicked
2019-07-18 18:24:46 INFO  Log:28 - validation is done
2019-07-18 18:24:46 INFO  Log:28 - Test case: tc_008_validateSearch_ValidEmpName_ValidEmpIdis completed
2019-07-18 18:24:46 INFO  Log:28 - The name of the testcase passed is :tc_008_validateSearch_ValidEmpName_ValidEmpId
2019-07-18 18:24:46 INFO  Log:28 - Closed the Browser
2019-07-18 18:24:46 INFO  Log:28 - test case ended
2019-07-18 18:24:46 INFO  Log:28 - test case started
2019-07-18 18:24:46 INFO  Log:28 - Launched Chrome Browser
2019-07-18 18:24:49 INFO  Log:28 - tc_009_validateSearch_ValidEmpName_InvalidEmpId test case started
2019-07-18 18:24:49 INFO  Log:28 - Test case:tc_009_validateSearch_ValidEmpName_InvalidEmpIdis started
2019-07-18 18:24:49 INFO  Log:28 - OrangeHrm application is opened
2019-07-18 18:24:49 INFO  Log:28 - The URL of Orange HRM is loaded
2019-07-18 18:24:53 INFO  Log:28 - Login Page of Orange HRM is displayed
2019-07-18 18:24:53 INFO  Log:28 - Enter username:Admin
2019-07-18 18:24:53 INFO  Log:28 - Enter password:admin123
2019-07-18 18:24:53 INFO  Log:28 - Login credentails are provided
2019-07-18 18:24:53 INFO  Log:28 - Login button is clicked
2019-07-18 18:24:55 INFO  Log:28 - Home Page of Orange HRM is displayed
2019-07-18 18:24:55 INFO  Log:28 - The module PIM is found
2019-07-18 18:24:55 INFO  Log:28 - The sub-module Employee List is clicked
2019-07-18 18:24:58 INFO  Log:28 - Employee List Module is opened
2019-07-18 18:24:58 INFO  Log:28 - Employee List Page of PIM module of Orange HRM is displayed.
2019-07-18 18:24:58 INFO  Log:28 - empname is provided
2019-07-18 18:24:58 INFO  Log:28 - empid  is provided
2019-07-18 18:24:58 INFO  Log:28 - Search button is clicked.
2019-07-18 18:24:59 INFO  Log:28 - Search Button is clicked
2019-07-18 18:24:59 INFO  Log:28 - validation is done
2019-07-18 18:24:59 INFO  Log:28 - Test case: tc_009_validateSearch_ValidEmpName_InvalidEmpIdis completed
2019-07-18 18:24:59 INFO  Log:28 - The name of the testcase passed is :tc_009_validateSearch_ValidEmpName_InvalidEmpId
2019-07-18 18:24:59 INFO  Log:28 - Closed the Browser
2019-07-18 18:25:01 INFO  Log:28 - test case ended
2019-07-18 18:25:01 INFO  Log:28 - test case started
2019-07-18 18:25:01 INFO  Log:28 - Launched Chrome Browser
2019-07-18 18:25:04 INFO  Log:28 - tc_010_validateSearch_InvalidEmpName_ValidEmpId test case started
2019-07-18 18:25:04 INFO  Log:28 - Test case:tc_010_validateSearch_InvalidEmpName_ValidEmpIdis started
2019-07-18 18:25:04 INFO  Log:28 - OrangeHrm application is opened
2019-07-18 18:25:04 INFO  Log:28 - The URL of Orange HRM is loaded
2019-07-18 18:25:08 INFO  Log:28 - Login Page of Orange HRM is displayed
2019-07-18 18:25:08 INFO  Log:28 - Enter username:Admin
2019-07-18 18:25:09 INFO  Log:28 - Enter password:admin123
2019-07-18 18:25:09 INFO  Log:28 - Login credentails are provided
2019-07-18 18:25:09 INFO  Log:28 - Login button is clicked
2019-07-18 18:25:10 INFO  Log:28 - Home Page of Orange HRM is displayed
2019-07-18 18:25:10 INFO  Log:28 - The module PIM is found
2019-07-18 18:25:10 INFO  Log:28 - The sub-module Employee List is clicked
2019-07-18 18:25:13 INFO  Log:28 - Employee List Module is opened
2019-07-18 18:25:13 INFO  Log:28 - Employee List Page of PIM module of Orange HRM is displayed.
2019-07-18 18:25:13 INFO  Log:28 - empname is provided
2019-07-18 18:25:13 INFO  Log:28 - empid  is provided
2019-07-18 18:25:13 INFO  Log:28 - Search button is clicked.
2019-07-18 18:25:14 INFO  Log:28 - Search Button is clicked
2019-07-18 18:25:14 INFO  Log:28 - validation is done
2019-07-18 18:25:14 INFO  Log:28 - Test case: tc_010_validateSearch_InvalidEmpName_ValidEmpIdis completed
2019-07-18 18:25:14 INFO  Log:28 - The name of the testcase passed is :tc_010_validateSearch_InvalidEmpName_ValidEmpId
2019-07-18 18:25:14 INFO  Log:28 - Closed the Browser
2019-07-18 18:25:14 INFO  Log:28 - test case ended
2019-07-18 18:25:14 INFO  Log:28 - test case started
2019-07-18 18:25:14 INFO  Log:28 - Launched Chrome Browser
2019-07-18 18:25:17 INFO  Log:28 - tc_011_validateSearch_InvalidEmpName_InValidEmpId test case started
2019-07-18 18:25:17 INFO  Log:28 - Test case:tc_011_validateSearch_InvalidEmpName_InValidEmpIdis started
2019-07-18 18:25:17 INFO  Log:28 - OrangeHrm application is opened
2019-07-18 18:25:17 INFO  Log:28 - The URL of Orange HRM is loaded
2019-07-18 18:25:21 INFO  Log:28 - Login Page of Orange HRM is displayed
2019-07-18 18:25:21 INFO  Log:28 - Enter username:Admin
2019-07-18 18:25:21 INFO  Log:28 - Enter password:admin123
2019-07-18 18:25:21 INFO  Log:28 - Login credentails are provided
2019-07-18 18:25:21 INFO  Log:28 - Login button is clicked
2019-07-18 18:25:23 INFO  Log:28 - Home Page of Orange HRM is displayed
2019-07-18 18:25:23 INFO  Log:28 - The module PIM is found
2019-07-18 18:25:23 INFO  Log:28 - The sub-module Employee List is clicked
2019-07-18 18:25:26 INFO  Log:28 - Employee List Module is opened
2019-07-18 18:25:26 INFO  Log:28 - Employee List Page of PIM module of Orange HRM is displayed.
2019-07-18 18:25:26 INFO  Log:28 - empname is provided
2019-07-18 18:25:26 INFO  Log:28 - empid  is provided
2019-07-18 18:25:26 INFO  Log:28 - Search button is clicked.
2019-07-18 18:25:26 INFO  Log:28 - Search Button is clicked
2019-07-18 18:25:26 INFO  Log:28 - validation is done
2019-07-18 18:25:26 INFO  Log:28 - Test case: tc_011_validateSearch_InvalidEmpName_InValidEmpIdis completed
2019-07-18 18:25:26 INFO  Log:28 - The name of the testcase passed is :tc_011_validateSearch_InvalidEmpName_InValidEmpId
2019-07-18 18:25:26 INFO  Log:28 - Closed the Browser
2019-07-18 18:25:27 INFO  Log:28 - test case ended
2019-07-18 18:25:27 INFO  Log:28 - test case started
2019-07-18 18:25:27 INFO  Log:28 - Launched Chrome Browser
2019-07-18 18:25:30 INFO  Log:28 - tc_012_validateSearch_ValidSupervisorName test case started
2019-07-18 18:25:30 INFO  Log:28 - Test case:tc_012_validateSearch_ValidSupervisorNameis started
2019-07-18 18:25:30 INFO  Log:28 - OrangeHrm application is opened
2019-07-18 18:25:30 INFO  Log:28 - The URL of Orange HRM is loaded
2019-07-18 18:25:34 INFO  Log:28 - Login Page of Orange HRM is displayed
2019-07-18 18:25:34 INFO  Log:28 - Enter username:Admin
2019-07-18 18:25:34 INFO  Log:28 - Enter password:admin123
2019-07-18 18:25:34 INFO  Log:28 - Login credentails are provided
2019-07-18 18:25:34 INFO  Log:28 - Login button is clicked
2019-07-18 18:25:36 INFO  Log:28 - Home Page of Orange HRM is displayed
2019-07-18 18:25:36 INFO  Log:28 - The module PIM is found
2019-07-18 18:25:36 INFO  Log:28 - The sub-module Employee List is clicked
2019-07-18 18:25:39 INFO  Log:28 - Employee List Module is opened
2019-07-18 18:25:39 INFO  Log:28 - Employee List Page of PIM module of Orange HRM is displayed.
2019-07-18 18:25:39 INFO  Log:28 - supervisor name is provided
2019-07-18 18:25:39 INFO  Log:28 - Search button is clicked.
2019-07-18 18:25:39 INFO  Log:28 - Search Button is clicked
2019-07-18 18:25:39 INFO  Log:28 - validation is done
2019-07-18 18:25:39 INFO  Log:28 - Test case: tc_012_validateSearch_ValidSupervisorNameis completed
2019-07-18 18:25:39 INFO  Log:28 - The name of the testcase passed is :tc_012_validateSearch_ValidSupervisorName
2019-07-18 18:25:39 INFO  Log:28 - Closed the Browser
2019-07-18 18:25:39 INFO  Log:28 - test case ended
2019-07-18 18:25:39 INFO  Log:28 - test case started
2019-07-18 18:25:39 INFO  Log:28 - Launched Chrome Browser
2019-07-18 18:25:43 INFO  Log:28 - tc_013_validateSearch_InvalidSupervisorName test case started
2019-07-18 18:25:43 INFO  Log:28 - Test case:tc_013_validateSearch_InvalidSupervisorNameis started
2019-07-18 18:25:43 INFO  Log:28 - OrangeHrm application is opened
2019-07-18 18:25:43 INFO  Log:28 - The URL of Orange HRM is loaded
2019-07-18 18:25:47 INFO  Log:28 - Login Page of Orange HRM is displayed
2019-07-18 18:25:47 INFO  Log:28 - Enter username:Admin
2019-07-18 18:25:47 INFO  Log:28 - Enter password:admin123
2019-07-18 18:25:47 INFO  Log:28 - Login credentails are provided
2019-07-18 18:25:47 INFO  Log:28 - Login button is clicked
2019-07-18 18:25:49 INFO  Log:28 - Home Page of Orange HRM is displayed
2019-07-18 18:25:49 INFO  Log:28 - The module PIM is found
2019-07-18 18:25:49 INFO  Log:28 - The sub-module Employee List is clicked
2019-07-18 18:25:51 INFO  Log:28 - Employee List Module is opened
2019-07-18 18:25:51 INFO  Log:28 - Employee List Page of PIM module of Orange HRM is displayed.
2019-07-18 18:25:51 INFO  Log:28 - supervisor name is provided
2019-07-18 18:25:51 INFO  Log:28 - Search button is clicked.
2019-07-18 18:25:52 INFO  Log:28 - Search Button is clicked
2019-07-18 18:25:52 INFO  Log:28 - validation is done
2019-07-18 18:25:52 INFO  Log:28 - Test case: tc_013_validateSearch_InvalidSupervisorNameis completed
2019-07-18 18:25:52 INFO  Log:28 - The name of the testcase passed is :tc_013_validateSearch_InvalidSupervisorName
2019-07-18 18:25:52 INFO  Log:28 - Closed the Browser
2019-07-18 18:25:52 INFO  Log:28 - test case ended
2019-07-18 18:25:52 INFO  Log:28 - test case started
2019-07-18 18:25:52 INFO  Log:28 - Launched Chrome Browser
2019-07-18 18:25:55 INFO  Log:28 - tc_014_validateSearch_ValidEmpName_ValidEmpId_InvalidSupervisorName test case started
2019-07-18 18:25:55 INFO  Log:28 - Test case:tc_014_validateSearch_ValidEmpName_ValidEmpId_InvalidSupervisorNameis started
2019-07-18 18:25:55 INFO  Log:28 - OrangeHrm application is opened
2019-07-18 18:25:55 INFO  Log:28 - The URL of Orange HRM is loaded
2019-07-18 18:25:59 INFO  Log:28 - Login Page of Orange HRM is displayed
2019-07-18 18:25:59 INFO  Log:28 - Enter username:Admin
2019-07-18 18:26:00 INFO  Log:28 - Enter password:admin123
2019-07-18 18:26:00 INFO  Log:28 - Login credentails are provided
2019-07-18 18:26:00 INFO  Log:28 - Login button is clicked
2019-07-18 18:26:01 INFO  Log:28 - Home Page of Orange HRM is displayed
2019-07-18 18:26:01 INFO  Log:28 - The module PIM is found
2019-07-18 18:26:01 INFO  Log:28 - The sub-module Employee List is clicked
2019-07-18 18:26:04 INFO  Log:28 - Employee List Module is opened
2019-07-18 18:26:04 INFO  Log:28 - Employee List Page of PIM module of Orange HRM is displayed.
2019-07-18 18:26:04 INFO  Log:28 - empname is provided
2019-07-18 18:26:04 INFO  Log:28 - empid  is provided
2019-07-18 18:26:04 INFO  Log:28 - supervisor name is provided
2019-07-18 18:26:04 INFO  Log:28 - Search button is clicked.
2019-07-18 18:26:05 INFO  Log:28 - Search Button is clicked
2019-07-18 18:26:05 INFO  Log:28 - validation is done
2019-07-18 18:26:05 INFO  Log:28 - Test case: tc_014_validateSearch_ValidEmpName_ValidEmpId_InvalidSupervisorNameis completed
2019-07-18 18:26:05 INFO  Log:28 - The name of the testcase passed is :tc_014_validateSearch_ValidEmpName_ValidEmpId_InvalidSupervisorName
2019-07-18 18:26:05 INFO  Log:28 - Closed the Browser
2019-07-18 18:26:05 INFO  Log:28 - test case ended
2019-07-18 18:26:05 INFO  Log:28 - test case started
2019-07-18 18:26:05 INFO  Log:28 - Launched Chrome Browser
2019-07-18 18:26:08 INFO  Log:28 - tc_015_validateSearch_ValidEmpName_ValidEmpId_ValidSupervisorName test case started
2019-07-18 18:26:08 INFO  Log:28 - tc_015_validateSearch_ValidEmpName_ValidEmpId_ValidSupervisorNameis started
2019-07-18 18:26:08 INFO  Log:28 - OrangeHrm application is opened
2019-07-18 18:26:08 INFO  Log:28 - The URL of Orange HRM is loaded
2019-07-18 18:26:12 INFO  Log:28 - Login Page of Orange HRM is displayed
2019-07-18 18:26:12 INFO  Log:28 - Enter username:Admin
2019-07-18 18:26:12 INFO  Log:28 - Enter password:admin123
2019-07-18 18:26:13 INFO  Log:28 - Login credentails are provided
2019-07-18 18:26:13 INFO  Log:28 - Login button is clicked
2019-07-18 18:26:14 INFO  Log:28 - Home Page of Orange HRM is displayed
2019-07-18 18:26:14 INFO  Log:28 - The module PIM is found
2019-07-18 18:26:14 INFO  Log:28 - The sub-module Employee List is clicked
2019-07-18 18:26:17 INFO  Log:28 - Employee List Module is opened
2019-07-18 18:26:17 INFO  Log:28 - Employee List Page of PIM module of Orange HRM is displayed.
2019-07-18 18:26:17 INFO  Log:28 - empname is provided
2019-07-18 18:26:17 INFO  Log:28 - empid  is provided
2019-07-18 18:26:17 INFO  Log:28 - supervisor name is provided
2019-07-18 18:26:17 INFO  Log:28 - Search button is clicked.
2019-07-18 18:26:18 INFO  Log:28 - Search Button is clicked
2019-07-18 18:26:18 INFO  Log:28 - validation is done
2019-07-18 18:26:18 INFO  Log:28 - Test case: tc_015_validateSearch_ValidEmpName_ValidEmpId_ValidSupervisorNameis completed
2019-07-18 18:26:18 INFO  Log:28 - The name of the testcase passed is :tc_015_validateSearch_ValidEmpName_ValidEmpId_ValidSupervisorName
2019-07-18 18:26:18 INFO  Log:28 - Closed the Browser
2019-07-18 18:26:18 INFO  Log:28 - test case ended
2019-07-18 18:26:18 INFO  Log:28 - test case started
2019-07-18 18:26:18 INFO  Log:28 - Launched Chrome Browser
2019-07-18 18:26:21 INFO  Log:28 - tc_016_validateSearch_InvalidEmpName_ValidEmpId_ValidSupervisorName test case started
2019-07-18 18:26:21 INFO  Log:28 - tc_016_validateSearch_InvalidEmpName_ValidEmpId_ValidSupervisorNameis started
2019-07-18 18:26:21 INFO  Log:28 - OrangeHrm application is opened
2019-07-18 18:26:21 INFO  Log:28 - The URL of Orange HRM is loaded
2019-07-18 18:26:25 INFO  Log:28 - Login Page of Orange HRM is displayed
2019-07-18 18:26:25 INFO  Log:28 - Enter username:Admin
2019-07-18 18:26:25 INFO  Log:28 - Enter password:admin123
2019-07-18 18:26:25 INFO  Log:28 - Login credentails are provided
2019-07-18 18:26:25 INFO  Log:28 - Login button is clicked
2019-07-18 18:26:27 INFO  Log:28 - Home Page of Orange HRM is displayed
2019-07-18 18:26:27 INFO  Log:28 - The module PIM is found
2019-07-18 18:26:27 INFO  Log:28 - The sub-module Employee List is clicked
2019-07-18 18:26:30 INFO  Log:28 - Employee List Module is opened
2019-07-18 18:26:30 INFO  Log:28 - Employee List Page of PIM module of Orange HRM is displayed.
2019-07-18 18:26:30 INFO  Log:28 - empname is provided
2019-07-18 18:26:30 INFO  Log:28 - empid  is provided
2019-07-18 18:26:30 INFO  Log:28 - supervisor name is provided
2019-07-18 18:26:30 INFO  Log:28 - Search button is clicked.
2019-07-18 18:26:30 INFO  Log:28 - Search Button is clicked
2019-07-18 18:26:30 INFO  Log:28 - validation is done
2019-07-18 18:26:30 INFO  Log:28 - Test case: tc_016_validateSearch_InvalidEmpName_ValidEmpId_ValidSupervisorNameis completed
2019-07-18 18:26:30 INFO  Log:28 - The name of the testcase passed is :tc_016_validateSearch_InvalidEmpName_ValidEmpId_ValidSupervisorName
2019-07-18 18:26:30 INFO  Log:28 - Closed the Browser
2019-07-18 18:26:30 INFO  Log:28 - test case ended
2019-07-18 18:26:30 INFO  Log:28 - test case started
2019-07-18 18:26:31 INFO  Log:28 - Launched Chrome Browser
2019-07-18 18:26:34 INFO  Log:28 - tc_017_ValidateSearch_InvalidEmpName_InvalidEmpId_ValidSupervisorName test case started
2019-07-18 18:26:34 INFO  Log:28 - tc_017_ValidateSearch_InvalidEmpName_InvalidEmpId_ValidSupervisorNameis started
2019-07-18 18:26:34 INFO  Log:28 - OrangeHrm application is opened
2019-07-18 18:26:34 INFO  Log:28 - The URL of Orange HRM is loaded
2019-07-18 18:26:38 INFO  Log:28 - Login Page of Orange HRM is displayed
2019-07-18 18:26:38 INFO  Log:28 - Enter username:Admin
2019-07-18 18:26:38 INFO  Log:28 - Enter password:admin123
2019-07-18 18:26:38 INFO  Log:28 - Login credentails are provided
2019-07-18 18:26:38 INFO  Log:28 - Login button is clicked
2019-07-18 18:26:40 INFO  Log:28 - Home Page of Orange HRM is displayed
2019-07-18 18:26:40 INFO  Log:28 - The module PIM is found
2019-07-18 18:26:40 INFO  Log:28 - The sub-module Employee List is clicked
2019-07-18 18:26:42 INFO  Log:28 - Employee List Module is opened
2019-07-18 18:26:43 INFO  Log:28 - Employee List Page of PIM module of Orange HRM is displayed.
2019-07-18 18:26:43 INFO  Log:28 - empname is provided
2019-07-18 18:26:43 INFO  Log:28 - empid  is provided
2019-07-18 18:26:43 INFO  Log:28 - supervisor name is provided
2019-07-18 18:26:43 INFO  Log:28 - Search button is clicked.
2019-07-18 18:26:43 INFO  Log:28 - Search Button is clicked
2019-07-18 18:26:43 INFO  Log:28 - validation is done
2019-07-18 18:26:43 INFO  Log:28 - Test case: tc_017_ValidateSearch_InvalidEmpName_InvalidEmpId_ValidSupervisorNameis completed
2019-07-18 18:26:43 INFO  Log:28 - The name of the testcase passed is :tc_017_ValidateSearch_InvalidEmpName_InvalidEmpId_ValidSupervisorName
2019-07-18 18:26:43 INFO  Log:28 - Closed the Browser
2019-07-18 18:26:43 INFO  Log:28 - test case ended
2019-07-18 18:26:43 INFO  Log:28 - test case started
2019-07-18 18:26:43 INFO  Log:28 - Launched Chrome Browser
2019-07-18 18:26:47 INFO  Log:28 - tc_018_validateSearch_ValidEmpName_InvalidEmpId_InvalidSupervisorName test case started
2019-07-18 18:26:47 INFO  Log:28 - tc_018_validateSearch_ValidEmpName_InvalidEmpId_InvalidSupervisorNameis started
2019-07-18 18:26:47 INFO  Log:28 - OrangeHrm application is opened
2019-07-18 18:26:47 INFO  Log:28 - The URL of Orange HRM is loaded
2019-07-18 18:26:51 INFO  Log:28 - Login Page of Orange HRM is displayed
2019-07-18 18:26:51 INFO  Log:28 - Enter username:Admin
2019-07-18 18:26:51 INFO  Log:28 - Enter password:admin123
2019-07-18 18:26:51 INFO  Log:28 - Login credentails are provided
2019-07-18 18:26:51 INFO  Log:28 - Login button is clicked
2019-07-18 18:26:53 INFO  Log:28 - Home Page of Orange HRM is displayed
2019-07-18 18:26:53 INFO  Log:28 - The module PIM is found
2019-07-18 18:26:53 INFO  Log:28 - The sub-module Employee List is clicked
2019-07-18 18:26:55 INFO  Log:28 - Employee List Module is opened
2019-07-18 18:26:55 INFO  Log:28 - Employee List Page of PIM module of Orange HRM is displayed.
2019-07-18 18:26:56 INFO  Log:28 - empname is provided
2019-07-18 18:26:56 INFO  Log:28 - empid  is provided
2019-07-18 18:26:56 INFO  Log:28 - supervisor name is provided
2019-07-18 18:26:56 INFO  Log:28 - Search button is clicked.
2019-07-18 18:26:56 INFO  Log:28 - Search Button is clicked
2019-07-18 18:26:56 INFO  Log:28 - validation is done
2019-07-18 18:26:56 INFO  Log:28 - Test case: tc_018_validateSearch_ValidEmpName_InvalidEmpId_InvalidSupervisorNameis completed
2019-07-18 18:26:56 INFO  Log:28 - The name of the testcase passed is :tc_018_validateSearch_ValidEmpName_InvalidEmpId_InvalidSupervisorName
2019-07-18 18:26:56 INFO  Log:28 - Closed the Browser
2019-07-18 18:26:56 INFO  Log:28 - test case ended
2019-07-18 18:26:56 INFO  Log:28 - test case started
2019-07-18 18:26:56 INFO  Log:28 - Launched Chrome Browser
2019-07-18 18:27:00 INFO  Log:28 - tc_019_validateSearch_InvalidEmpName_ValidEmpId_InvalidSupervisorName test case started
2019-07-18 18:27:00 INFO  Log:28 - tc_019_validateSearch_InvalidEmpName_ValidEmpId_InvalidSupervisorNameis started
2019-07-18 18:27:00 INFO  Log:28 - OrangeHrm application is opened
2019-07-18 18:27:00 INFO  Log:28 - The URL of Orange HRM is loaded
2019-07-18 18:27:04 INFO  Log:28 - Login Page of Orange HRM is displayed
2019-07-18 18:27:04 INFO  Log:28 - Enter username:Admin
2019-07-18 18:27:04 INFO  Log:28 - Enter password:admin123
2019-07-18 18:27:04 INFO  Log:28 - Login credentails are provided
2019-07-18 18:27:04 INFO  Log:28 - Login button is clicked
2019-07-18 18:27:05 INFO  Log:28 - Home Page of Orange HRM is displayed
2019-07-18 18:27:05 INFO  Log:28 - The module PIM is found
2019-07-18 18:27:06 INFO  Log:28 - The sub-module Employee List is clicked
2019-07-18 18:27:08 INFO  Log:28 - Employee List Module is opened
2019-07-18 18:27:08 INFO  Log:28 - Employee List Page of PIM module of Orange HRM is displayed.
2019-07-18 18:27:08 INFO  Log:28 - empname is provided
2019-07-18 18:27:08 INFO  Log:28 - empid  is provided
2019-07-18 18:27:08 INFO  Log:28 - supervisor name is provided
2019-07-18 18:27:09 INFO  Log:28 - Search button is clicked.
2019-07-18 18:27:09 INFO  Log:28 - Search Button is clicked
2019-07-18 18:27:09 INFO  Log:28 - validation is done
2019-07-18 18:27:09 INFO  Log:28 - Test case: tc_019_validateSearch_InvalidEmpName_ValidEmpId_InvalidSupervisorNameis completed
2019-07-18 18:27:09 INFO  Log:28 - The name of the testcase passed is :tc_019_validateSearch_InvalidEmpName_ValidEmpId_InvalidSupervisorName
2019-07-18 18:27:09 INFO  Log:28 - Closed the Browser
2019-07-18 18:27:09 INFO  Log:28 - test case ended
2019-07-18 18:27:09 INFO  Log:28 - test case started
2019-07-18 18:27:09 INFO  Log:28 - Launched Chrome Browser
2019-07-18 18:27:12 INFO  Log:28 - tc_020_validateSearch_InvalidEmpName_InvalidEmpId_InvalidSupervisorName test case started
2019-07-18 18:27:12 INFO  Log:28 - tc_020_validateSearch_InvalidEmpName_InvalidEmpId_InvalidSupervisorNameis started
2019-07-18 18:27:12 INFO  Log:28 - OrangeHrm application is opened
2019-07-18 18:27:12 INFO  Log:28 - The URL of Orange HRM is loaded
2019-07-18 18:27:17 INFO  Log:28 - Login Page of Orange HRM is displayed
2019-07-18 18:27:17 INFO  Log:28 - Enter username:Admin
2019-07-18 18:27:17 INFO  Log:28 - Enter password:admin123
2019-07-18 18:27:17 INFO  Log:28 - Login credentails are provided
2019-07-18 18:27:17 INFO  Log:28 - Login button is clicked
2019-07-18 18:27:18 INFO  Log:28 - Home Page of Orange HRM is displayed
2019-07-18 18:27:18 INFO  Log:28 - The module PIM is found
2019-07-18 18:27:18 INFO  Log:28 - The sub-module Employee List is clicked
2019-07-18 18:27:21 INFO  Log:28 - Employee List Module is opened
2019-07-18 18:27:21 INFO  Log:28 - Employee List Page of PIM module of Orange HRM is displayed.
2019-07-18 18:27:21 INFO  Log:28 - empname is provided
2019-07-18 18:27:21 INFO  Log:28 - empid  is provided
2019-07-18 18:27:21 INFO  Log:28 - supervisor name is provided
2019-07-18 18:27:21 INFO  Log:28 - Search button is clicked.
2019-07-18 18:27:22 INFO  Log:28 - Search Button is clicked
2019-07-18 18:27:22 INFO  Log:28 - validation is done
2019-07-18 18:27:22 INFO  Log:28 - Test case: tc_020_validateSearch_InvalidEmpName_InvalidEmpId_InvalidSupervisorNameis completed
2019-07-18 18:27:22 INFO  Log:28 - The name of the testcase passed is :tc_020_validateSearch_InvalidEmpName_InvalidEmpId_InvalidSupervisorName
2019-07-18 18:27:22 INFO  Log:28 - Closed the Browser
2019-07-18 18:27:22 INFO  Log:28 - test case ended
2019-07-18 18:27:22 INFO  Log:28 - test case started
2019-07-18 18:27:22 INFO  Log:28 - Launched Chrome Browser
2019-07-18 18:27:25 INFO  Log:28 - tc_021_validateSearch_ValidEmpName_InvalidEmpId_ValidSupervisorName test case started
2019-07-18 18:27:25 INFO  Log:28 - tc_021_validateSearch_ValidEmpName_InvalidEmpId_ValidSupervisorNameis started
2019-07-18 18:27:25 INFO  Log:28 - OrangeHrm application is opened
2019-07-18 18:27:25 INFO  Log:28 - The URL of Orange HRM is loaded
2019-07-18 18:27:29 INFO  Log:28 - Login Page of Orange HRM is displayed
2019-07-18 18:27:29 INFO  Log:28 - Enter username:Admin
2019-07-18 18:27:29 INFO  Log:28 - Enter password:admin123
2019-07-18 18:27:29 INFO  Log:28 - Login credentails are provided
2019-07-18 18:27:29 INFO  Log:28 - Login button is clicked
2019-07-18 18:27:31 INFO  Log:28 - Home Page of Orange HRM is displayed
2019-07-18 18:27:31 INFO  Log:28 - The module PIM is found
2019-07-18 18:27:31 INFO  Log:28 - The sub-module Employee List is clicked
2019-07-18 18:27:34 INFO  Log:28 - Employee List Module is opened
2019-07-18 18:27:34 INFO  Log:28 - Employee List Page of PIM module of Orange HRM is displayed.
2019-07-18 18:27:34 INFO  Log:28 - empname is provided
2019-07-18 18:27:34 INFO  Log:28 - empid  is provided
2019-07-18 18:27:34 INFO  Log:28 - supervisor name is provided
2019-07-18 18:27:34 INFO  Log:28 - Search button is clicked.
2019-07-18 18:27:34 INFO  Log:28 - Search Button is clicked
2019-07-18 18:27:35 INFO  Log:28 - validation is done
2019-07-18 18:27:35 INFO  Log:28 - Test case: tc_021_validateSearch_ValidEmpName_InvalidEmpId_ValidSupervisorNameis completed
2019-07-18 18:27:35 INFO  Log:28 - The name of the testcase passed is :tc_021_validateSearch_ValidEmpName_InvalidEmpId_ValidSupervisorName
2019-07-18 18:27:35 INFO  Log:28 - Closed the Browser
2019-07-18 18:27:35 INFO  Log:28 - test case ended
2019-07-18 18:27:35 INFO  Log:28 - test case started
2019-07-18 18:27:35 INFO  Log:28 - Launched Chrome Browser
2019-07-18 18:27:38 INFO  Log:28 - tc_022_validateSearch_NoInput test case started
2019-07-18 18:27:38 INFO  Log:28 - tc_022_validateSearch_NoInputis started
2019-07-18 18:27:38 INFO  Log:28 - OrangeHrm application is opened
2019-07-18 18:27:38 INFO  Log:28 - The URL of Orange HRM is loaded
2019-07-18 18:27:42 INFO  Log:28 - Login Page of Orange HRM is displayed
2019-07-18 18:27:42 INFO  Log:28 - Enter username:Admin
2019-07-18 18:27:42 INFO  Log:28 - Enter password:admin123
2019-07-18 18:27:42 INFO  Log:28 - Login credentails are provided
2019-07-18 18:27:42 INFO  Log:28 - Login button is clicked
2019-07-18 18:27:44 INFO  Log:28 - Home Page of Orange HRM is displayed
2019-07-18 18:27:44 INFO  Log:28 - The module PIM is found
2019-07-18 18:27:44 INFO  Log:28 - The sub-module Employee List is clicked
2019-07-18 18:27:47 INFO  Log:28 - Employee List Module is opened
2019-07-18 18:27:47 INFO  Log:28 - Employee List Page of PIM module of Orange HRM is displayed.
2019-07-18 18:27:47 INFO  Log:28 - Search button is clicked.
2019-07-18 18:27:47 INFO  Log:28 - Search Button is clicked
2019-07-18 18:27:47 INFO  Log:28 - Test case: tc_022_validateSearch_NoInputis completed
2019-07-18 18:27:47 INFO  Log:28 - The name of the testcase passed is :tc_022_validateSearch_NoInput
2019-07-18 18:27:47 INFO  Log:28 - Closed the Browser
2019-07-18 18:27:47 INFO  Log:28 - test case ended
2019-07-18 18:27:47 INFO  Log:28 - test case started
2019-07-18 18:27:47 INFO  Log:28 - Launched Chrome Browser
2019-07-18 18:27:51 INFO  Log:28 - tc_023_ValidateAddEmployee_Page test case started
2019-07-18 18:27:51 INFO  Log:28 - tc_023_ValidateAddEmployee_Pageis started
2019-07-18 18:27:51 INFO  Log:28 - OrangeHrm application is opened
2019-07-18 18:27:51 INFO  Log:28 - The URL of Orange HRM is loaded
2019-07-18 18:27:55 INFO  Log:28 - Login Page of Orange HRM is displayed
2019-07-18 18:27:55 INFO  Log:28 - Enter username:Admin
2019-07-18 18:27:55 INFO  Log:28 - Enter password:admin123
2019-07-18 18:27:55 INFO  Log:28 - Login credentails are provided
2019-07-18 18:27:55 INFO  Log:28 - Login button is clicked
2019-07-18 18:27:56 INFO  Log:28 - Home Page of Orange HRM is displayed
2019-07-18 18:27:56 INFO  Log:28 - The module PIM is found
2019-07-18 18:27:56 INFO  Log:28 - The sub-module Employee List is clicked
2019-07-18 18:27:59 INFO  Log:28 - Employee List Module is opened
2019-07-18 18:27:59 INFO  Log:28 - Employee List Page of PIM module of Orange HRM is displayed.
2019-07-18 18:27:59 INFO  Log:28 - Add button is clicked.
2019-07-18 18:28:00 INFO  Log:28 - Add Button is clicked
2019-07-18 18:28:00 INFO  Log:28 - Test case: tc_023_ValidateAddEmployee_Pageis completed
2019-07-18 18:28:00 INFO  Log:28 - The name of the testcase passed is :tc_023_ValidateAddEmployee_Page
2019-07-18 18:28:00 INFO  Log:28 - Closed the Browser
2019-07-18 18:28:00 INFO  Log:28 - test case ended
2019-07-18 18:28:00 INFO  Log:28 - test case started
2019-07-18 18:28:00 INFO  Log:28 - Launched Chrome Browser
2019-07-18 18:28:04 INFO  Log:28 - tc_024_ValidateAddEmployee_WithInput test case started
2019-07-18 18:28:04 INFO  Log:28 - tc_024_ValidateAddEmployee_WithInputis started
2019-07-18 18:28:04 INFO  Log:28 - OrangeHrm application is opened
2019-07-18 18:28:04 INFO  Log:28 - The URL of Orange HRM is loaded
2019-07-18 18:28:08 INFO  Log:28 - Login Page of Orange HRM is displayed
2019-07-18 18:28:08 INFO  Log:28 - Enter username:Admin
2019-07-18 18:28:08 INFO  Log:28 - Enter password:admin123
2019-07-18 18:28:08 INFO  Log:28 - Login credentails are provided
2019-07-18 18:28:08 INFO  Log:28 - Login button is clicked
2019-07-18 18:28:09 INFO  Log:28 - Home Page of Orange HRM is displayed
2019-07-18 18:28:09 INFO  Log:28 - The module PIM is found
2019-07-18 18:28:09 INFO  Log:28 - The sub-module Add Employee is clicked
2019-07-18 18:28:12 INFO  Log:28 - Add Employee Module is opened
2019-07-18 18:28:12 INFO  Log:28 - first name is provided
2019-07-18 18:28:12 INFO  Log:28 - second name is provided
2019-07-18 18:28:12 INFO  Log:28 - empoloyee id is provided
2019-07-18 18:28:12 INFO  Log:28 - Save button is clicked.
2019-07-18 18:28:14 INFO  Log:28 - Save Button is clicked
2019-07-18 18:28:14 INFO  Log:28 - Test case: tc_024_ValidateAddEmployee_WithInputis completed
2019-07-18 18:28:14 INFO  Log:28 - The name of the testcase passed is :tc_024_ValidateAddEmployee_WithInput
2019-07-18 18:28:14 INFO  Log:28 - Closed the Browser
2019-07-18 18:28:14 INFO  Log:28 - test case ended
2019-07-18 18:28:14 INFO  Log:28 - test case started
2019-07-18 18:28:14 INFO  Log:28 - Launched Chrome Browser
2019-07-18 18:28:17 INFO  Log:28 - tc_025_ValidateAddEmployee_WithoutInput test case started
2019-07-18 18:28:17 INFO  Log:28 - tc_025_ValidateAddEmployee_WithoutInputis started
2019-07-18 18:28:17 INFO  Log:28 - OrangeHrm application is opened
2019-07-18 18:28:17 INFO  Log:28 - The URL of Orange HRM is loaded
2019-07-18 18:28:22 INFO  Log:28 - Login Page of Orange HRM is displayed
2019-07-18 18:28:22 INFO  Log:28 - Enter username:Admin
2019-07-18 18:28:22 INFO  Log:28 - Enter password:admin123
2019-07-18 18:28:22 INFO  Log:28 - Login credentails are provided
2019-07-18 18:28:22 INFO  Log:28 - Login button is clicked
2019-07-18 18:28:23 INFO  Log:28 - Home Page of Orange HRM is displayed
2019-07-18 18:28:23 INFO  Log:28 - The module PIM is found
2019-07-18 18:28:23 INFO  Log:28 - The sub-module Add Employee is clicked
2019-07-18 18:28:26 INFO  Log:28 - Add Employee Module is opened
2019-07-18 18:28:26 INFO  Log:28 - Save button is clicked.
2019-07-18 18:28:26 INFO  Log:28 - Save Button is clicked
2019-07-18 18:28:26 INFO  Log:28 - error message is displayed
2019-07-18 18:28:26 INFO  Log:28 - Test case: tc_025_ValidateAddEmployee_WithoutInputis completed
2019-07-18 18:28:26 INFO  Log:28 - The name of the testcase passed is :tc_025_ValidateAddEmployee_WithoutInput
2019-07-18 18:28:26 INFO  Log:28 - Closed the Browser
2019-07-18 18:28:26 INFO  Log:28 - test case ended
2019-07-18 18:28:26 INFO  Log:28 - test case started
2019-07-18 18:28:26 INFO  Log:28 - Launched Chrome Browser
2019-07-18 18:28:29 INFO  Log:28 - tc_026_ValidateAddEmployee_WithCreateLoginCredentails test case started
2019-07-18 18:28:29 INFO  Log:28 - tc_026_ValidateAddEmployee_WithCreateLoginCredentailsis started
2019-07-18 18:28:29 INFO  Log:28 - OrangeHrm application is opened
2019-07-18 18:28:29 INFO  Log:28 - The URL of Orange HRM is loaded
2019-07-18 18:28:33 INFO  Log:28 - Login Page of Orange HRM is displayed
2019-07-18 18:28:33 INFO  Log:28 - Enter username:Admin
2019-07-18 18:28:33 INFO  Log:28 - Enter password:admin123
2019-07-18 18:28:33 INFO  Log:28 - Login credentails are provided
2019-07-18 18:28:33 INFO  Log:28 - Login button is clicked
2019-07-18 18:28:35 INFO  Log:28 - Home Page of Orange HRM is displayed
2019-07-18 18:28:35 INFO  Log:28 - The module PIM is found
2019-07-18 18:28:35 INFO  Log:28 - The sub-module Add Employee is clicked
2019-07-18 18:28:37 INFO  Log:28 - Add Employee Module is opened
2019-07-18 18:28:38 INFO  Log:28 - first name is provided
2019-07-18 18:28:38 INFO  Log:28 - second name is provided
2019-07-18 18:28:38 INFO  Log:28 - empoloyee id is provided
2019-07-18 18:28:38 INFO  Log:28 -  is clicked
2019-07-18 18:28:38 INFO  Log:28 - navyasritangudu7 is provided
2019-07-18 18:28:38 INFO  Log:28 - Navyasri@711 is provided
2019-07-18 18:28:38 INFO  Log:28 - Navyasri@711 is provided
2019-07-18 18:28:38 INFO  Log:28 - Save button is clicked.
2019-07-18 18:28:38 INFO  Log:28 - Save Button is clicked
2019-07-18 18:28:38 INFO  Log:28 - Test case: tc_026_ValidateAddEmployee_WithCreateLoginCredentailsis completed
2019-07-18 18:28:38 INFO  Log:28 - The name of the testcase passed is :tc_026_ValidateAddEmployee_WithCreateLoginCredentails
2019-07-18 18:28:38 INFO  Log:28 - Closed the Browser
2019-07-18 18:28:38 INFO  Log:28 - test case ended
2019-07-18 18:28:38 INFO  Log:28 - test case started
2019-07-18 18:28:38 INFO  Log:28 - Launched Chrome Browser
2019-07-18 18:28:42 INFO  Log:28 - tc_027_ValidateAddEmployee_WithoutCreateLoginCredentails test case started
2019-07-18 18:28:42 INFO  Log:28 - tc_027_ValidateAddEmployee_WithoutCreateLoginCredentailsis started
2019-07-18 18:28:42 INFO  Log:28 - OrangeHrm application is opened
2019-07-18 18:28:42 INFO  Log:28 - The URL of Orange HRM is loaded
2019-07-18 18:28:46 INFO  Log:28 - Login Page of Orange HRM is displayed
2019-07-18 18:28:46 INFO  Log:28 - Enter username:Admin
2019-07-18 18:28:46 INFO  Log:28 - Enter password:admin123
2019-07-18 18:28:46 INFO  Log:28 - Login credentails are provided
2019-07-18 18:28:46 INFO  Log:28 - Login button is clicked
2019-07-18 18:28:47 INFO  Log:28 - Home Page of Orange HRM is displayed
2019-07-18 18:28:47 INFO  Log:28 - The module PIM is found
2019-07-18 18:28:47 INFO  Log:28 - The sub-module Add Employee is clicked
2019-07-18 18:28:50 INFO  Log:28 - Add Employee Module is opened
2019-07-18 18:28:50 INFO  Log:28 - first name is provided
2019-07-18 18:28:50 INFO  Log:28 - second name is provided
2019-07-18 18:28:50 INFO  Log:28 - empoloyee id is provided
2019-07-18 18:28:50 INFO  Log:28 -  is clicked
2019-07-18 18:28:50 INFO  Log:28 - Save button is clicked.
2019-07-18 18:28:50 INFO  Log:28 - Save Button is clicked
2019-07-18 18:28:50 INFO  Log:28 - error message is displayed
2019-07-18 18:28:50 INFO  Log:28 - Test case: tc_027_ValidateAddEmployee_WithoutCreateLoginCredentailsis completed
2019-07-18 18:28:50 INFO  Log:28 - The name of the testcase passed is :tc_027_ValidateAddEmployee_WithoutCreateLoginCredentails
2019-07-18 18:28:50 INFO  Log:28 - Closed the Browser
2019-07-18 18:28:50 INFO  Log:28 - test case ended
2019-07-18 18:28:50 INFO  Log:28 - test case started
2019-07-18 18:28:50 INFO  Log:28 - Launched Chrome Browser
2019-07-18 18:28:54 INFO  Log:28 - tc_028_ValidateAddEmployee_WithInvalidCreateLoginCredentails test case started
2019-07-18 18:28:54 INFO  Log:28 - tc_028_ValidateAddEmployee_WithInvalidCreateLoginCredentailsis started
2019-07-18 18:28:54 INFO  Log:28 - OrangeHrm application is opened
2019-07-18 18:28:54 INFO  Log:28 - The URL of Orange HRM is loaded
2019-07-18 18:28:58 INFO  Log:28 - Login Page of Orange HRM is displayed
2019-07-18 18:28:58 INFO  Log:28 - Enter username:Admin
2019-07-18 18:28:58 INFO  Log:28 - Enter password:admin123
2019-07-18 18:28:58 INFO  Log:28 - Login credentails are provided
2019-07-18 18:28:58 INFO  Log:28 - Login button is clicked
2019-07-18 18:28:59 INFO  Log:28 - Home Page of Orange HRM is displayed
2019-07-18 18:28:59 INFO  Log:28 - The module PIM is found
2019-07-18 18:28:59 INFO  Log:28 - The sub-module Add Employee is clicked
2019-07-18 18:29:02 INFO  Log:28 - Add Employee Module is opened
2019-07-18 18:29:02 INFO  Log:28 - first name is provided
2019-07-18 18:29:02 INFO  Log:28 - second name is provided
2019-07-18 18:29:02 INFO  Log:28 - empoloyee id is provided
2019-07-18 18:29:02 INFO  Log:28 -  is clicked
2019-07-18 18:29:02 INFO  Log:28 - navyasritangudu7 is provided
2019-07-18 18:29:03 INFO  Log:28 - Navyasri@711 is provided
2019-07-18 18:29:03 INFO  Log:28 - Navyasri@712 is provided
2019-07-18 18:29:03 INFO  Log:28 - Save button is clicked.
2019-07-18 18:29:03 INFO  Log:28 - Save Button is clicked
2019-07-18 18:29:03 INFO  Log:28 - error message is displayed
2019-07-18 18:29:03 INFO  Log:28 - Test case: tc_028_ValidateAddEmployee_WithInvalidCreateLoginCredentailsis completed
2019-07-18 18:29:03 INFO  Log:28 - The name of the testcase passed is :tc_028_ValidateAddEmployee_WithInvalidCreateLoginCredentails
2019-07-18 18:29:03 INFO  Log:28 - Closed the Browser
2019-07-18 18:29:03 INFO  Log:28 - test case ended
2019-07-18 18:29:03 INFO  Log:28 - test case started
2019-07-18 18:29:03 INFO  Log:28 - Launched Chrome Browser
2019-07-18 18:29:06 INFO  Log:28 - tc_029_ValidateAddEmployee_Without_usernameInCreateLoginCredentails test case started
2019-07-18 18:29:06 INFO  Log:28 - tc_029_ValidateAddEmployee_Without_usernameInCreateLoginCredentailsis started
2019-07-18 18:29:06 INFO  Log:28 - OrangeHrm application is opened
2019-07-18 18:29:06 INFO  Log:28 - The URL of Orange HRM is loaded
2019-07-18 18:29:11 INFO  Log:28 - Login Page of Orange HRM is displayed
2019-07-18 18:29:11 INFO  Log:28 - Enter username:Admin
2019-07-18 18:29:11 INFO  Log:28 - Enter password:admin123
2019-07-18 18:29:11 INFO  Log:28 - Login credentails are provided
2019-07-18 18:29:11 INFO  Log:28 - Login button is clicked
2019-07-18 18:29:12 INFO  Log:28 - Home Page of Orange HRM is displayed
2019-07-18 18:29:12 INFO  Log:28 - The module PIM is found
2019-07-18 18:29:12 INFO  Log:28 - The sub-module Add Employee is clicked
2019-07-18 18:29:15 INFO  Log:28 - Add Employee Module is opened
2019-07-18 18:29:15 INFO  Log:28 - first name is provided
2019-07-18 18:29:15 INFO  Log:28 - second name is provided
2019-07-18 18:29:15 INFO  Log:28 - empoloyee id is provided
2019-07-18 18:29:15 INFO  Log:28 -  is clicked
2019-07-18 18:29:15 INFO  Log:28 - Navyasri@711 is provided
2019-07-18 18:29:15 INFO  Log:28 - Navyasri@712 is provided
2019-07-18 18:29:15 INFO  Log:28 - Save button is clicked.
2019-07-18 18:29:15 INFO  Log:28 - Save Button is clicked
2019-07-18 18:29:15 INFO  Log:28 - error message is displayed
2019-07-18 18:29:15 INFO  Log:28 - Test case: tc_029_ValidateAddEmployee_Without_usernameInCreateLoginCredentailsis completed
2019-07-18 18:29:15 INFO  Log:28 - The name of the testcase passed is :tc_029_ValidateAddEmployee_Without_usernameInCreateLoginCredentails
2019-07-18 18:29:15 INFO  Log:28 - Closed the Browser
2019-07-18 18:29:16 INFO  Log:28 - test case ended
2019-07-18 18:29:16 INFO  Log:28 - test case started
2019-07-18 18:29:16 INFO  Log:28 - Launched Chrome Browser
2019-07-18 18:29:19 INFO  Log:28 - tc_030_ValidateAddEmployee_With_RepeatedUsernameInCreateLoginCredentails test case started
2019-07-18 18:29:19 INFO  Log:28 - tc_030_ValidateAddEmployee_With_RepeatedUsernameInCreateLoginCredentailsis started
2019-07-18 18:29:19 INFO  Log:28 - OrangeHrm application is opened
2019-07-18 18:29:19 INFO  Log:28 - The URL of Orange HRM is loaded
2019-07-18 18:29:23 INFO  Log:28 - Login Page of Orange HRM is displayed
2019-07-18 18:29:23 INFO  Log:28 - Enter username:Admin
2019-07-18 18:29:23 INFO  Log:28 - Enter password:admin123
2019-07-18 18:29:23 INFO  Log:28 - Login credentails are provided
2019-07-18 18:29:23 INFO  Log:28 - Login button is clicked
2019-07-18 18:29:25 INFO  Log:28 - Home Page of Orange HRM is displayed
2019-07-18 18:29:25 INFO  Log:28 - The module PIM is found
2019-07-18 18:29:25 INFO  Log:28 - The sub-module Add Employee is clicked
2019-07-18 18:29:27 INFO  Log:28 - Add Employee Module is opened
2019-07-18 18:29:27 INFO  Log:28 - first name is provided
2019-07-18 18:29:27 INFO  Log:28 - second name is provided
2019-07-18 18:29:28 INFO  Log:28 - empoloyee id is provided
2019-07-18 18:29:28 INFO  Log:28 -  is clicked
2019-07-18 18:29:28 INFO  Log:28 - navyasritangudu7 is provided
2019-07-18 18:29:28 INFO  Log:28 - Navyasri@711 is provided
2019-07-18 18:29:28 INFO  Log:28 - Navyasri@711 is provided
2019-07-18 18:29:28 INFO  Log:28 - Save button is clicked.
2019-07-18 18:29:28 INFO  Log:28 - Save Button is clicked
2019-07-18 18:29:28 INFO  Log:28 - Test case: tc_030_ValidateAddEmployee_With_RepeatedUsernameInCreateLoginCredentailsis completed
2019-07-18 18:29:28 INFO  Log:28 - The name of the testcase passed is :tc_030_ValidateAddEmployee_With_RepeatedUsernameInCreateLoginCredentails
2019-07-18 18:29:28 INFO  Log:28 - Closed the Browser
2019-07-18 18:29:28 INFO  Log:28 - test case ended
