2019-07-19 18:36:05 INFO  Log:28 - test case started
2019-07-19 18:36:14 INFO  Log:28 - The element is displayed
2019-07-19 18:36:15 INFO  Log:28 - Cleared the field and entered - admin in the field
2019-07-19 18:36:15 INFO  Log:28 - The element is displayed
2019-07-19 18:36:15 INFO  Log:28 - Cleared the field and entered - admin123 in the field
2019-07-19 18:36:20 INFO  Log:28 - LoginButton is safely clicked 
2019-07-19 18:36:20 INFO  Log:28 - MyInfoPage is safely clicked 
2019-07-19 18:36:34 INFO  Log:28 - The login is validated for the user: Jacqueline
2019-07-19 18:36:36 INFO  Log:28 - test case ended
2019-07-19 18:36:39 INFO  Log:28 - test case started
2019-07-19 18:36:43 INFO  Log:28 - The element is displayed
2019-07-19 18:36:44 INFO  Log:28 - Cleared the field and entered - _ohrmSysAdmin_ in the field
2019-07-19 18:36:44 INFO  Log:28 - The element is displayed
2019-07-19 18:36:44 INFO  Log:28 - Cleared the field and entered - sysadmin in the field
2019-07-19 18:36:50 INFO  Log:28 - LoginButton is safely clicked 
2019-07-19 18:36:50 INFO  Log:28 - There is no MyInfo module for the user
2019-07-19 18:36:50 INFO  Log:28 - test case ended
2019-07-19 18:36:54 INFO  Log:28 - test case started
2019-07-19 18:36:58 INFO  Log:28 - The element is displayed
2019-07-19 18:36:58 INFO  Log:28 - Cleared the field and entered - linda in the field
2019-07-19 18:36:58 INFO  Log:28 - The element is displayed
2019-07-19 18:36:58 INFO  Log:28 - Cleared the field and entered - linda.anderson in the field
2019-07-19 18:37:03 INFO  Log:28 - LoginButton is safely clicked 
2019-07-19 18:37:03 INFO  Log:28 - MyInfoPage is safely clicked 
2019-07-19 18:37:14 INFO  Log:28 - The login is validated for the user: Linda
2019-07-19 18:37:16 INFO  Log:28 - test case ended
2019-07-19 18:37:19 INFO  Log:28 - test case started
2019-07-19 18:37:23 INFO  Log:28 - The element is displayed
2019-07-19 18:37:23 INFO  Log:28 - Cleared the field and entered - kevin in the field
2019-07-19 18:37:23 INFO  Log:28 - The element is displayed
2019-07-19 18:37:23 INFO  Log:28 - Cleared the field and entered - kevin.mathews in the field
2019-07-19 18:37:27 INFO  Log:28 - LoginButton is safely clicked 
2019-07-19 18:37:27 INFO  Log:28 - MyInfoPage is safely clicked 
2019-07-19 18:37:40 INFO  Log:28 - The login is validated for the user: Kevin
2019-07-19 18:37:40 INFO  Log:28 - test case ended
