2019-07-19 16:36:17 INFO  Log:28 - test case started
2019-07-19 16:36:21 INFO  Log:28 - The element is displayed
2019-07-19 16:36:21 INFO  Log:28 - Cleared the field and entered - 'admin in the element
2019-07-19 16:36:21 INFO  Log:28 - The element is displayed
2019-07-19 16:36:21 INFO  Log:28 - Cleared the field and entered - 'admin123 in the element
2019-07-19 16:36:25 INFO  Log:28 - My info page is not available
2019-07-19 16:36:26 INFO  Log:28 - test case ended
2019-07-19 16:36:29 INFO  Log:28 - test case started
2019-07-19 16:36:33 INFO  Log:28 - The element is displayed
2019-07-19 16:36:33 INFO  Log:28 - Cleared the field and entered - '_ohrmSysAdmin_ in the element
2019-07-19 16:36:33 INFO  Log:28 - The element is displayed
2019-07-19 16:36:33 INFO  Log:28 - Cleared the field and entered - 'sysadmin in the element
2019-07-19 16:36:38 INFO  Log:28 - My info page is not available
2019-07-19 16:36:38 INFO  Log:28 - test case ended
2019-07-19 16:36:42 INFO  Log:28 - test case started
2019-07-19 16:36:45 INFO  Log:28 - The element is displayed
2019-07-19 16:36:46 INFO  Log:28 - Cleared the field and entered - 'linda in the element
2019-07-19 16:36:46 INFO  Log:28 - The element is displayed
2019-07-19 16:36:46 INFO  Log:28 - Cleared the field and entered - 'linda.anderson in the element
2019-07-19 16:36:51 INFO  Log:28 - My info page is not available
2019-07-19 16:36:51 INFO  Log:28 - test case ended
2019-07-19 16:36:55 INFO  Log:28 - test case started
2019-07-19 16:36:58 INFO  Log:28 - The element is displayed
2019-07-19 16:36:58 INFO  Log:28 - Cleared the field and entered - 'kevin in the element
2019-07-19 16:36:59 INFO  Log:28 - The element is displayed
2019-07-19 16:36:59 INFO  Log:28 - Cleared the field and entered - 'kevin.mathews in the element
2019-07-19 16:37:10 INFO  Log:28 - My info page is not available
2019-07-19 16:37:10 INFO  Log:28 - test case ended
