2019-07-18 18:35:00 INFO  Log:28 - test case started
2019-07-18 18:35:00 INFO  Log:28 - Launched Chrome Browser
2019-07-18 18:35:04 INFO  Log:28 - TC_001_updatingGeneralInformation test case started
2019-07-18 18:35:04 INFO  Log:28 - OrangeHrm application is opened
2019-07-18 18:35:04 INFO  Log:28 - The URL of Orange HRM is loaded
2019-07-18 18:35:08 INFO  Log:28 - Login Page of Orange HRM is displayed
2019-07-18 18:35:08 INFO  Log:28 - Enter username:Admin
2019-07-18 18:35:08 INFO  Log:28 - Enter password:admin123
2019-07-18 18:35:08 INFO  Log:28 - Login credentails are provided
2019-07-18 18:35:08 INFO  Log:28 - Login button is clicked
2019-07-18 18:35:10 INFO  Log:28 - Home Page of Orange HRM is displayed
2019-07-18 18:35:10 INFO  Log:28 - The module Admin is found
2019-07-18 18:35:10 INFO  Log:28 - The sub-module Organization is found
2019-07-18 18:35:10 INFO  Log:28 - The section General Information is clicked
2019-07-18 18:35:12 INFO  Log:28 - General Information Page of Admin module of Orange HRM is displayed.
2019-07-18 18:35:12 INFO  Log:28 - Edit button is clicked.
2019-07-18 18:35:12 INFO  Log:28 - Edit Button is clicked
2019-07-18 18:35:12 INFO  Log:28 - Registration Number is updated with 147895632.
2019-07-18 18:35:12 INFO  Log:28 - Save button is clicked.
2019-07-18 18:35:14 INFO  Log:28 - Save Button is clicked
2019-07-18 18:35:15 INFO  Log:28 - General Information Updated Successfully.
2019-07-18 18:35:15 INFO  Log:28 - The name of the testcase passed is :TC_001_updatingGeneralInformation
2019-07-18 18:35:15 INFO  Log:28 - Closed the Browser
2019-07-18 18:35:15 INFO  Log:28 - test case ended
2019-07-18 18:35:15 INFO  Log:28 - test case started
2019-07-18 18:35:15 INFO  Log:28 - Launched Chrome Browser
2019-07-18 18:35:18 INFO  Log:28 - TC_002_validateCountOfEmployees test case started
2019-07-18 18:35:18 INFO  Log:28 - OrangeHrm application is opened
2019-07-18 18:35:18 INFO  Log:28 - The URL of Orange HRM is loaded
2019-07-18 18:35:22 INFO  Log:28 - Login Page of Orange HRM is displayed
2019-07-18 18:35:22 INFO  Log:28 - Enter username:Admin
2019-07-18 18:35:23 INFO  Log:28 - Enter password:admin123
2019-07-18 18:35:23 INFO  Log:28 - Login credentails are provided
2019-07-18 18:35:23 INFO  Log:28 - Login button is clicked
2019-07-18 18:35:26 INFO  Log:28 - Home Page of Orange HRM is displayed
2019-07-18 18:35:26 INFO  Log:28 - The module Admin is found
2019-07-18 18:35:26 INFO  Log:28 - The sub-module Organization is found
2019-07-18 18:35:26 INFO  Log:28 - The section General Information is clicked
2019-07-18 18:35:27 INFO  Log:28 - General Information Page of Admin module of Orange HRM is displayed.
2019-07-18 18:35:27 INFO  Log:28 - Count of employees is 10.
2019-07-18 18:35:27 INFO  Log:28 - The module PIM is found
2019-07-18 18:35:27 INFO  Log:28 - The sub-module Employee List is clicked
2019-07-18 18:35:28 INFO  Log:28 - Employee List Module is opened
2019-07-18 18:35:28 INFO  Log:28 - Employee List Page of PIM module of Orange HRM is displayed.
2019-07-18 18:35:29 INFO  Log:28 - Add button is clicked.
2019-07-18 18:35:29 INFO  Log:28 - Add Button is clicked
2019-07-18 18:35:30 INFO  Log:28 - first name is provided
2019-07-18 18:35:30 INFO  Log:28 - second name is provided
2019-07-18 18:35:30 INFO  Log:28 - empoloyee id is provided
2019-07-18 18:35:30 INFO  Log:28 - Save button is clicked.
2019-07-18 18:35:32 INFO  Log:28 - Save Button is clicked
2019-07-18 18:35:32 INFO  Log:28 - The module Admin is found
2019-07-18 18:35:32 INFO  Log:28 - The sub-module Organization is found
2019-07-18 18:35:32 INFO  Log:28 - The section General Information is clicked
2019-07-18 18:35:32 INFO  Log:28 - Count of employees is 11.
2019-07-18 18:35:32 INFO  Log:28 - The name of the testcase passed is :TC_002_validateCountOfEmployees
2019-07-18 18:35:32 INFO  Log:28 - Closed the Browser
2019-07-18 18:35:33 INFO  Log:28 - test case ended
2019-07-18 18:35:33 INFO  Log:28 - test case started
2019-07-18 18:35:33 INFO  Log:28 - Launched Chrome Browser
2019-07-18 18:35:36 INFO  Log:28 - TC_003_validateMandatoryFields test case started
2019-07-18 18:35:36 INFO  Log:28 - OrangeHrm application is opened
2019-07-18 18:35:36 INFO  Log:28 - The URL of Orange HRM is loaded
2019-07-18 18:35:40 INFO  Log:28 - Login Page of Orange HRM is displayed
2019-07-18 18:35:41 INFO  Log:28 - Enter username:Admin
2019-07-18 18:35:41 INFO  Log:28 - Enter password:admin123
2019-07-18 18:35:41 INFO  Log:28 - Login credentails are provided
2019-07-18 18:35:41 INFO  Log:28 - Login button is clicked
2019-07-18 18:35:44 INFO  Log:28 - Home Page of Orange HRM is displayed
2019-07-18 18:35:44 INFO  Log:28 - The module Admin is found
2019-07-18 18:35:44 INFO  Log:28 - The sub-module Organization is found
2019-07-18 18:35:44 INFO  Log:28 - The section General Information is clicked
2019-07-18 18:35:45 INFO  Log:28 - General Information Page of Admin module of Orange HRM is displayed.
2019-07-18 18:35:45 INFO  Log:28 - Edit button is clicked.
2019-07-18 18:35:45 INFO  Log:28 - Edit Button is clicked
2019-07-18 18:35:45 INFO  Log:28 - Organization Name  is updated with .
2019-07-18 18:35:45 INFO  Log:28 - Save button is clicked.
2019-07-18 18:35:45 INFO  Log:28 - Save Button is clicked
2019-07-18 18:35:45 INFO  Log:28 - Mandatory Fields Required.
2019-07-18 18:35:45 INFO  Log:28 - The name of the testcase passed is :TC_003_validateMandatoryFields
2019-07-18 18:35:45 INFO  Log:28 - Closed the Browser
2019-07-18 18:35:46 INFO  Log:28 - test case ended
2019-07-18 18:35:46 INFO  Log:28 - test case started
2019-07-18 18:35:46 INFO  Log:28 - Launched Chrome Browser
2019-07-18 18:35:49 INFO  Log:28 - TC_004_validateNonMandatoryFields test case started
2019-07-18 18:35:49 INFO  Log:28 - OrangeHrm application is opened
2019-07-18 18:35:49 INFO  Log:28 - The URL of Orange HRM is loaded
2019-07-18 18:35:53 INFO  Log:28 - Login Page of Orange HRM is displayed
2019-07-18 18:35:53 INFO  Log:28 - Enter username:Admin
2019-07-18 18:35:53 INFO  Log:28 - Enter password:admin123
2019-07-18 18:35:53 INFO  Log:28 - Login credentails are provided
2019-07-18 18:35:53 INFO  Log:28 - Login button is clicked
2019-07-18 18:35:55 INFO  Log:28 - Home Page of Orange HRM is displayed
2019-07-18 18:35:55 INFO  Log:28 - The module Admin is found
2019-07-18 18:35:55 INFO  Log:28 - The sub-module Organization is found
2019-07-18 18:35:55 INFO  Log:28 - The section General Information is clicked
2019-07-18 18:35:57 INFO  Log:28 - General Information Page of Admin module of Orange HRM is displayed.
2019-07-18 18:35:57 INFO  Log:28 - Edit button is clicked.
2019-07-18 18:35:57 INFO  Log:28 - Edit Button is clicked
2019-07-18 18:35:58 INFO  Log:28 - Address Street 1 is updated with .
2019-07-18 18:35:58 INFO  Log:28 - Save button is clicked.
2019-07-18 18:35:58 INFO  Log:28 - Save Button is clicked
2019-07-18 18:35:59 INFO  Log:28 - General Information Updated Successfully.
2019-07-18 18:35:59 INFO  Log:28 - The name of the testcase passed is :TC_004_validateNonMandatoryFields
2019-07-18 18:35:59 INFO  Log:28 - Closed the Browser
2019-07-18 18:35:59 INFO  Log:28 - test case ended
2019-07-18 18:35:59 INFO  Log:28 - test case started
2019-07-18 18:35:59 INFO  Log:28 - Launched Chrome Browser
2019-07-18 18:36:02 INFO  Log:28 - TC_005_verifyAddingNewCity test case started
2019-07-18 18:36:02 INFO  Log:28 - OrangeHrm application is opened
2019-07-18 18:36:02 INFO  Log:28 - The URL of Orange HRM is loaded
2019-07-18 18:36:07 INFO  Log:28 - Login Page of Orange HRM is displayed
2019-07-18 18:36:07 INFO  Log:28 - Enter username:Admin
2019-07-18 18:36:07 INFO  Log:28 - Enter password:admin123
2019-07-18 18:36:07 INFO  Log:28 - Login credentails are provided
2019-07-18 18:36:07 INFO  Log:28 - Login button is clicked
2019-07-18 18:36:09 INFO  Log:28 - Home Page of Orange HRM is displayed
2019-07-18 18:36:09 INFO  Log:28 - The module Admin is found
2019-07-18 18:36:09 INFO  Log:28 - The sub-module Organization is found
2019-07-18 18:36:09 INFO  Log:28 - The section Locations is clicked
2019-07-18 18:36:11 INFO  Log:28 - Locations Page of Admin module of Orange HRM is displayed.
2019-07-18 18:36:12 INFO  Log:28 - Add button is clicked.
2019-07-18 18:36:12 INFO  Log:28 - Add Button is clicked
2019-07-18 18:36:13 INFO  Log:28 - The locations of Vizag R&D is searched.
2019-07-18 18:36:13 INFO  Log:28 - The locations of Vizag is searched.
2019-07-18 18:36:13 INFO  Log:28 - The locations in the country India is searched.
2019-07-18 18:36:13 INFO  Log:28 - Save button is clicked.
2019-07-18 18:36:14 INFO  Log:28 - Save Button is clicked
2019-07-18 18:36:14 INFO  Log:28 - The name of the testcase passed is :TC_005_verifyAddingNewCity
2019-07-18 18:36:14 INFO  Log:28 - Closed the Browser
2019-07-18 18:36:14 INFO  Log:28 - test case ended
2019-07-18 18:36:14 INFO  Log:28 - test case started
2019-07-18 18:36:14 INFO  Log:28 - Launched Chrome Browser
2019-07-18 18:36:18 INFO  Log:28 - TC_006_validateSearchByAvailableLocationName test case started
2019-07-18 18:36:18 INFO  Log:28 - OrangeHrm application is opened
2019-07-18 18:36:18 INFO  Log:28 - The URL of Orange HRM is loaded
2019-07-18 18:36:22 INFO  Log:28 - Login Page of Orange HRM is displayed
2019-07-18 18:36:22 INFO  Log:28 - Enter username:Admin
2019-07-18 18:36:22 INFO  Log:28 - Enter password:admin123
2019-07-18 18:36:22 INFO  Log:28 - Login credentails are provided
2019-07-18 18:36:22 INFO  Log:28 - Login button is clicked
2019-07-18 18:36:26 INFO  Log:28 - Home Page of Orange HRM is displayed
2019-07-18 18:36:26 INFO  Log:28 - The module Admin is found
2019-07-18 18:36:26 INFO  Log:28 - The sub-module Organization is found
2019-07-18 18:36:26 INFO  Log:28 - The section Locations is clicked
2019-07-18 18:36:27 INFO  Log:28 - Locations Page of Admin module of Orange HRM is displayed.
2019-07-18 18:36:27 INFO  Log:28 - The locations of Canadian Development Center is searched.
2019-07-18 18:36:27 INFO  Log:28 - Search button is clicked.
2019-07-18 18:36:28 INFO  Log:28 - Search Button is clicked
2019-07-18 18:36:28 INFO  Log:28 - The results for Canadian Development Center were shown below.
2019-07-18 18:36:28 INFO  Log:28 - The name of the testcase passed is :TC_006_validateSearchByAvailableLocationName
2019-07-18 18:36:28 INFO  Log:28 - Closed the Browser
2019-07-18 18:36:28 INFO  Log:28 - test case ended
2019-07-18 18:36:28 INFO  Log:28 - test case started
2019-07-18 18:36:28 INFO  Log:28 - Launched Chrome Browser
2019-07-18 18:36:32 INFO  Log:28 - TC_007_validateSearchByUnavailableLocationName test case started
2019-07-18 18:36:32 INFO  Log:28 - OrangeHrm application is opened
2019-07-18 18:36:32 INFO  Log:28 - The URL of Orange HRM is loaded
2019-07-18 18:36:36 INFO  Log:28 - Login Page of Orange HRM is displayed
2019-07-18 18:36:36 INFO  Log:28 - Enter username:Admin
2019-07-18 18:36:36 INFO  Log:28 - Enter password:admin123
2019-07-18 18:36:36 INFO  Log:28 - Login credentails are provided
2019-07-18 18:36:36 INFO  Log:28 - Login button is clicked
2019-07-18 18:36:37 INFO  Log:28 - Home Page of Orange HRM is displayed
2019-07-18 18:36:37 INFO  Log:28 - The module Admin is found
2019-07-18 18:36:37 INFO  Log:28 - The sub-module Organization is found
2019-07-18 18:36:37 INFO  Log:28 - The section Locations is clicked
2019-07-18 18:36:40 INFO  Log:28 - Locations Page of Admin module of Orange HRM is displayed.
2019-07-18 18:36:40 INFO  Log:28 - The locations of Hyderabad R&D is searched.
2019-07-18 18:36:40 INFO  Log:28 - Search button is clicked.
2019-07-18 18:36:41 INFO  Log:28 - Search Button is clicked
2019-07-18 18:36:41 INFO  Log:28 - No Records Found for Hyderabad R&D.
2019-07-18 18:36:41 INFO  Log:28 - The name of the testcase passed is :TC_007_validateSearchByUnavailableLocationName
2019-07-18 18:36:41 INFO  Log:28 - Closed the Browser
2019-07-18 18:36:41 INFO  Log:28 - test case ended
2019-07-18 18:36:41 INFO  Log:28 - test case started
2019-07-18 18:36:41 INFO  Log:28 - Launched Chrome Browser
2019-07-18 18:36:44 INFO  Log:28 - TC_008_validateSearchByAvailableCityName test case started
2019-07-18 18:36:44 INFO  Log:28 - OrangeHrm application is opened
2019-07-18 18:36:44 INFO  Log:28 - The URL of Orange HRM is loaded
2019-07-18 18:36:48 INFO  Log:28 - Login Page of Orange HRM is displayed
2019-07-18 18:36:48 INFO  Log:28 - Enter username:Admin
2019-07-18 18:36:49 INFO  Log:28 - Enter password:admin123
2019-07-18 18:36:49 INFO  Log:28 - Login credentails are provided
2019-07-18 18:36:49 INFO  Log:28 - Login button is clicked
2019-07-18 18:36:50 INFO  Log:28 - Home Page of Orange HRM is displayed
2019-07-18 18:36:50 INFO  Log:28 - The module Admin is found
2019-07-18 18:36:50 INFO  Log:28 - The sub-module Organization is found
2019-07-18 18:36:50 INFO  Log:28 - The section Locations is clicked
2019-07-18 18:36:53 INFO  Log:28 - Locations Page of Admin module of Orange HRM is displayed.
2019-07-18 18:36:53 INFO  Log:28 - The locations of Vizag is searched.
2019-07-18 18:36:53 INFO  Log:28 - Search button is clicked.
2019-07-18 18:36:53 INFO  Log:28 - Search Button is clicked
2019-07-18 18:36:53 INFO  Log:28 - The results for Vizag were shown below.
2019-07-18 18:36:53 INFO  Log:28 - The name of the testcase passed is :TC_008_validateSearchByAvailableCityName
2019-07-18 18:36:53 INFO  Log:28 - Closed the Browser
2019-07-18 18:36:54 INFO  Log:28 - test case ended
2019-07-18 18:36:54 INFO  Log:28 - test case started
2019-07-18 18:36:54 INFO  Log:28 - Launched Chrome Browser
2019-07-18 18:36:57 INFO  Log:28 - TC_009_validateSearchByUnavailableCityName test case started
2019-07-18 18:36:57 INFO  Log:28 - OrangeHrm application is opened
2019-07-18 18:36:57 INFO  Log:28 - The URL of Orange HRM is loaded
2019-07-18 18:37:01 INFO  Log:28 - Login Page of Orange HRM is displayed
2019-07-18 18:37:01 INFO  Log:28 - Enter username:Admin
2019-07-18 18:37:01 INFO  Log:28 - Enter password:admin123
2019-07-18 18:37:01 INFO  Log:28 - Login credentails are provided
2019-07-18 18:37:01 INFO  Log:28 - Login button is clicked
2019-07-18 18:37:03 INFO  Log:28 - Home Page of Orange HRM is displayed
2019-07-18 18:37:03 INFO  Log:28 - The module Admin is found
2019-07-18 18:37:03 INFO  Log:28 - The sub-module Organization is found
2019-07-18 18:37:03 INFO  Log:28 - The section Locations is clicked
2019-07-18 18:37:05 INFO  Log:28 - Locations Page of Admin module of Orange HRM is displayed.
2019-07-18 18:37:05 INFO  Log:28 - The locations of Victoria is searched.
2019-07-18 18:37:05 INFO  Log:28 - Search button is clicked.
2019-07-18 18:37:06 INFO  Log:28 - Search Button is clicked
2019-07-18 18:37:06 INFO  Log:28 - No Records Found for Victoria.
2019-07-18 18:37:06 INFO  Log:28 - The name of the testcase passed is :TC_009_validateSearchByUnavailableCityName
2019-07-18 18:37:06 INFO  Log:28 - Closed the Browser
2019-07-18 18:37:06 INFO  Log:28 - test case ended
2019-07-18 18:37:06 INFO  Log:28 - test case started
2019-07-18 18:37:06 INFO  Log:28 - Launched Chrome Browser
2019-07-18 18:37:09 INFO  Log:28 - TC_010_validateSearchByAvailableCountry test case started
2019-07-18 18:37:09 INFO  Log:28 - OrangeHrm application is opened
2019-07-18 18:37:09 INFO  Log:28 - The URL of Orange HRM is loaded
2019-07-18 18:37:13 INFO  Log:28 - Login Page of Orange HRM is displayed
2019-07-18 18:37:13 INFO  Log:28 - Enter username:Admin
2019-07-18 18:37:14 INFO  Log:28 - Enter password:admin123
2019-07-18 18:37:14 INFO  Log:28 - Login credentails are provided
2019-07-18 18:37:14 INFO  Log:28 - Login button is clicked
2019-07-18 18:37:15 INFO  Log:28 - Home Page of Orange HRM is displayed
2019-07-18 18:37:15 INFO  Log:28 - The module Admin is found
2019-07-18 18:37:15 INFO  Log:28 - The sub-module Organization is found
2019-07-18 18:37:15 INFO  Log:28 - The section Locations is clicked
2019-07-18 18:37:18 INFO  Log:28 - Locations Page of Admin module of Orange HRM is displayed.
2019-07-18 18:37:18 INFO  Log:28 - The locations in the country United States is searched.
2019-07-18 18:37:18 INFO  Log:28 - Search button is clicked.
2019-07-18 18:37:18 INFO  Log:28 - Search Button is clicked
2019-07-18 18:37:18 INFO  Log:28 - The results for Afghanistan were shown below.
2019-07-18 18:37:18 INFO  Log:28 - The name of the testcase passed is :TC_010_validateSearchByAvailableCountry
2019-07-18 18:37:18 INFO  Log:28 - Closed the Browser
2019-07-18 18:37:18 INFO  Log:28 - test case ended
2019-07-18 18:37:18 INFO  Log:28 - test case started
2019-07-18 18:37:18 INFO  Log:28 - Launched Chrome Browser
2019-07-18 18:37:22 INFO  Log:28 - TC_011_validateSearchByUnavailableCountry test case started
2019-07-18 18:37:22 INFO  Log:28 - OrangeHrm application is opened
2019-07-18 18:37:22 INFO  Log:28 - The URL of Orange HRM is loaded
2019-07-18 18:37:26 INFO  Log:28 - Login Page of Orange HRM is displayed
2019-07-18 18:37:26 INFO  Log:28 - Enter username:Admin
2019-07-18 18:37:26 INFO  Log:28 - Enter password:admin123
2019-07-18 18:37:26 INFO  Log:28 - Login credentails are provided
2019-07-18 18:37:26 INFO  Log:28 - Login button is clicked
2019-07-18 18:37:28 INFO  Log:28 - Home Page of Orange HRM is displayed
2019-07-18 18:37:28 INFO  Log:28 - The module Admin is found
2019-07-18 18:37:28 INFO  Log:28 - The sub-module Organization is found
2019-07-18 18:37:28 INFO  Log:28 - The section Locations is clicked
2019-07-18 18:37:30 INFO  Log:28 - Locations Page of Admin module of Orange HRM is displayed.
2019-07-18 18:37:30 INFO  Log:28 - The locations in the country Afghanistan is searched.
2019-07-18 18:37:30 INFO  Log:28 - Search button is clicked.
2019-07-18 18:37:31 INFO  Log:28 - Search Button is clicked
2019-07-18 18:37:31 INFO  Log:28 - No Records Found for Afghanistan.
2019-07-18 18:37:31 INFO  Log:28 - The name of the testcase passed is :TC_011_validateSearchByUnavailableCountry
2019-07-18 18:37:31 INFO  Log:28 - Closed the Browser
2019-07-18 18:37:31 INFO  Log:28 - test case ended
2019-07-18 18:37:31 INFO  Log:28 - test case started
2019-07-18 18:37:31 INFO  Log:28 - Launched Chrome Browser
2019-07-18 18:37:34 INFO  Log:28 - TC_012_validateOptionsBar test case started
2019-07-18 18:37:34 INFO  Log:28 - OrangeHrm application is opened
2019-07-18 18:37:34 INFO  Log:28 - The URL of Orange HRM is loaded
2019-07-18 18:37:38 INFO  Log:28 - Login Page of Orange HRM is displayed
2019-07-18 18:37:38 INFO  Log:28 - Enter username:Admin
2019-07-18 18:37:38 INFO  Log:28 - Enter password:admin123
2019-07-18 18:37:38 INFO  Log:28 - Login credentails are provided
2019-07-18 18:37:38 INFO  Log:28 - Login button is clicked
2019-07-18 18:37:40 INFO  Log:28 - Home Page of Orange HRM is displayed
2019-07-18 18:37:40 INFO  Log:28 - The module Admin is found
2019-07-18 18:37:40 INFO  Log:28 - The sub-module Organization is found
2019-07-18 18:37:40 INFO  Log:28 - The section Locations is clicked
2019-07-18 18:37:43 INFO  Log:28 - Locations Page of Admin module of Orange HRM is displayed.
2019-07-18 18:37:43 INFO  Log:28 - Options bar is clicked to hide.
2019-07-18 18:37:43 INFO  Log:28 - Options Bar hidden and expanded successfully.
2019-07-18 18:37:43 INFO  Log:28 - The name of the testcase passed is :TC_012_validateOptionsBar
2019-07-18 18:37:43 INFO  Log:28 - Closed the Browser
2019-07-18 18:37:43 INFO  Log:28 - test case ended
2019-07-18 18:37:43 INFO  Log:28 - test case started
2019-07-18 18:37:43 INFO  Log:28 - Launched Chrome Browser
2019-07-18 18:37:46 INFO  Log:28 - TC_013_validateUpdatedCityInfo test case started
2019-07-18 18:37:46 INFO  Log:28 - OrangeHrm application is opened
2019-07-18 18:37:46 INFO  Log:28 - The URL of Orange HRM is loaded
2019-07-18 18:37:50 INFO  Log:28 - Login Page of Orange HRM is displayed
2019-07-18 18:37:50 INFO  Log:28 - Enter username:Admin
2019-07-18 18:37:50 INFO  Log:28 - Enter password:admin123
2019-07-18 18:37:50 INFO  Log:28 - Login credentails are provided
2019-07-18 18:37:50 INFO  Log:28 - Login button is clicked
2019-07-18 18:37:52 INFO  Log:28 - Home Page of Orange HRM is displayed
2019-07-18 18:37:52 INFO  Log:28 - The module Admin is found
2019-07-18 18:37:52 INFO  Log:28 - The sub-module Organization is found
2019-07-18 18:37:52 INFO  Log:28 - The section Locations is clicked
2019-07-18 18:37:54 INFO  Log:28 - Locations Page of Admin module of Orange HRM is displayed.
2019-07-18 18:37:54 INFO  Log:28 - The city Vizag R&D is clicked to get its respective details.
2019-07-18 18:37:55 INFO  Log:28 - Edit button is clicked.
2019-07-18 18:37:55 INFO  Log:28 - Edit Button is clicked
2019-07-18 18:37:55 INFO  Log:28 - The information of phone is updated with 1234567890.
2019-07-18 18:37:55 INFO  Log:28 - Save button is clicked.
2019-07-18 18:37:56 INFO  Log:28 - Save Button is clicked
2019-07-18 18:37:57 INFO  Log:28 - The city Vizag R&D is clicked to get its respective details.
2019-07-18 18:37:57 INFO  Log:28 - Information Updated Successfully.
2019-07-18 18:37:57 INFO  Log:28 - The name of the testcase passed is :TC_013_validateUpdatedCityInfo
2019-07-18 18:37:57 INFO  Log:28 - Closed the Browser
2019-07-18 18:37:57 INFO  Log:28 - test case ended
2019-07-18 18:37:57 INFO  Log:28 - test case started
2019-07-18 18:37:57 INFO  Log:28 - Launched Chrome Browser
2019-07-18 18:38:01 INFO  Log:28 - TC_014_deletingExistedLocation test case started
2019-07-18 18:38:01 INFO  Log:28 - OrangeHrm application is opened
2019-07-18 18:38:01 INFO  Log:28 - The URL of Orange HRM is loaded
2019-07-18 18:38:05 INFO  Log:28 - Login Page of Orange HRM is displayed
2019-07-18 18:38:05 INFO  Log:28 - Enter username:Admin
2019-07-18 18:38:05 INFO  Log:28 - Enter password:admin123
2019-07-18 18:38:05 INFO  Log:28 - Login credentails are provided
2019-07-18 18:38:05 INFO  Log:28 - Login button is clicked
2019-07-18 18:38:07 INFO  Log:28 - Home Page of Orange HRM is displayed
2019-07-18 18:38:07 INFO  Log:28 - The module Admin is found
2019-07-18 18:38:07 INFO  Log:28 - The sub-module Organization is found
2019-07-18 18:38:07 INFO  Log:28 - The section Locations is clicked
2019-07-18 18:38:09 INFO  Log:28 - Locations Page of Admin module of Orange HRM is displayed.
2019-07-18 18:38:09 INFO  Log:28 - The checkbox of Vizag R&D is enabled.
2019-07-18 18:38:09 INFO  Log:28 - Delete button is clicked.
2019-07-18 18:38:09 INFO  Log:28 - Delete Button is clicked
2019-07-18 18:38:09 INFO  Log:28 - OK button is clicked.
2019-07-18 18:38:11 INFO  Log:28 - The locations of Vizag R&D is searched.
2019-07-18 18:38:11 INFO  Log:28 - Search button is clicked.
2019-07-18 18:38:11 INFO  Log:28 - Search Button is clicked
2019-07-18 18:38:11 INFO  Log:28 - No Records Found for Vizag R&D.
2019-07-18 18:38:11 INFO  Log:28 - The name of the testcase passed is :TC_014_deletingExistedLocation
2019-07-18 18:38:11 INFO  Log:28 - Closed the Browser
2019-07-18 18:38:11 INFO  Log:28 - test case ended
2019-07-18 18:38:11 INFO  Log:28 - test case started
2019-07-18 18:38:11 INFO  Log:28 - Launched Chrome Browser
2019-07-18 18:38:15 INFO  Log:28 - TC_015_validateReset test case started
2019-07-18 18:38:15 INFO  Log:28 - OrangeHrm application is opened
2019-07-18 18:38:15 INFO  Log:28 - The URL of Orange HRM is loaded
2019-07-18 18:38:19 INFO  Log:28 - Login Page of Orange HRM is displayed
2019-07-18 18:38:19 INFO  Log:28 - Enter username:Admin
2019-07-18 18:38:19 INFO  Log:28 - Enter password:admin123
2019-07-18 18:38:19 INFO  Log:28 - Login credentails are provided
2019-07-18 18:38:19 INFO  Log:28 - Login button is clicked
2019-07-18 18:38:20 INFO  Log:28 - Home Page of Orange HRM is displayed
2019-07-18 18:38:20 INFO  Log:28 - The module Admin is found
2019-07-18 18:38:20 INFO  Log:28 - The sub-module Organization is found
2019-07-18 18:38:21 INFO  Log:28 - The section Locations is clicked
2019-07-18 18:38:23 INFO  Log:28 - Locations Page of Admin module of Orange HRM is displayed.
2019-07-18 18:38:23 INFO  Log:28 - The locations of Canadian Development Center is searched.
2019-07-18 18:38:23 INFO  Log:28 - Search button is clicked.
2019-07-18 18:38:24 INFO  Log:28 - Search Button is clicked
2019-07-18 18:38:24 INFO  Log:28 - The results for Canadian Development Center were shown below.
2019-07-18 18:38:24 INFO  Log:28 - Reset button is clicked.
2019-07-18 18:38:24 INFO  Log:28 - Reset Button is clicked
2019-07-18 18:38:24 INFO  Log:28 - Reset button is verified.
2019-07-18 18:38:24 INFO  Log:28 - The name of the testcase passed is :TC_015_validateReset
2019-07-18 18:38:24 INFO  Log:28 - Closed the Browser
2019-07-18 18:38:24 INFO  Log:28 - test case ended
2019-07-18 18:38:24 INFO  Log:28 - test case started
2019-07-18 18:38:24 INFO  Log:28 - Launched Chrome Browser
2019-07-18 18:38:28 INFO  Log:28 - TC_016_removeUnitOfStructure test case started
2019-07-18 18:38:28 INFO  Log:28 - OrangeHrm application is opened
2019-07-18 18:38:28 INFO  Log:28 - The URL of Orange HRM is loaded
2019-07-18 18:38:32 INFO  Log:28 - Login Page of Orange HRM is displayed
2019-07-18 18:38:32 INFO  Log:28 - Enter username:Admin
2019-07-18 18:38:32 INFO  Log:28 - Enter password:admin123
2019-07-18 18:38:32 INFO  Log:28 - Login credentails are provided
2019-07-18 18:38:32 INFO  Log:28 - Login button is clicked
2019-07-18 18:38:34 INFO  Log:28 - Home Page of Orange HRM is displayed
2019-07-18 18:38:34 INFO  Log:28 - The module Admin is found
2019-07-18 18:38:34 INFO  Log:28 - The sub-module Organization is found
2019-07-18 18:38:34 INFO  Log:28 - The section Structure is clicked
2019-07-18 18:38:36 INFO  Log:28 - Structure Page of Admin module of Orange HRM is displayed.
2019-07-18 18:38:36 INFO  Log:28 - Edit button is clicked.
2019-07-18 18:38:36 INFO  Log:28 - Edit Button is clicked
2019-07-18 18:38:36 INFO  Log:28 - The unit Sales is edited(x).
2019-07-18 18:38:36 INFO  Log:28 - OK button is clicked.
2019-07-18 18:38:37 INFO  Log:28 - The unit Sales is removed.
2019-07-18 18:38:37 INFO  Log:28 - The name of the testcase passed is :TC_016_removeUnitOfStructure
2019-07-18 18:38:37 INFO  Log:28 - Closed the Browser
2019-07-18 18:38:37 INFO  Log:28 - test case ended
2019-07-18 18:38:37 INFO  Log:28 - test case started
2019-07-18 18:38:37 INFO  Log:28 - Launched Chrome Browser
2019-07-18 18:38:41 INFO  Log:28 - TC_017_addUnitOfStructure test case started
2019-07-18 18:38:41 INFO  Log:28 - OrangeHrm application is opened
2019-07-18 18:38:41 INFO  Log:28 - The URL of Orange HRM is loaded
2019-07-18 18:38:45 INFO  Log:28 - Login Page of Orange HRM is displayed
2019-07-18 18:38:45 INFO  Log:28 - Enter username:Admin
2019-07-18 18:38:45 INFO  Log:28 - Enter password:admin123
2019-07-18 18:38:45 INFO  Log:28 - Login credentails are provided
2019-07-18 18:38:45 INFO  Log:28 - Login button is clicked
2019-07-18 18:38:47 INFO  Log:28 - Home Page of Orange HRM is displayed
2019-07-18 18:38:47 INFO  Log:28 - The module Admin is found
2019-07-18 18:38:47 INFO  Log:28 - The sub-module Organization is found
2019-07-18 18:38:47 INFO  Log:28 - The section Structure is clicked
2019-07-18 18:38:49 INFO  Log:28 - Structure Page of Admin module of Orange HRM is displayed.
2019-07-18 18:38:49 INFO  Log:28 - Edit button is clicked.
2019-07-18 18:38:49 INFO  Log:28 - Edit Button is clicked
2019-07-18 18:38:49 INFO  Log:28 - The unit OrangeHRM (Pvt) Ltd is edited(+).
2019-07-18 18:38:50 INFO  Log:28 - Updated the deatils of the unit.
2019-07-18 18:38:50 INFO  Log:28 - Save button is clicked.
2019-07-18 18:38:51 INFO  Log:28 - Save Button is clicked
2019-07-18 18:38:51 INFO  Log:28 - The unit Business is added.
2019-07-18 18:38:51 INFO  Log:28 - The name of the testcase passed is :TC_017_addUnitOfStructure
2019-07-18 18:38:51 INFO  Log:28 - Closed the Browser
2019-07-18 18:38:52 INFO  Log:28 - test case ended
2019-07-18 18:38:52 INFO  Log:28 - test case started
2019-07-18 18:38:52 INFO  Log:28 - Launched Chrome Browser
2019-07-18 18:38:55 INFO  Log:28 - TC_018_updateUnitOfStructure test case started
2019-07-18 18:38:55 INFO  Log:28 - OrangeHrm application is opened
2019-07-18 18:38:55 INFO  Log:28 - The URL of Orange HRM is loaded
2019-07-18 18:38:59 INFO  Log:28 - Login Page of Orange HRM is displayed
2019-07-18 18:38:59 INFO  Log:28 - Enter username:Admin
2019-07-18 18:38:59 INFO  Log:28 - Enter password:admin123
2019-07-18 18:38:59 INFO  Log:28 - Login credentails are provided
2019-07-18 18:38:59 INFO  Log:28 - Login button is clicked
2019-07-18 18:39:01 INFO  Log:28 - Home Page of Orange HRM is displayed
2019-07-18 18:39:01 INFO  Log:28 - The module Admin is found
2019-07-18 18:39:01 INFO  Log:28 - The sub-module Organization is found
2019-07-18 18:39:01 INFO  Log:28 - The section Structure is clicked
2019-07-18 18:39:03 INFO  Log:28 - Structure Page of Admin module of Orange HRM is displayed.
2019-07-18 18:39:03 INFO  Log:28 - Edit button is clicked.
2019-07-18 18:39:03 INFO  Log:28 - Edit Button is clicked
2019-07-18 18:39:03 INFO  Log:28 - The unit Business is clicked.
2019-07-18 18:39:04 INFO  Log:28 - Updated the deatils of the unit.
2019-07-18 18:39:04 INFO  Log:28 - Save button is clicked.
2019-07-18 18:39:05 INFO  Log:28 - Save Button is clicked
2019-07-18 18:39:06 INFO  Log:28 - The unit Sales is added.
2019-07-18 18:39:06 INFO  Log:28 - The name of the testcase passed is :TC_018_updateUnitOfStructure
2019-07-18 18:39:06 INFO  Log:28 - Closed the Browser
2019-07-18 18:39:06 INFO  Log:28 - test case ended
2019-07-18 18:39:06 INFO  Log:28 - test case started
2019-07-18 18:39:06 INFO  Log:28 - Launched Chrome Browser
2019-07-18 18:39:09 INFO  Log:28 - tc_001_validateSearch_ValidEmpName test case started
2019-07-18 18:39:09 INFO  Log:28 - Test case: tc_001_validateSearch_ValidEmpNameis started
2019-07-18 18:39:09 INFO  Log:28 - OrangeHrm application is opened
2019-07-18 18:39:09 INFO  Log:28 - The URL of Orange HRM is loaded
2019-07-18 18:39:13 INFO  Log:28 - Login Page of Orange HRM is displayed
2019-07-18 18:39:13 INFO  Log:28 - Enter username:Admin
2019-07-18 18:39:13 INFO  Log:28 - Enter password:admin123
2019-07-18 18:39:13 INFO  Log:28 - Login credentails are provided
2019-07-18 18:39:13 INFO  Log:28 - Login button is clicked
2019-07-18 18:39:15 INFO  Log:28 - Home Page of Orange HRM is displayed
2019-07-18 18:39:15 INFO  Log:28 - The module PIM is found
2019-07-18 18:39:15 INFO  Log:28 - The sub-module Employee List is clicked
2019-07-18 18:39:18 INFO  Log:28 - Employee List Module is opened
2019-07-18 18:39:18 INFO  Log:28 - Employee List Page of PIM module of Orange HRM is displayed.
2019-07-18 18:39:18 INFO  Log:28 - empname is provided
2019-07-18 18:39:18 INFO  Log:28 - Search button is clicked.
2019-07-18 18:39:18 INFO  Log:28 - Search Button is clicked
2019-07-18 18:39:19 INFO  Log:28 - validation is done
2019-07-18 18:39:19 INFO  Log:28 - Test case: tc_001_validateSearch_ValidEmpNameis completed
2019-07-18 18:39:19 INFO  Log:28 - The name of the testcase passed is :tc_001_validateSearch_ValidEmpName
2019-07-18 18:39:19 INFO  Log:28 - Closed the Browser
2019-07-18 18:39:19 INFO  Log:28 - test case ended
2019-07-18 18:39:19 INFO  Log:28 - test case started
2019-07-18 18:39:19 INFO  Log:28 - Launched Chrome Browser
2019-07-18 18:39:23 INFO  Log:28 - tc_002_validateSearch_InvalidEmpName test case started
2019-07-18 18:39:23 INFO  Log:28 - Test case:tc_002_validateSearch_InvalidEmpNameis started
2019-07-18 18:39:23 INFO  Log:28 - OrangeHrm application is opened
2019-07-18 18:39:23 INFO  Log:28 - The URL of Orange HRM is loaded
2019-07-18 18:39:27 INFO  Log:28 - Login Page of Orange HRM is displayed
2019-07-18 18:39:27 INFO  Log:28 - Enter username:Admin
2019-07-18 18:39:27 INFO  Log:28 - Enter password:admin123
2019-07-18 18:39:27 INFO  Log:28 - Login credentails are provided
2019-07-18 18:39:27 INFO  Log:28 - Login button is clicked
2019-07-18 18:39:29 INFO  Log:28 - Home Page of Orange HRM is displayed
2019-07-18 18:39:29 INFO  Log:28 - The module PIM is found
2019-07-18 18:39:29 INFO  Log:28 - The sub-module Employee List is clicked
2019-07-18 18:39:31 INFO  Log:28 - Employee List Module is opened
2019-07-18 18:39:31 INFO  Log:28 - Employee List Page of PIM module of Orange HRM is displayed.
2019-07-18 18:39:31 INFO  Log:28 - empname is provided
2019-07-18 18:39:31 INFO  Log:28 - Search button is clicked.
2019-07-18 18:39:32 INFO  Log:28 - Search Button is clicked
2019-07-18 18:39:32 INFO  Log:28 - validation is done
2019-07-18 18:39:32 INFO  Log:28 - Test case: tc_002_validateSearch_InvalidEmpNameis completed
2019-07-18 18:39:32 INFO  Log:28 - The name of the testcase passed is :tc_002_validateSearch_InvalidEmpName
2019-07-18 18:39:32 INFO  Log:28 - Closed the Browser
2019-07-18 18:39:32 INFO  Log:28 - test case ended
2019-07-18 18:39:32 INFO  Log:28 - test case started
2019-07-18 18:39:32 INFO  Log:28 - Launched Chrome Browser
2019-07-18 18:39:35 INFO  Log:28 - tc_003_validateSearch_ValidEmpId test case started
2019-07-18 18:39:35 INFO  Log:28 - Test case:tc_003_validateSearch_ValidEmpIdis started
2019-07-18 18:39:35 INFO  Log:28 - OrangeHrm application is opened
2019-07-18 18:39:35 INFO  Log:28 - The URL of Orange HRM is loaded
2019-07-18 18:39:40 INFO  Log:28 - Login Page of Orange HRM is displayed
2019-07-18 18:39:40 INFO  Log:28 - Enter username:Admin
2019-07-18 18:39:40 INFO  Log:28 - Enter password:admin123
2019-07-18 18:39:40 INFO  Log:28 - Login credentails are provided
2019-07-18 18:39:40 INFO  Log:28 - Login button is clicked
2019-07-18 18:39:42 INFO  Log:28 - Home Page of Orange HRM is displayed
2019-07-18 18:39:42 INFO  Log:28 - The module PIM is found
2019-07-18 18:39:42 INFO  Log:28 - The sub-module Employee List is clicked
2019-07-18 18:39:44 INFO  Log:28 - Employee List Module is opened
2019-07-18 18:39:44 INFO  Log:28 - Employee List Page of PIM module of Orange HRM is displayed.
2019-07-18 18:39:44 INFO  Log:28 - empid  is provided
2019-07-18 18:39:44 INFO  Log:28 - Search button is clicked.
2019-07-18 18:39:45 INFO  Log:28 - Search Button is clicked
2019-07-18 18:39:46 INFO  Log:28 - validation is done
2019-07-18 18:39:46 INFO  Log:28 - Test case: tc_003_validateSearch_ValidEmpIdis completed
2019-07-18 18:39:46 INFO  Log:28 - The name of the testcase passed is :tc_003_validateSearch_ValidEmpId
2019-07-18 18:39:46 INFO  Log:28 - Closed the Browser
2019-07-18 18:39:46 INFO  Log:28 - test case ended
2019-07-18 18:39:46 INFO  Log:28 - test case started
2019-07-18 18:39:46 INFO  Log:28 - Launched Chrome Browser
2019-07-18 18:39:50 INFO  Log:28 - tc_004_validateSearch_InvalidEmpId test case started
2019-07-18 18:39:50 INFO  Log:28 - Test case:tc_004_validateSearch_InvalidEmpIdis started
2019-07-18 18:39:50 INFO  Log:28 - OrangeHrm application is opened
2019-07-18 18:39:50 INFO  Log:28 - The URL of Orange HRM is loaded
2019-07-18 18:39:54 INFO  Log:28 - Login Page of Orange HRM is displayed
2019-07-18 18:39:54 INFO  Log:28 - Enter username:Admin
2019-07-18 18:39:54 INFO  Log:28 - Enter password:admin123
2019-07-18 18:39:54 INFO  Log:28 - Login credentails are provided
2019-07-18 18:39:54 INFO  Log:28 - Login button is clicked
2019-07-18 18:39:55 INFO  Log:28 - Home Page of Orange HRM is displayed
2019-07-18 18:39:55 INFO  Log:28 - The module PIM is found
2019-07-18 18:39:55 INFO  Log:28 - The sub-module Employee List is clicked
2019-07-18 18:39:58 INFO  Log:28 - Employee List Module is opened
2019-07-18 18:39:58 INFO  Log:28 - Employee List Page of PIM module of Orange HRM is displayed.
2019-07-18 18:39:58 INFO  Log:28 - empid  is provided
2019-07-18 18:39:58 INFO  Log:28 - Search button is clicked.
2019-07-18 18:39:58 INFO  Log:28 - Search Button is clicked
2019-07-18 18:39:58 INFO  Log:28 - validation is done
2019-07-18 18:39:58 INFO  Log:28 - Test case: tc_004_validateSearch_InvalidEmpIdis completed
2019-07-18 18:39:58 INFO  Log:28 - The name of the testcase passed is :tc_004_validateSearch_InvalidEmpId
2019-07-18 18:39:58 INFO  Log:28 - Closed the Browser
2019-07-18 18:39:59 INFO  Log:28 - test case ended
2019-07-18 18:39:59 INFO  Log:28 - test case started
2019-07-18 18:39:59 INFO  Log:28 - Launched Chrome Browser
2019-07-18 18:40:02 INFO  Log:28 - tc_005_validateSearch_EmpStatus test case started
2019-07-18 18:40:02 INFO  Log:28 - Test case:tc_005_validateSearch_EmpStatusis started
2019-07-18 18:40:02 INFO  Log:28 - OrangeHrm application is opened
2019-07-18 18:40:02 INFO  Log:28 - The URL of Orange HRM is loaded
2019-07-18 18:40:06 INFO  Log:28 - Login Page of Orange HRM is displayed
2019-07-18 18:40:06 INFO  Log:28 - Enter username:Admin
2019-07-18 18:40:06 INFO  Log:28 - Enter password:admin123
2019-07-18 18:40:06 INFO  Log:28 - Login credentails are provided
2019-07-18 18:40:06 INFO  Log:28 - Login button is clicked
2019-07-18 18:40:08 INFO  Log:28 - Home Page of Orange HRM is displayed
2019-07-18 18:40:08 INFO  Log:28 - The module PIM is found
2019-07-18 18:40:08 INFO  Log:28 - The sub-module Employee List is clicked
2019-07-18 18:40:10 INFO  Log:28 - Employee List Module is opened
2019-07-18 18:40:10 INFO  Log:28 - Employee List Page of PIM module of Orange HRM is displayed.
2019-07-18 18:40:10 INFO  Log:28 - emp status is selected
2019-07-18 18:40:10 INFO  Log:28 - Search button is clicked.
2019-07-18 18:40:11 INFO  Log:28 - Search Button is clicked
2019-07-18 18:40:12 INFO  Log:28 - validation is done
2019-07-18 18:40:12 INFO  Log:28 - Test case: tc_005_validateSearch_EmpStatusis completed
2019-07-18 18:40:12 INFO  Log:28 - The name of the testcase passed is :tc_005_validateSearch_EmpStatus
2019-07-18 18:40:12 INFO  Log:28 - Closed the Browser
2019-07-18 18:40:12 INFO  Log:28 - test case ended
2019-07-18 18:40:12 INFO  Log:28 - test case started
2019-07-18 18:40:12 INFO  Log:28 - Launched Chrome Browser
2019-07-18 18:40:15 INFO  Log:28 - tc_006_validateSearch_EmpJobTitle test case started
2019-07-18 18:40:15 INFO  Log:28 - Test case:tc_006_validateSearch_EmpJobTitleis started
2019-07-18 18:40:15 INFO  Log:28 - OrangeHrm application is opened
2019-07-18 18:40:15 INFO  Log:28 - The URL of Orange HRM is loaded
2019-07-18 18:40:20 INFO  Log:28 - Login Page of Orange HRM is displayed
2019-07-18 18:40:20 INFO  Log:28 - Enter username:Admin
2019-07-18 18:40:20 INFO  Log:28 - Enter password:admin123
2019-07-18 18:40:20 INFO  Log:28 - Login credentails are provided
2019-07-18 18:40:20 INFO  Log:28 - Login button is clicked
2019-07-18 18:40:21 INFO  Log:28 - Home Page of Orange HRM is displayed
2019-07-18 18:40:21 INFO  Log:28 - The module PIM is found
2019-07-18 18:40:21 INFO  Log:28 - The sub-module Employee List is clicked
2019-07-18 18:40:24 INFO  Log:28 - Employee List Module is opened
2019-07-18 18:40:24 INFO  Log:28 - Employee List Page of PIM module of Orange HRM is displayed.
2019-07-18 18:40:24 INFO  Log:28 - jobtitile is selected
2019-07-18 18:40:24 INFO  Log:28 - Search button is clicked.
2019-07-18 18:40:24 INFO  Log:28 - Search Button is clicked
2019-07-18 18:40:26 INFO  Log:28 - validation is done
2019-07-18 18:40:26 INFO  Log:28 - Test case: tc_006_validateSearch_EmpJobTitleis completed
2019-07-18 18:40:26 INFO  Log:28 - The name of the testcase passed is :tc_006_validateSearch_EmpJobTitle
2019-07-18 18:40:26 INFO  Log:28 - Closed the Browser
2019-07-18 18:40:26 INFO  Log:28 - test case ended
2019-07-18 18:40:26 INFO  Log:28 - test case started
2019-07-18 18:40:26 INFO  Log:28 - Launched Chrome Browser
2019-07-18 18:40:29 INFO  Log:28 - tc_007_validateSearch_EmpSubUnit test case started
2019-07-18 18:40:29 INFO  Log:28 - Test case:tc_007_validateSearch_EmpSubUnitis started
2019-07-18 18:40:29 INFO  Log:28 - OrangeHrm application is opened
2019-07-18 18:40:29 INFO  Log:28 - The URL of Orange HRM is loaded
2019-07-18 18:40:33 INFO  Log:28 - Login Page of Orange HRM is displayed
2019-07-18 18:40:33 INFO  Log:28 - Enter username:Admin
2019-07-18 18:40:33 INFO  Log:28 - Enter password:admin123
2019-07-18 18:40:33 INFO  Log:28 - Login credentails are provided
2019-07-18 18:40:33 INFO  Log:28 - Login button is clicked
2019-07-18 18:40:35 INFO  Log:28 - Home Page of Orange HRM is displayed
2019-07-18 18:40:35 INFO  Log:28 - The module PIM is found
2019-07-18 18:40:35 INFO  Log:28 - The sub-module Employee List is clicked
2019-07-18 18:40:37 INFO  Log:28 - Employee List Module is opened
2019-07-18 18:40:37 INFO  Log:28 - Employee List Page of PIM module of Orange HRM is displayed.
2019-07-18 18:40:37 INFO  Log:28 - subunit is selected
2019-07-18 18:40:37 INFO  Log:28 - Search button is clicked.
2019-07-18 18:40:38 INFO  Log:28 - Search Button is clicked
2019-07-18 18:40:39 INFO  Log:28 - validation is done
2019-07-18 18:40:39 INFO  Log:28 - Test case: tc_007_validateSearch_EmpSubUnitis completed
2019-07-18 18:40:39 INFO  Log:28 - The name of the testcase passed is :tc_007_validateSearch_EmpSubUnit
2019-07-18 18:40:39 INFO  Log:28 - Closed the Browser
2019-07-18 18:40:39 INFO  Log:28 - test case ended
2019-07-18 18:40:39 INFO  Log:28 - test case started
2019-07-18 18:40:39 INFO  Log:28 - Launched Chrome Browser
2019-07-18 18:40:42 INFO  Log:28 - tc_008_validateSearch_ValidEmpName_ValidEmpId test case started
2019-07-18 18:40:42 INFO  Log:28 - Test case:tc_008_validateSearch_ValidEmpName_ValidEmpIdis started
2019-07-18 18:40:42 INFO  Log:28 - OrangeHrm application is opened
2019-07-18 18:40:42 INFO  Log:28 - The URL of Orange HRM is loaded
2019-07-18 18:40:46 INFO  Log:28 - Login Page of Orange HRM is displayed
2019-07-18 18:40:46 INFO  Log:28 - Enter username:Admin
2019-07-18 18:40:47 INFO  Log:28 - Enter password:admin123
2019-07-18 18:40:47 INFO  Log:28 - Login credentails are provided
2019-07-18 18:40:47 INFO  Log:28 - Login button is clicked
2019-07-18 18:40:48 INFO  Log:28 - Home Page of Orange HRM is displayed
2019-07-18 18:40:48 INFO  Log:28 - The module PIM is found
2019-07-18 18:40:48 INFO  Log:28 - The sub-module Employee List is clicked
2019-07-18 18:40:51 INFO  Log:28 - Employee List Module is opened
2019-07-18 18:40:51 INFO  Log:28 - Employee List Page of PIM module of Orange HRM is displayed.
2019-07-18 18:40:51 INFO  Log:28 - empname is provided
2019-07-18 18:40:51 INFO  Log:28 - empid  is provided
2019-07-18 18:40:51 INFO  Log:28 - Search button is clicked.
2019-07-18 18:40:51 INFO  Log:28 - Search Button is clicked
2019-07-18 18:40:52 INFO  Log:28 - validation is done
2019-07-18 18:40:52 INFO  Log:28 - Test case: tc_008_validateSearch_ValidEmpName_ValidEmpIdis completed
2019-07-18 18:40:52 INFO  Log:28 - The name of the testcase passed is :tc_008_validateSearch_ValidEmpName_ValidEmpId
2019-07-18 18:40:52 INFO  Log:28 - Closed the Browser
2019-07-18 18:40:52 INFO  Log:28 - test case ended
2019-07-18 18:40:52 INFO  Log:28 - test case started
2019-07-18 18:40:52 INFO  Log:28 - Launched Chrome Browser
2019-07-18 18:40:56 INFO  Log:28 - tc_009_validateSearch_ValidEmpName_InvalidEmpId test case started
2019-07-18 18:40:56 INFO  Log:28 - Test case:tc_009_validateSearch_ValidEmpName_InvalidEmpIdis started
2019-07-18 18:40:56 INFO  Log:28 - OrangeHrm application is opened
2019-07-18 18:40:56 INFO  Log:28 - The URL of Orange HRM is loaded
2019-07-18 18:41:00 INFO  Log:28 - Login Page of Orange HRM is displayed
2019-07-18 18:41:00 INFO  Log:28 - Enter username:Admin
2019-07-18 18:41:00 INFO  Log:28 - Enter password:admin123
2019-07-18 18:41:00 INFO  Log:28 - Login credentails are provided
2019-07-18 18:41:00 INFO  Log:28 - Login button is clicked
2019-07-18 18:41:02 INFO  Log:28 - Home Page of Orange HRM is displayed
2019-07-18 18:41:02 INFO  Log:28 - The module PIM is found
2019-07-18 18:41:02 INFO  Log:28 - The sub-module Employee List is clicked
2019-07-18 18:41:04 INFO  Log:28 - Employee List Module is opened
2019-07-18 18:41:04 INFO  Log:28 - Employee List Page of PIM module of Orange HRM is displayed.
2019-07-18 18:41:04 INFO  Log:28 - empname is provided
2019-07-18 18:41:04 INFO  Log:28 - empid  is provided
2019-07-18 18:41:04 INFO  Log:28 - Search button is clicked.
2019-07-18 18:41:05 INFO  Log:28 - Search Button is clicked
2019-07-18 18:41:05 INFO  Log:28 - validation is done
2019-07-18 18:41:05 INFO  Log:28 - Test case: tc_009_validateSearch_ValidEmpName_InvalidEmpIdis completed
2019-07-18 18:41:05 INFO  Log:28 - The name of the testcase passed is :tc_009_validateSearch_ValidEmpName_InvalidEmpId
2019-07-18 18:41:05 INFO  Log:28 - Closed the Browser
2019-07-18 18:41:05 INFO  Log:28 - test case ended
2019-07-18 18:41:05 INFO  Log:28 - test case started
2019-07-18 18:41:05 INFO  Log:28 - Launched Chrome Browser
2019-07-18 18:41:08 INFO  Log:28 - tc_010_validateSearch_InvalidEmpName_ValidEmpId test case started
2019-07-18 18:41:08 INFO  Log:28 - Test case:tc_010_validateSearch_InvalidEmpName_ValidEmpIdis started
2019-07-18 18:41:08 INFO  Log:28 - OrangeHrm application is opened
2019-07-18 18:41:08 INFO  Log:28 - The URL of Orange HRM is loaded
2019-07-18 18:41:12 INFO  Log:28 - Login Page of Orange HRM is displayed
2019-07-18 18:41:12 INFO  Log:28 - Enter username:Admin
2019-07-18 18:41:12 INFO  Log:28 - Enter password:admin123
2019-07-18 18:41:12 INFO  Log:28 - Login credentails are provided
2019-07-18 18:41:12 INFO  Log:28 - Login button is clicked
2019-07-18 18:41:14 INFO  Log:28 - Home Page of Orange HRM is displayed
2019-07-18 18:41:14 INFO  Log:28 - The module PIM is found
2019-07-18 18:41:14 INFO  Log:28 - The sub-module Employee List is clicked
2019-07-18 18:41:16 INFO  Log:28 - Employee List Module is opened
2019-07-18 18:41:16 INFO  Log:28 - Employee List Page of PIM module of Orange HRM is displayed.
2019-07-18 18:41:17 INFO  Log:28 - empname is provided
2019-07-18 18:41:17 INFO  Log:28 - empid  is provided
2019-07-18 18:41:17 INFO  Log:28 - Search button is clicked.
2019-07-18 18:41:17 INFO  Log:28 - Search Button is clicked
2019-07-18 18:41:17 INFO  Log:28 - validation is done
2019-07-18 18:41:17 INFO  Log:28 - Test case: tc_010_validateSearch_InvalidEmpName_ValidEmpIdis completed
2019-07-18 18:41:17 INFO  Log:28 - The name of the testcase passed is :tc_010_validateSearch_InvalidEmpName_ValidEmpId
2019-07-18 18:41:17 INFO  Log:28 - Closed the Browser
2019-07-18 18:41:17 INFO  Log:28 - test case ended
2019-07-18 18:41:17 INFO  Log:28 - test case started
2019-07-18 18:41:17 INFO  Log:28 - Launched Chrome Browser
2019-07-18 18:41:21 INFO  Log:28 - tc_011_validateSearch_InvalidEmpName_InValidEmpId test case started
2019-07-18 18:41:21 INFO  Log:28 - Test case:tc_011_validateSearch_InvalidEmpName_InValidEmpIdis started
2019-07-18 18:41:21 INFO  Log:28 - OrangeHrm application is opened
2019-07-18 18:41:21 INFO  Log:28 - The URL of Orange HRM is loaded
2019-07-18 18:41:25 INFO  Log:28 - Login Page of Orange HRM is displayed
2019-07-18 18:41:25 INFO  Log:28 - Enter username:Admin
2019-07-18 18:41:25 INFO  Log:28 - Enter password:admin123
2019-07-18 18:41:25 INFO  Log:28 - Login credentails are provided
2019-07-18 18:41:25 INFO  Log:28 - Login button is clicked
2019-07-18 18:41:26 INFO  Log:28 - Home Page of Orange HRM is displayed
2019-07-18 18:41:26 INFO  Log:28 - The module PIM is found
2019-07-18 18:41:27 INFO  Log:28 - The sub-module Employee List is clicked
2019-07-18 18:41:29 INFO  Log:28 - Employee List Module is opened
2019-07-18 18:41:29 INFO  Log:28 - Employee List Page of PIM module of Orange HRM is displayed.
2019-07-18 18:41:29 INFO  Log:28 - empname is provided
2019-07-18 18:41:29 INFO  Log:28 - empid  is provided
2019-07-18 18:41:29 INFO  Log:28 - Search button is clicked.
2019-07-18 18:41:30 INFO  Log:28 - Search Button is clicked
2019-07-18 18:41:30 INFO  Log:28 - validation is done
2019-07-18 18:41:30 INFO  Log:28 - Test case: tc_011_validateSearch_InvalidEmpName_InValidEmpIdis completed
2019-07-18 18:41:30 INFO  Log:28 - The name of the testcase passed is :tc_011_validateSearch_InvalidEmpName_InValidEmpId
2019-07-18 18:41:30 INFO  Log:28 - Closed the Browser
2019-07-18 18:41:30 INFO  Log:28 - test case ended
2019-07-18 18:41:30 INFO  Log:28 - test case started
2019-07-18 18:41:30 INFO  Log:28 - Launched Chrome Browser
2019-07-18 18:41:33 INFO  Log:28 - tc_012_validateSearch_ValidSupervisorName test case started
2019-07-18 18:41:33 INFO  Log:28 - Test case:tc_012_validateSearch_ValidSupervisorNameis started
2019-07-18 18:41:33 INFO  Log:28 - OrangeHrm application is opened
2019-07-18 18:41:33 INFO  Log:28 - The URL of Orange HRM is loaded
2019-07-18 18:41:38 INFO  Log:28 - Login Page of Orange HRM is displayed
2019-07-18 18:41:38 INFO  Log:28 - Enter username:Admin
2019-07-18 18:41:38 INFO  Log:28 - Enter password:admin123
2019-07-18 18:41:38 INFO  Log:28 - Login credentails are provided
2019-07-18 18:41:38 INFO  Log:28 - Login button is clicked
2019-07-18 18:41:40 INFO  Log:28 - Home Page of Orange HRM is displayed
2019-07-18 18:41:40 INFO  Log:28 - The module PIM is found
2019-07-18 18:41:40 INFO  Log:28 - The sub-module Employee List is clicked
2019-07-18 18:41:42 INFO  Log:28 - Employee List Module is opened
2019-07-18 18:41:42 INFO  Log:28 - Employee List Page of PIM module of Orange HRM is displayed.
2019-07-18 18:41:42 INFO  Log:28 - supervisor name is provided
2019-07-18 18:41:42 INFO  Log:28 - Search button is clicked.
2019-07-18 18:41:43 INFO  Log:28 - Search Button is clicked
2019-07-18 18:41:43 WARN  Log:33 - The name of the testcase failed is :tc_012_validateSearch_ValidSupervisorName
2019-07-18 18:41:43 INFO  Log:28 - Closed the Browser
2019-07-18 18:41:43 INFO  Log:28 - test case ended
2019-07-18 18:41:43 INFO  Log:28 - test case started
2019-07-18 18:41:43 INFO  Log:28 - Launched Chrome Browser
2019-07-18 18:41:46 INFO  Log:28 - tc_013_validateSearch_InvalidSupervisorName test case started
2019-07-18 18:41:46 INFO  Log:28 - Test case:tc_013_validateSearch_InvalidSupervisorNameis started
2019-07-18 18:41:46 INFO  Log:28 - OrangeHrm application is opened
2019-07-18 18:41:46 INFO  Log:28 - The URL of Orange HRM is loaded
2019-07-18 18:41:51 INFO  Log:28 - Login Page of Orange HRM is displayed
2019-07-18 18:41:51 INFO  Log:28 - Enter username:Admin
2019-07-18 18:41:51 INFO  Log:28 - Enter password:admin123
2019-07-18 18:41:51 INFO  Log:28 - Login credentails are provided
2019-07-18 18:41:51 INFO  Log:28 - Login button is clicked
2019-07-18 18:41:52 INFO  Log:28 - Home Page of Orange HRM is displayed
2019-07-18 18:41:52 INFO  Log:28 - The module PIM is found
2019-07-18 18:41:52 INFO  Log:28 - The sub-module Employee List is clicked
2019-07-18 18:41:55 INFO  Log:28 - Employee List Module is opened
2019-07-18 18:41:55 INFO  Log:28 - Employee List Page of PIM module of Orange HRM is displayed.
2019-07-18 18:41:55 INFO  Log:28 - supervisor name is provided
2019-07-18 18:41:55 INFO  Log:28 - Search button is clicked.
2019-07-18 18:41:55 INFO  Log:28 - Search Button is clicked
2019-07-18 18:41:56 INFO  Log:28 - validation is done
2019-07-18 18:41:56 INFO  Log:28 - Test case: tc_013_validateSearch_InvalidSupervisorNameis completed
2019-07-18 18:41:56 INFO  Log:28 - The name of the testcase passed is :tc_013_validateSearch_InvalidSupervisorName
2019-07-18 18:41:56 INFO  Log:28 - Closed the Browser
2019-07-18 18:41:56 INFO  Log:28 - test case ended
2019-07-18 18:41:56 INFO  Log:28 - test case started
2019-07-18 18:41:56 INFO  Log:28 - Launched Chrome Browser
2019-07-18 18:41:59 INFO  Log:28 - tc_014_validateSearch_ValidEmpName_ValidEmpId_InvalidSupervisorName test case started
2019-07-18 18:41:59 INFO  Log:28 - Test case:tc_014_validateSearch_ValidEmpName_ValidEmpId_InvalidSupervisorNameis started
2019-07-18 18:41:59 INFO  Log:28 - OrangeHrm application is opened
2019-07-18 18:41:59 INFO  Log:28 - The URL of Orange HRM is loaded
2019-07-18 18:42:03 INFO  Log:28 - Login Page of Orange HRM is displayed
2019-07-18 18:42:03 INFO  Log:28 - Enter username:Admin
2019-07-18 18:42:03 INFO  Log:28 - Enter password:admin123
2019-07-18 18:42:03 INFO  Log:28 - Login credentails are provided
2019-07-18 18:42:03 INFO  Log:28 - Login button is clicked
2019-07-18 18:42:05 INFO  Log:28 - Home Page of Orange HRM is displayed
2019-07-18 18:42:05 INFO  Log:28 - The module PIM is found
2019-07-18 18:42:05 INFO  Log:28 - The sub-module Employee List is clicked
2019-07-18 18:42:07 INFO  Log:28 - Employee List Module is opened
2019-07-18 18:42:07 INFO  Log:28 - Employee List Page of PIM module of Orange HRM is displayed.
2019-07-18 18:42:08 INFO  Log:28 - empname is provided
2019-07-18 18:42:08 INFO  Log:28 - empid  is provided
2019-07-18 18:42:08 INFO  Log:28 - supervisor name is provided
2019-07-18 18:42:08 INFO  Log:28 - Search button is clicked.
2019-07-18 18:42:08 INFO  Log:28 - Search Button is clicked
2019-07-18 18:42:08 INFO  Log:28 - validation is done
2019-07-18 18:42:08 INFO  Log:28 - Test case: tc_014_validateSearch_ValidEmpName_ValidEmpId_InvalidSupervisorNameis completed
2019-07-18 18:42:08 INFO  Log:28 - The name of the testcase passed is :tc_014_validateSearch_ValidEmpName_ValidEmpId_InvalidSupervisorName
2019-07-18 18:42:08 INFO  Log:28 - Closed the Browser
2019-07-18 18:42:08 INFO  Log:28 - test case ended
2019-07-18 18:42:08 INFO  Log:28 - test case started
2019-07-18 18:42:08 INFO  Log:28 - Launched Chrome Browser
2019-07-18 18:42:12 INFO  Log:28 - tc_015_validateSearch_ValidEmpName_ValidEmpId_ValidSupervisorName test case started
2019-07-18 18:42:12 INFO  Log:28 - tc_015_validateSearch_ValidEmpName_ValidEmpId_ValidSupervisorNameis started
2019-07-18 18:42:12 INFO  Log:28 - OrangeHrm application is opened
2019-07-18 18:42:12 INFO  Log:28 - The URL of Orange HRM is loaded
2019-07-18 18:42:16 INFO  Log:28 - Login Page of Orange HRM is displayed
2019-07-18 18:42:16 INFO  Log:28 - Enter username:Admin
2019-07-18 18:42:16 INFO  Log:28 - Enter password:admin123
2019-07-18 18:42:16 INFO  Log:28 - Login credentails are provided
2019-07-18 18:42:16 INFO  Log:28 - Login button is clicked
2019-07-18 18:42:17 INFO  Log:28 - Home Page of Orange HRM is displayed
2019-07-18 18:42:17 INFO  Log:28 - The module PIM is found
2019-07-18 18:42:17 INFO  Log:28 - The sub-module Employee List is clicked
2019-07-18 18:42:20 INFO  Log:28 - Employee List Module is opened
2019-07-18 18:42:20 INFO  Log:28 - Employee List Page of PIM module of Orange HRM is displayed.
2019-07-18 18:42:20 INFO  Log:28 - empname is provided
2019-07-18 18:42:20 INFO  Log:28 - empid  is provided
2019-07-18 18:42:20 INFO  Log:28 - supervisor name is provided
2019-07-18 18:42:20 INFO  Log:28 - Search button is clicked.
2019-07-18 18:42:21 INFO  Log:28 - Search Button is clicked
2019-07-18 18:42:21 WARN  Log:33 - The name of the testcase failed is :tc_015_validateSearch_ValidEmpName_ValidEmpId_ValidSupervisorName
2019-07-18 18:42:21 INFO  Log:28 - Closed the Browser
2019-07-18 18:42:21 INFO  Log:28 - test case ended
2019-07-18 18:42:21 INFO  Log:28 - test case started
2019-07-18 18:42:21 INFO  Log:28 - Launched Chrome Browser
2019-07-18 18:42:24 INFO  Log:28 - tc_016_validateSearch_InvalidEmpName_ValidEmpId_ValidSupervisorName test case started
2019-07-18 18:42:24 INFO  Log:28 - tc_016_validateSearch_InvalidEmpName_ValidEmpId_ValidSupervisorNameis started
2019-07-18 18:42:24 INFO  Log:28 - OrangeHrm application is opened
2019-07-18 18:42:24 INFO  Log:28 - The URL of Orange HRM is loaded
2019-07-18 18:42:28 INFO  Log:28 - Login Page of Orange HRM is displayed
2019-07-18 18:42:28 INFO  Log:28 - Enter username:Admin
2019-07-18 18:42:29 INFO  Log:28 - Enter password:admin123
2019-07-18 18:42:29 INFO  Log:28 - Login credentails are provided
2019-07-18 18:42:29 INFO  Log:28 - Login button is clicked
2019-07-18 18:42:30 INFO  Log:28 - Home Page of Orange HRM is displayed
2019-07-18 18:42:30 INFO  Log:28 - The module PIM is found
2019-07-18 18:42:30 INFO  Log:28 - The sub-module Employee List is clicked
2019-07-18 18:42:33 INFO  Log:28 - Employee List Module is opened
2019-07-18 18:42:33 INFO  Log:28 - Employee List Page of PIM module of Orange HRM is displayed.
2019-07-18 18:42:33 INFO  Log:28 - empname is provided
2019-07-18 18:42:33 INFO  Log:28 - empid  is provided
2019-07-18 18:42:33 INFO  Log:28 - supervisor name is provided
2019-07-18 18:42:33 INFO  Log:28 - Search button is clicked.
2019-07-18 18:42:33 INFO  Log:28 - Search Button is clicked
2019-07-18 18:42:34 INFO  Log:28 - validation is done
2019-07-18 18:42:34 INFO  Log:28 - Test case: tc_016_validateSearch_InvalidEmpName_ValidEmpId_ValidSupervisorNameis completed
2019-07-18 18:42:34 INFO  Log:28 - The name of the testcase passed is :tc_016_validateSearch_InvalidEmpName_ValidEmpId_ValidSupervisorName
2019-07-18 18:42:34 INFO  Log:28 - Closed the Browser
2019-07-18 18:42:34 INFO  Log:28 - test case ended
2019-07-18 18:42:34 INFO  Log:28 - test case started
2019-07-18 18:42:34 INFO  Log:28 - Launched Chrome Browser
2019-07-18 18:42:37 INFO  Log:28 - tc_017_ValidateSearch_InvalidEmpName_InvalidEmpId_ValidSupervisorName test case started
2019-07-18 18:42:37 INFO  Log:28 - tc_017_ValidateSearch_InvalidEmpName_InvalidEmpId_ValidSupervisorNameis started
2019-07-18 18:42:37 INFO  Log:28 - OrangeHrm application is opened
2019-07-18 18:42:37 INFO  Log:28 - The URL of Orange HRM is loaded
2019-07-18 18:42:41 INFO  Log:28 - Login Page of Orange HRM is displayed
2019-07-18 18:42:41 INFO  Log:28 - Enter username:Admin
2019-07-18 18:42:41 INFO  Log:28 - Enter password:admin123
2019-07-18 18:42:41 INFO  Log:28 - Login credentails are provided
2019-07-18 18:42:41 INFO  Log:28 - Login button is clicked
2019-07-18 18:42:43 INFO  Log:28 - Home Page of Orange HRM is displayed
2019-07-18 18:42:43 INFO  Log:28 - The module PIM is found
2019-07-18 18:42:43 INFO  Log:28 - The sub-module Employee List is clicked
2019-07-18 18:42:45 INFO  Log:28 - Employee List Module is opened
2019-07-18 18:42:45 INFO  Log:28 - Employee List Page of PIM module of Orange HRM is displayed.
2019-07-18 18:42:46 INFO  Log:28 - empname is provided
2019-07-18 18:42:46 INFO  Log:28 - empid  is provided
2019-07-18 18:42:46 INFO  Log:28 - supervisor name is provided
2019-07-18 18:42:46 INFO  Log:28 - Search button is clicked.
2019-07-18 18:42:46 INFO  Log:28 - Search Button is clicked
2019-07-18 18:42:46 INFO  Log:28 - validation is done
2019-07-18 18:42:46 INFO  Log:28 - Test case: tc_017_ValidateSearch_InvalidEmpName_InvalidEmpId_ValidSupervisorNameis completed
2019-07-18 18:42:46 INFO  Log:28 - The name of the testcase passed is :tc_017_ValidateSearch_InvalidEmpName_InvalidEmpId_ValidSupervisorName
2019-07-18 18:42:46 INFO  Log:28 - Closed the Browser
2019-07-18 18:42:46 INFO  Log:28 - test case ended
2019-07-18 18:42:46 INFO  Log:28 - test case started
2019-07-18 18:42:46 INFO  Log:28 - Launched Chrome Browser
2019-07-18 18:42:50 INFO  Log:28 - tc_018_validateSearch_ValidEmpName_InvalidEmpId_InvalidSupervisorName test case started
2019-07-18 18:42:50 INFO  Log:28 - tc_018_validateSearch_ValidEmpName_InvalidEmpId_InvalidSupervisorNameis started
2019-07-18 18:42:50 INFO  Log:28 - OrangeHrm application is opened
2019-07-18 18:42:50 INFO  Log:28 - The URL of Orange HRM is loaded
2019-07-18 18:42:54 INFO  Log:28 - Login Page of Orange HRM is displayed
2019-07-18 18:42:54 INFO  Log:28 - Enter username:Admin
2019-07-18 18:42:54 INFO  Log:28 - Enter password:admin123
2019-07-18 18:42:54 INFO  Log:28 - Login credentails are provided
2019-07-18 18:42:54 INFO  Log:28 - Login button is clicked
2019-07-18 18:42:56 INFO  Log:28 - Home Page of Orange HRM is displayed
2019-07-18 18:42:56 INFO  Log:28 - The module PIM is found
2019-07-18 18:42:56 INFO  Log:28 - The sub-module Employee List is clicked
2019-07-18 18:42:58 INFO  Log:28 - Employee List Module is opened
2019-07-18 18:42:58 INFO  Log:28 - Employee List Page of PIM module of Orange HRM is displayed.
2019-07-18 18:42:58 INFO  Log:28 - empname is provided
2019-07-18 18:42:58 INFO  Log:28 - empid  is provided
2019-07-18 18:42:58 INFO  Log:28 - supervisor name is provided
2019-07-18 18:42:58 INFO  Log:28 - Search button is clicked.
2019-07-18 18:42:59 INFO  Log:28 - Search Button is clicked
2019-07-18 18:42:59 INFO  Log:28 - validation is done
2019-07-18 18:42:59 INFO  Log:28 - Test case: tc_018_validateSearch_ValidEmpName_InvalidEmpId_InvalidSupervisorNameis completed
2019-07-18 18:42:59 INFO  Log:28 - The name of the testcase passed is :tc_018_validateSearch_ValidEmpName_InvalidEmpId_InvalidSupervisorName
2019-07-18 18:42:59 INFO  Log:28 - Closed the Browser
2019-07-18 18:42:59 INFO  Log:28 - test case ended
2019-07-18 18:42:59 INFO  Log:28 - test case started
2019-07-18 18:42:59 INFO  Log:28 - Launched Chrome Browser
2019-07-18 18:43:02 INFO  Log:28 - tc_019_validateSearch_InvalidEmpName_ValidEmpId_InvalidSupervisorName test case started
2019-07-18 18:43:02 INFO  Log:28 - tc_019_validateSearch_InvalidEmpName_ValidEmpId_InvalidSupervisorNameis started
2019-07-18 18:43:02 INFO  Log:28 - OrangeHrm application is opened
2019-07-18 18:43:02 INFO  Log:28 - The URL of Orange HRM is loaded
2019-07-18 18:43:06 INFO  Log:28 - Login Page of Orange HRM is displayed
2019-07-18 18:43:06 INFO  Log:28 - Enter username:Admin
2019-07-18 18:43:06 INFO  Log:28 - Enter password:admin123
2019-07-18 18:43:06 INFO  Log:28 - Login credentails are provided
2019-07-18 18:43:06 INFO  Log:28 - Login button is clicked
2019-07-18 18:43:08 INFO  Log:28 - Home Page of Orange HRM is displayed
2019-07-18 18:43:08 INFO  Log:28 - The module PIM is found
2019-07-18 18:43:08 INFO  Log:28 - The sub-module Employee List is clicked
2019-07-18 18:43:11 INFO  Log:28 - Employee List Module is opened
2019-07-18 18:43:11 INFO  Log:28 - Employee List Page of PIM module of Orange HRM is displayed.
2019-07-18 18:43:11 INFO  Log:28 - empname is provided
2019-07-18 18:43:11 INFO  Log:28 - empid  is provided
2019-07-18 18:43:11 INFO  Log:28 - supervisor name is provided
2019-07-18 18:43:11 INFO  Log:28 - Search button is clicked.
2019-07-18 18:43:11 INFO  Log:28 - Search Button is clicked
2019-07-18 18:43:11 INFO  Log:28 - validation is done
2019-07-18 18:43:11 INFO  Log:28 - Test case: tc_019_validateSearch_InvalidEmpName_ValidEmpId_InvalidSupervisorNameis completed
2019-07-18 18:43:11 INFO  Log:28 - The name of the testcase passed is :tc_019_validateSearch_InvalidEmpName_ValidEmpId_InvalidSupervisorName
2019-07-18 18:43:11 INFO  Log:28 - Closed the Browser
2019-07-18 18:43:11 INFO  Log:28 - test case ended
2019-07-18 18:43:11 INFO  Log:28 - test case started
2019-07-18 18:43:11 INFO  Log:28 - Launched Chrome Browser
2019-07-18 18:43:15 INFO  Log:28 - tc_020_validateSearch_InvalidEmpName_InvalidEmpId_InvalidSupervisorName test case started
2019-07-18 18:43:15 INFO  Log:28 - tc_020_validateSearch_InvalidEmpName_InvalidEmpId_InvalidSupervisorNameis started
2019-07-18 18:43:15 INFO  Log:28 - OrangeHrm application is opened
2019-07-18 18:43:15 INFO  Log:28 - The URL of Orange HRM is loaded
2019-07-18 18:43:19 INFO  Log:28 - Login Page of Orange HRM is displayed
2019-07-18 18:43:19 INFO  Log:28 - Enter username:Admin
2019-07-18 18:43:19 INFO  Log:28 - Enter password:admin123
2019-07-18 18:43:19 INFO  Log:28 - Login credentails are provided
2019-07-18 18:43:19 INFO  Log:28 - Login button is clicked
2019-07-18 18:43:20 INFO  Log:28 - Home Page of Orange HRM is displayed
2019-07-18 18:43:21 INFO  Log:28 - The module PIM is found
2019-07-18 18:43:21 INFO  Log:28 - The sub-module Employee List is clicked
2019-07-18 18:43:23 INFO  Log:28 - Employee List Module is opened
2019-07-18 18:43:23 INFO  Log:28 - Employee List Page of PIM module of Orange HRM is displayed.
2019-07-18 18:43:23 INFO  Log:28 - empname is provided
2019-07-18 18:43:23 INFO  Log:28 - empid  is provided
2019-07-18 18:43:23 INFO  Log:28 - supervisor name is provided
2019-07-18 18:43:23 INFO  Log:28 - Search button is clicked.
2019-07-18 18:43:24 INFO  Log:28 - Search Button is clicked
2019-07-18 18:43:24 INFO  Log:28 - validation is done
2019-07-18 18:43:24 INFO  Log:28 - Test case: tc_020_validateSearch_InvalidEmpName_InvalidEmpId_InvalidSupervisorNameis completed
2019-07-18 18:43:24 INFO  Log:28 - The name of the testcase passed is :tc_020_validateSearch_InvalidEmpName_InvalidEmpId_InvalidSupervisorName
2019-07-18 18:43:24 INFO  Log:28 - Closed the Browser
2019-07-18 18:43:24 INFO  Log:28 - test case ended
2019-07-18 18:43:24 INFO  Log:28 - test case started
2019-07-18 18:43:24 INFO  Log:28 - Launched Chrome Browser
2019-07-18 18:43:27 INFO  Log:28 - tc_021_validateSearch_ValidEmpName_InvalidEmpId_ValidSupervisorName test case started
2019-07-18 18:43:27 INFO  Log:28 - tc_021_validateSearch_ValidEmpName_InvalidEmpId_ValidSupervisorNameis started
2019-07-18 18:43:27 INFO  Log:28 - OrangeHrm application is opened
2019-07-18 18:43:27 INFO  Log:28 - The URL of Orange HRM is loaded
2019-07-18 18:43:31 INFO  Log:28 - Login Page of Orange HRM is displayed
2019-07-18 18:43:31 INFO  Log:28 - Enter username:Admin
2019-07-18 18:43:31 INFO  Log:28 - Enter password:admin123
2019-07-18 18:43:31 INFO  Log:28 - Login credentails are provided
2019-07-18 18:43:31 INFO  Log:28 - Login button is clicked
2019-07-18 18:43:33 INFO  Log:28 - Home Page of Orange HRM is displayed
2019-07-18 18:43:33 INFO  Log:28 - The module PIM is found
2019-07-18 18:43:33 INFO  Log:28 - The sub-module Employee List is clicked
2019-07-18 18:43:35 INFO  Log:28 - Employee List Module is opened
2019-07-18 18:43:35 INFO  Log:28 - Employee List Page of PIM module of Orange HRM is displayed.
2019-07-18 18:43:36 INFO  Log:28 - empname is provided
2019-07-18 18:43:36 INFO  Log:28 - empid  is provided
2019-07-18 18:43:36 INFO  Log:28 - supervisor name is provided
2019-07-18 18:43:36 INFO  Log:28 - Search button is clicked.
2019-07-18 18:43:36 INFO  Log:28 - Search Button is clicked
2019-07-18 18:43:36 INFO  Log:28 - validation is done
2019-07-18 18:43:36 INFO  Log:28 - Test case: tc_021_validateSearch_ValidEmpName_InvalidEmpId_ValidSupervisorNameis completed
2019-07-18 18:43:36 INFO  Log:28 - The name of the testcase passed is :tc_021_validateSearch_ValidEmpName_InvalidEmpId_ValidSupervisorName
2019-07-18 18:43:36 INFO  Log:28 - Closed the Browser
2019-07-18 18:43:36 INFO  Log:28 - test case ended
2019-07-18 18:43:36 INFO  Log:28 - test case started
2019-07-18 18:43:36 INFO  Log:28 - Launched Chrome Browser
2019-07-18 18:43:40 INFO  Log:28 - tc_022_validateSearch_NoInput test case started
2019-07-18 18:43:40 INFO  Log:28 - tc_022_validateSearch_NoInputis started
2019-07-18 18:43:40 INFO  Log:28 - OrangeHrm application is opened
2019-07-18 18:43:40 INFO  Log:28 - The URL of Orange HRM is loaded
2019-07-18 18:43:44 INFO  Log:28 - Login Page of Orange HRM is displayed
2019-07-18 18:43:44 INFO  Log:28 - Enter username:Admin
2019-07-18 18:43:44 INFO  Log:28 - Enter password:admin123
2019-07-18 18:43:44 INFO  Log:28 - Login credentails are provided
2019-07-18 18:43:44 INFO  Log:28 - Login button is clicked
2019-07-18 18:43:46 INFO  Log:28 - Home Page of Orange HRM is displayed
2019-07-18 18:43:46 INFO  Log:28 - The module PIM is found
2019-07-18 18:43:46 INFO  Log:28 - The sub-module Employee List is clicked
2019-07-18 18:43:48 INFO  Log:28 - Employee List Module is opened
2019-07-18 18:43:48 INFO  Log:28 - Employee List Page of PIM module of Orange HRM is displayed.
2019-07-18 18:43:48 INFO  Log:28 - Search button is clicked.
2019-07-18 18:43:49 INFO  Log:28 - Search Button is clicked
2019-07-18 18:43:49 INFO  Log:28 - Test case: tc_022_validateSearch_NoInputis completed
2019-07-18 18:43:49 INFO  Log:28 - The name of the testcase passed is :tc_022_validateSearch_NoInput
2019-07-18 18:43:49 INFO  Log:28 - Closed the Browser
2019-07-18 18:43:49 INFO  Log:28 - test case ended
2019-07-18 18:43:49 INFO  Log:28 - test case started
2019-07-18 18:43:49 INFO  Log:28 - Launched Chrome Browser
2019-07-18 18:43:52 INFO  Log:28 - tc_023_ValidateAddEmployee_Page test case started
2019-07-18 18:43:52 INFO  Log:28 - tc_023_ValidateAddEmployee_Pageis started
2019-07-18 18:43:52 INFO  Log:28 - OrangeHrm application is opened
2019-07-18 18:43:52 INFO  Log:28 - The URL of Orange HRM is loaded
2019-07-18 18:43:56 INFO  Log:28 - Login Page of Orange HRM is displayed
2019-07-18 18:43:56 INFO  Log:28 - Enter username:Admin
2019-07-18 18:43:56 INFO  Log:28 - Enter password:admin123
2019-07-18 18:43:56 INFO  Log:28 - Login credentails are provided
2019-07-18 18:43:56 INFO  Log:28 - Login button is clicked
2019-07-18 18:43:58 INFO  Log:28 - Home Page of Orange HRM is displayed
2019-07-18 18:43:58 INFO  Log:28 - The module PIM is found
2019-07-18 18:43:58 INFO  Log:28 - The sub-module Employee List is clicked
2019-07-18 18:44:00 INFO  Log:28 - Employee List Module is opened
2019-07-18 18:44:00 INFO  Log:28 - Employee List Page of PIM module of Orange HRM is displayed.
2019-07-18 18:44:00 INFO  Log:28 - Add button is clicked.
2019-07-18 18:44:01 INFO  Log:28 - Add Button is clicked
2019-07-18 18:44:01 INFO  Log:28 - Test case: tc_023_ValidateAddEmployee_Pageis completed
2019-07-18 18:44:01 INFO  Log:28 - The name of the testcase passed is :tc_023_ValidateAddEmployee_Page
2019-07-18 18:44:01 INFO  Log:28 - Closed the Browser
2019-07-18 18:44:01 INFO  Log:28 - test case ended
2019-07-18 18:44:01 INFO  Log:28 - test case started
2019-07-18 18:44:01 INFO  Log:28 - Launched Chrome Browser
2019-07-18 18:44:05 INFO  Log:28 - tc_024_ValidateAddEmployee_WithInput test case started
2019-07-18 18:44:05 INFO  Log:28 - tc_024_ValidateAddEmployee_WithInputis started
2019-07-18 18:44:05 INFO  Log:28 - OrangeHrm application is opened
2019-07-18 18:44:05 INFO  Log:28 - The URL of Orange HRM is loaded
2019-07-18 18:44:10 INFO  Log:28 - Login Page of Orange HRM is displayed
2019-07-18 18:44:10 INFO  Log:28 - Enter username:Admin
2019-07-18 18:44:10 INFO  Log:28 - Enter password:admin123
2019-07-18 18:44:10 INFO  Log:28 - Login credentails are provided
2019-07-18 18:44:10 INFO  Log:28 - Login button is clicked
2019-07-18 18:44:12 INFO  Log:28 - Home Page of Orange HRM is displayed
2019-07-18 18:44:12 INFO  Log:28 - The module PIM is found
2019-07-18 18:44:12 INFO  Log:28 - The sub-module Add Employee is clicked
2019-07-18 18:44:14 INFO  Log:28 - Add Employee Module is opened
2019-07-18 18:44:15 INFO  Log:28 - first name is provided
2019-07-18 18:44:15 INFO  Log:28 - second name is provided
2019-07-18 18:44:15 INFO  Log:28 - empoloyee id is provided
2019-07-18 18:44:15 INFO  Log:28 - Save button is clicked.
2019-07-18 18:44:16 INFO  Log:28 - Save Button is clicked
2019-07-18 18:44:16 INFO  Log:28 - Test case: tc_024_ValidateAddEmployee_WithInputis completed
2019-07-18 18:44:16 INFO  Log:28 - The name of the testcase passed is :tc_024_ValidateAddEmployee_WithInput
2019-07-18 18:44:16 INFO  Log:28 - Closed the Browser
2019-07-18 18:44:17 INFO  Log:28 - test case ended
2019-07-18 18:44:17 INFO  Log:28 - test case started
2019-07-18 18:44:17 INFO  Log:28 - Launched Chrome Browser
2019-07-18 18:44:20 INFO  Log:28 - tc_025_ValidateAddEmployee_WithoutInput test case started
2019-07-18 18:44:20 INFO  Log:28 - tc_025_ValidateAddEmployee_WithoutInputis started
2019-07-18 18:44:20 INFO  Log:28 - OrangeHrm application is opened
2019-07-18 18:44:20 INFO  Log:28 - The URL of Orange HRM is loaded
2019-07-18 18:44:24 INFO  Log:28 - Login Page of Orange HRM is displayed
2019-07-18 18:44:24 INFO  Log:28 - Enter username:Admin
2019-07-18 18:44:24 INFO  Log:28 - Enter password:admin123
2019-07-18 18:44:24 INFO  Log:28 - Login credentails are provided
2019-07-18 18:44:24 INFO  Log:28 - Login button is clicked
2019-07-18 18:44:26 INFO  Log:28 - Home Page of Orange HRM is displayed
2019-07-18 18:44:26 INFO  Log:28 - The module PIM is found
2019-07-18 18:44:26 INFO  Log:28 - The sub-module Add Employee is clicked
2019-07-18 18:44:28 INFO  Log:28 - Add Employee Module is opened
2019-07-18 18:44:28 INFO  Log:28 - Save button is clicked.
2019-07-18 18:44:28 INFO  Log:28 - Save Button is clicked
2019-07-18 18:44:28 INFO  Log:28 - error message is displayed
2019-07-18 18:44:28 INFO  Log:28 - Test case: tc_025_ValidateAddEmployee_WithoutInputis completed
2019-07-18 18:44:28 INFO  Log:28 - The name of the testcase passed is :tc_025_ValidateAddEmployee_WithoutInput
2019-07-18 18:44:28 INFO  Log:28 - Closed the Browser
2019-07-18 18:44:29 INFO  Log:28 - test case ended
2019-07-18 18:44:29 INFO  Log:28 - test case started
2019-07-18 18:44:29 INFO  Log:28 - Launched Chrome Browser
2019-07-18 18:44:32 INFO  Log:28 - tc_026_ValidateAddEmployee_WithCreateLoginCredentails test case started
2019-07-18 18:44:32 INFO  Log:28 - tc_026_ValidateAddEmployee_WithCreateLoginCredentailsis started
2019-07-18 18:44:32 INFO  Log:28 - OrangeHrm application is opened
2019-07-18 18:44:32 INFO  Log:28 - The URL of Orange HRM is loaded
2019-07-18 18:44:36 INFO  Log:28 - Login Page of Orange HRM is displayed
2019-07-18 18:44:36 INFO  Log:28 - Enter username:Admin
2019-07-18 18:44:36 INFO  Log:28 - Enter password:admin123
2019-07-18 18:44:36 INFO  Log:28 - Login credentails are provided
2019-07-18 18:44:36 INFO  Log:28 - Login button is clicked
2019-07-18 18:44:38 INFO  Log:28 - Home Page of Orange HRM is displayed
2019-07-18 18:44:38 INFO  Log:28 - The module PIM is found
2019-07-18 18:44:38 INFO  Log:28 - The sub-module Add Employee is clicked
2019-07-18 18:44:40 INFO  Log:28 - Add Employee Module is opened
2019-07-18 18:44:40 INFO  Log:28 - first name is provided
2019-07-18 18:44:40 INFO  Log:28 - second name is provided
2019-07-18 18:44:40 INFO  Log:28 - empoloyee id is provided
2019-07-18 18:44:41 INFO  Log:28 -  is clicked
2019-07-18 18:44:41 INFO  Log:28 - navyasritangudu7 is provided
2019-07-18 18:44:41 INFO  Log:28 - Navyasri@711 is provided
2019-07-18 18:44:41 INFO  Log:28 - Navyasri@711 is provided
2019-07-18 18:44:41 INFO  Log:28 - Save button is clicked.
2019-07-18 18:44:41 INFO  Log:28 - Save Button is clicked
2019-07-18 18:44:41 INFO  Log:28 - Test case: tc_026_ValidateAddEmployee_WithCreateLoginCredentailsis completed
2019-07-18 18:44:41 INFO  Log:28 - The name of the testcase passed is :tc_026_ValidateAddEmployee_WithCreateLoginCredentails
2019-07-18 18:44:41 INFO  Log:28 - Closed the Browser
2019-07-18 18:44:41 INFO  Log:28 - test case ended
2019-07-18 18:44:41 INFO  Log:28 - test case started
2019-07-18 18:44:41 INFO  Log:28 - Launched Chrome Browser
2019-07-18 18:44:44 INFO  Log:28 - tc_027_ValidateAddEmployee_WithoutCreateLoginCredentails test case started
2019-07-18 18:44:44 INFO  Log:28 - tc_027_ValidateAddEmployee_WithoutCreateLoginCredentailsis started
2019-07-18 18:44:44 INFO  Log:28 - OrangeHrm application is opened
2019-07-18 18:44:44 INFO  Log:28 - The URL of Orange HRM is loaded
2019-07-18 18:44:48 INFO  Log:28 - Login Page of Orange HRM is displayed
2019-07-18 18:44:48 INFO  Log:28 - Enter username:Admin
2019-07-18 18:44:48 INFO  Log:28 - Enter password:admin123
2019-07-18 18:44:48 INFO  Log:28 - Login credentails are provided
2019-07-18 18:44:48 INFO  Log:28 - Login button is clicked
2019-07-18 18:44:50 INFO  Log:28 - Home Page of Orange HRM is displayed
2019-07-18 18:44:50 INFO  Log:28 - The module PIM is found
2019-07-18 18:44:50 INFO  Log:28 - The sub-module Add Employee is clicked
2019-07-18 18:44:53 INFO  Log:28 - Add Employee Module is opened
2019-07-18 18:44:53 INFO  Log:28 - first name is provided
2019-07-18 18:44:53 INFO  Log:28 - second name is provided
2019-07-18 18:44:53 INFO  Log:28 - empoloyee id is provided
2019-07-18 18:44:53 INFO  Log:28 -  is clicked
2019-07-18 18:44:53 INFO  Log:28 - Save button is clicked.
2019-07-18 18:44:53 INFO  Log:28 - Save Button is clicked
2019-07-18 18:44:53 INFO  Log:28 - error message is displayed
2019-07-18 18:44:53 INFO  Log:28 - Test case: tc_027_ValidateAddEmployee_WithoutCreateLoginCredentailsis completed
2019-07-18 18:44:53 INFO  Log:28 - The name of the testcase passed is :tc_027_ValidateAddEmployee_WithoutCreateLoginCredentails
2019-07-18 18:44:53 INFO  Log:28 - Closed the Browser
2019-07-18 18:44:53 INFO  Log:28 - test case ended
2019-07-18 18:44:53 INFO  Log:28 - test case started
2019-07-18 18:44:53 INFO  Log:28 - Launched Chrome Browser
2019-07-18 18:44:56 INFO  Log:28 - tc_028_ValidateAddEmployee_WithInvalidCreateLoginCredentails test case started
2019-07-18 18:44:56 INFO  Log:28 - tc_028_ValidateAddEmployee_WithInvalidCreateLoginCredentailsis started
2019-07-18 18:44:56 INFO  Log:28 - OrangeHrm application is opened
2019-07-18 18:44:56 INFO  Log:28 - The URL of Orange HRM is loaded
2019-07-18 18:45:00 INFO  Log:28 - Login Page of Orange HRM is displayed
2019-07-18 18:45:00 INFO  Log:28 - Enter username:Admin
2019-07-18 18:45:01 INFO  Log:28 - Enter password:admin123
2019-07-18 18:45:01 INFO  Log:28 - Login credentails are provided
2019-07-18 18:45:01 INFO  Log:28 - Login button is clicked
2019-07-18 18:45:02 INFO  Log:28 - Home Page of Orange HRM is displayed
2019-07-18 18:45:02 INFO  Log:28 - The module PIM is found
2019-07-18 18:45:02 INFO  Log:28 - The sub-module Add Employee is clicked
2019-07-18 18:45:05 INFO  Log:28 - Add Employee Module is opened
2019-07-18 18:45:05 INFO  Log:28 - first name is provided
2019-07-18 18:45:05 INFO  Log:28 - second name is provided
2019-07-18 18:45:05 INFO  Log:28 - empoloyee id is provided
2019-07-18 18:45:05 INFO  Log:28 -  is clicked
2019-07-18 18:45:05 INFO  Log:28 - navyasritangudu7 is provided
2019-07-18 18:45:05 INFO  Log:28 - Navyasri@711 is provided
2019-07-18 18:45:05 INFO  Log:28 - Navyasri@712 is provided
2019-07-18 18:45:05 INFO  Log:28 - Save button is clicked.
2019-07-18 18:45:05 INFO  Log:28 - Save Button is clicked
2019-07-18 18:45:05 INFO  Log:28 - error message is displayed
2019-07-18 18:45:05 INFO  Log:28 - Test case: tc_028_ValidateAddEmployee_WithInvalidCreateLoginCredentailsis completed
2019-07-18 18:45:05 INFO  Log:28 - The name of the testcase passed is :tc_028_ValidateAddEmployee_WithInvalidCreateLoginCredentails
2019-07-18 18:45:05 INFO  Log:28 - Closed the Browser
2019-07-18 18:45:06 INFO  Log:28 - test case ended
2019-07-18 18:45:06 INFO  Log:28 - test case started
2019-07-18 18:45:06 INFO  Log:28 - Launched Chrome Browser
2019-07-18 18:45:09 INFO  Log:28 - tc_029_ValidateAddEmployee_Without_usernameInCreateLoginCredentails test case started
2019-07-18 18:45:09 INFO  Log:28 - tc_029_ValidateAddEmployee_Without_usernameInCreateLoginCredentailsis started
2019-07-18 18:45:09 INFO  Log:28 - OrangeHrm application is opened
2019-07-18 18:45:09 INFO  Log:28 - The URL of Orange HRM is loaded
2019-07-18 18:45:13 INFO  Log:28 - Login Page of Orange HRM is displayed
2019-07-18 18:45:13 INFO  Log:28 - Enter username:Admin
2019-07-18 18:45:13 INFO  Log:28 - Enter password:admin123
2019-07-18 18:45:13 INFO  Log:28 - Login credentails are provided
2019-07-18 18:45:13 INFO  Log:28 - Login button is clicked
2019-07-18 18:45:15 INFO  Log:28 - Home Page of Orange HRM is displayed
2019-07-18 18:45:15 INFO  Log:28 - The module PIM is found
2019-07-18 18:45:15 INFO  Log:28 - The sub-module Add Employee is clicked
2019-07-18 18:45:17 INFO  Log:28 - Add Employee Module is opened
2019-07-18 18:45:17 INFO  Log:28 - first name is provided
2019-07-18 18:45:17 INFO  Log:28 - second name is provided
2019-07-18 18:45:18 INFO  Log:28 - empoloyee id is provided
2019-07-18 18:45:18 INFO  Log:28 -  is clicked
2019-07-18 18:45:18 INFO  Log:28 - Navyasri@711 is provided
2019-07-18 18:45:18 INFO  Log:28 - Navyasri@712 is provided
2019-07-18 18:45:18 INFO  Log:28 - Save button is clicked.
2019-07-18 18:45:18 INFO  Log:28 - Save Button is clicked
2019-07-18 18:45:18 INFO  Log:28 - error message is displayed
2019-07-18 18:45:18 INFO  Log:28 - Test case: tc_029_ValidateAddEmployee_Without_usernameInCreateLoginCredentailsis completed
2019-07-18 18:45:18 INFO  Log:28 - The name of the testcase passed is :tc_029_ValidateAddEmployee_Without_usernameInCreateLoginCredentails
2019-07-18 18:45:18 INFO  Log:28 - Closed the Browser
2019-07-18 18:45:18 INFO  Log:28 - test case ended
2019-07-18 18:45:18 INFO  Log:28 - test case started
2019-07-18 18:45:18 INFO  Log:28 - Launched Chrome Browser
2019-07-18 18:45:21 INFO  Log:28 - tc_030_ValidateAddEmployee_With_RepeatedUsernameInCreateLoginCredentails test case started
2019-07-18 18:45:21 INFO  Log:28 - tc_030_ValidateAddEmployee_With_RepeatedUsernameInCreateLoginCredentailsis started
2019-07-18 18:45:21 INFO  Log:28 - OrangeHrm application is opened
2019-07-18 18:45:21 INFO  Log:28 - The URL of Orange HRM is loaded
2019-07-18 18:45:25 INFO  Log:28 - Login Page of Orange HRM is displayed
2019-07-18 18:45:25 INFO  Log:28 - Enter username:Admin
2019-07-18 18:45:26 INFO  Log:28 - Enter password:admin123
2019-07-18 18:45:26 INFO  Log:28 - Login credentails are provided
2019-07-18 18:45:26 INFO  Log:28 - Login button is clicked
2019-07-18 18:45:27 INFO  Log:28 - Home Page of Orange HRM is displayed
2019-07-18 18:45:27 INFO  Log:28 - The module PIM is found
2019-07-18 18:45:27 INFO  Log:28 - The sub-module Add Employee is clicked
2019-07-18 18:45:30 INFO  Log:28 - Add Employee Module is opened
2019-07-18 18:45:30 INFO  Log:28 - first name is provided
2019-07-18 18:45:30 INFO  Log:28 - second name is provided
2019-07-18 18:45:30 INFO  Log:28 - empoloyee id is provided
2019-07-18 18:45:30 INFO  Log:28 -  is clicked
2019-07-18 18:45:30 INFO  Log:28 - navyasritangudu7 is provided
2019-07-18 18:45:30 INFO  Log:28 - Navyasri@711 is provided
2019-07-18 18:45:30 INFO  Log:28 - Navyasri@711 is provided
2019-07-18 18:45:30 INFO  Log:28 - Save button is clicked.
2019-07-18 18:45:30 INFO  Log:28 - Save Button is clicked
2019-07-18 18:45:30 INFO  Log:28 - Test case: tc_030_ValidateAddEmployee_With_RepeatedUsernameInCreateLoginCredentailsis completed
2019-07-18 18:45:30 INFO  Log:28 - The name of the testcase passed is :tc_030_ValidateAddEmployee_With_RepeatedUsernameInCreateLoginCredentails
2019-07-18 18:45:30 INFO  Log:28 - Closed the Browser
2019-07-18 18:45:31 INFO  Log:28 - test case ended
