2019-07-22 13:03:59 INFO  Log:28 - test case started
2019-07-22 13:04:12 INFO  Log:28 - The element is displayed
2019-07-22 13:04:12 INFO  Log:28 - Cleared the field and entered - admin in the field
2019-07-22 13:04:12 INFO  Log:28 - The element is displayed
2019-07-22 13:04:12 INFO  Log:28 - Cleared the field and entered - admin123 in the field
2019-07-22 13:04:18 INFO  Log:28 - LoginButton is safely clicked 
2019-07-22 13:04:18 INFO  Log:28 - My Shortcuts module is available
2019-07-22 13:04:18 INFO  Log:28 - Admin module is available
2019-07-22 13:04:18 INFO  Log:28 - PIM module is available
2019-07-22 13:04:18 INFO  Log:28 - My Info module is available
2019-07-22 13:04:18 INFO  Log:28 - Leave module is available
2019-07-22 13:04:18 INFO  Log:28 - Time module is available
2019-07-22 13:04:18 INFO  Log:28 - Recruitment module is available
2019-07-22 13:04:18 INFO  Log:28 - Discipline module is available
2019-07-22 13:04:18 INFO  Log:28 - Training module is available
2019-07-22 13:04:18 INFO  Log:28 - Performance module is available
2019-07-22 13:04:18 INFO  Log:28 - On-boarding module is available
2019-07-22 13:04:18 INFO  Log:28 - Expense module is available
2019-07-22 13:04:18 INFO  Log:28 - Reports Catalog module is available
2019-07-22 13:04:19 INFO  Log:28 - More module is available
2019-07-22 13:04:19 INFO  Log:28 - test case ended
2019-07-22 13:04:22 INFO  Log:28 - test case started
2019-07-22 13:04:31 INFO  Log:28 - The element is displayed
2019-07-22 13:04:31 INFO  Log:28 - Cleared the field and entered - _ohrmSysAdmin_ in the field
2019-07-22 13:04:31 INFO  Log:28 - The element is displayed
2019-07-22 13:04:31 INFO  Log:28 - Cleared the field and entered - sysadmin in the field
2019-07-22 13:04:36 INFO  Log:28 - LoginButton is safely clicked 
2019-07-22 13:04:36 INFO  Log:28 - My Shortcuts module is available
2019-07-22 13:04:36 INFO  Log:28 - Admin module is available
2019-07-22 13:04:36 INFO  Log:28 - PIM module is available
2019-07-22 13:04:36 INFO  Log:28 - Leave module is available
2019-07-22 13:04:36 INFO  Log:28 - Time module is available
2019-07-22 13:04:36 INFO  Log:28 - Recruitment module is available
2019-07-22 13:04:36 INFO  Log:28 - Discipline module is available
2019-07-22 13:04:36 INFO  Log:28 - Training module is available
2019-07-22 13:04:36 INFO  Log:28 - Performance module is available
2019-07-22 13:04:36 INFO  Log:28 - On-boarding module is available
2019-07-22 13:04:36 INFO  Log:28 - Expense module is available
2019-07-22 13:04:36 INFO  Log:28 - Reports Catalog module is available
2019-07-22 13:04:36 INFO  Log:28 - More module is available
2019-07-22 13:04:36 INFO  Log:28 - test case ended
2019-07-22 13:04:40 INFO  Log:28 - test case started
2019-07-22 13:04:44 INFO  Log:28 - The element is displayed
2019-07-22 13:04:44 INFO  Log:28 - Cleared the field and entered - linda in the field
2019-07-22 13:04:44 INFO  Log:28 - The element is displayed
2019-07-22 13:04:44 INFO  Log:28 - Cleared the field and entered - linda.anderson in the field
2019-07-22 13:04:48 INFO  Log:28 - LoginButton is safely clicked 
2019-07-22 13:04:48 INFO  Log:28 - My Shortcuts module is available
2019-07-22 13:04:48 INFO  Log:28 - PIM module is available
2019-07-22 13:04:48 INFO  Log:28 - My Info module is available
2019-07-22 13:04:48 INFO  Log:28 - Leave module is available
2019-07-22 13:04:48 INFO  Log:28 - Time module is available
2019-07-22 13:04:48 INFO  Log:28 - Recruitment module is available
2019-07-22 13:04:48 INFO  Log:28 - Training module is available
2019-07-22 13:04:48 INFO  Log:28 - Performance module is available
2019-07-22 13:04:48 INFO  Log:28 - On-boarding module is available
2019-07-22 13:04:48 INFO  Log:28 - Expense module is available
2019-07-22 13:04:49 INFO  Log:28 - test case ended
2019-07-22 13:04:52 INFO  Log:28 - test case started
2019-07-22 13:04:56 INFO  Log:28 - The element is displayed
2019-07-22 13:04:56 INFO  Log:28 - Cleared the field and entered - kevin in the field
2019-07-22 13:04:56 INFO  Log:28 - The element is displayed
2019-07-22 13:04:56 INFO  Log:28 - Cleared the field and entered - kevin.mathews in the field
2019-07-22 13:05:01 INFO  Log:28 - LoginButton is safely clicked 
2019-07-22 13:05:01 INFO  Log:28 - My Shortcuts module is available
2019-07-22 13:05:01 INFO  Log:28 - PIM module is available
2019-07-22 13:05:01 INFO  Log:28 - My Info module is available
2019-07-22 13:05:01 INFO  Log:28 - Leave module is available
2019-07-22 13:05:01 INFO  Log:28 - Time module is available
2019-07-22 13:05:01 INFO  Log:28 - Recruitment module is available
2019-07-22 13:05:01 INFO  Log:28 - Discipline module is available
2019-07-22 13:05:01 INFO  Log:28 - Training module is available
2019-07-22 13:05:01 INFO  Log:28 - Configuration module is available
2019-07-22 13:05:01 INFO  Log:28 - Performance module is available
2019-07-22 13:05:01 INFO  Log:28 - On-boarding module is available
2019-07-22 13:05:01 INFO  Log:28 - Expense module is available
2019-07-22 13:05:01 INFO  Log:28 - test case ended
