2019-07-22 13:01:32 INFO  Log:28 - test case started
2019-07-22 13:01:50 INFO  Log:28 - The element is displayed
2019-07-22 13:01:50 INFO  Log:28 - Cleared the field and entered - admin in the field
2019-07-22 13:01:50 INFO  Log:28 - The element is displayed
2019-07-22 13:01:50 INFO  Log:28 - Cleared the field and entered - admin123 in the field
2019-07-22 13:01:56 INFO  Log:28 - LoginButton is safely clicked 
2019-07-22 13:01:57 INFO  Log:28 - My Shortcuts module is available
2019-07-22 13:01:57 INFO  Log:28 - Admin module is available
2019-07-22 13:01:57 INFO  Log:28 - PIM module is available
2019-07-22 13:01:57 INFO  Log:28 - My Info module is available
2019-07-22 13:01:57 INFO  Log:28 - Leave module is available
2019-07-22 13:01:57 INFO  Log:28 - Time module is available
2019-07-22 13:01:57 INFO  Log:28 - Recruitment module is available
2019-07-22 13:01:57 INFO  Log:28 - Discipline module is available
2019-07-22 13:01:57 INFO  Log:28 - Training module is available
2019-07-22 13:01:57 INFO  Log:28 - Performance module is available
2019-07-22 13:01:57 INFO  Log:28 - On-boarding module is available
2019-07-22 13:01:57 INFO  Log:28 - Expense module is available
2019-07-22 13:01:57 INFO  Log:28 - Reports Catalog module is available
2019-07-22 13:01:57 INFO  Log:28 - More module is available
2019-07-22 13:01:57 INFO  Log:28 - test case ended
2019-07-22 13:02:01 INFO  Log:28 - test case started
2019-07-22 13:02:05 INFO  Log:28 - The element is displayed
2019-07-22 13:02:05 INFO  Log:28 - Cleared the field and entered - _ohrmSysAdmin_ in the field
2019-07-22 13:02:05 INFO  Log:28 - The element is displayed
2019-07-22 13:02:05 INFO  Log:28 - Cleared the field and entered - sysadmin in the field
2019-07-22 13:02:09 INFO  Log:28 - LoginButton is safely clicked 
2019-07-22 13:02:10 INFO  Log:28 - My Shortcuts module is available
2019-07-22 13:02:10 INFO  Log:28 - Admin module is available
2019-07-22 13:02:10 INFO  Log:28 - PIM module is available
2019-07-22 13:02:10 INFO  Log:28 - Leave module is available
2019-07-22 13:02:10 INFO  Log:28 - Time module is available
2019-07-22 13:02:10 INFO  Log:28 - Recruitment module is available
2019-07-22 13:02:10 INFO  Log:28 - Discipline module is available
2019-07-22 13:02:10 INFO  Log:28 - Training module is available
2019-07-22 13:02:10 INFO  Log:28 - Performance module is available
2019-07-22 13:02:10 INFO  Log:28 - On-boarding module is available
2019-07-22 13:02:10 INFO  Log:28 - Expense module is available
2019-07-22 13:02:10 INFO  Log:28 - Reports Catalog module is available
2019-07-22 13:02:10 INFO  Log:28 - More module is available
2019-07-22 13:02:10 INFO  Log:28 - test case ended
2019-07-22 13:02:14 INFO  Log:28 - test case started
2019-07-22 13:02:17 INFO  Log:28 - The element is displayed
2019-07-22 13:02:17 INFO  Log:28 - Cleared the field and entered - linda in the field
2019-07-22 13:02:17 INFO  Log:28 - The element is displayed
2019-07-22 13:02:18 INFO  Log:28 - Cleared the field and entered - linda.anderson in the field
2019-07-22 13:02:23 INFO  Log:28 - LoginButton is safely clicked 
2019-07-22 13:02:23 INFO  Log:28 - My Shortcuts module is available
2019-07-22 13:02:23 INFO  Log:28 - PIM module is available
2019-07-22 13:02:23 INFO  Log:28 - My Info module is available
2019-07-22 13:02:23 INFO  Log:28 - Leave module is available
2019-07-22 13:02:23 INFO  Log:28 - Time module is available
2019-07-22 13:02:23 INFO  Log:28 - Recruitment module is available
2019-07-22 13:02:23 INFO  Log:28 - Training module is available
2019-07-22 13:02:23 INFO  Log:28 - Performance module is available
2019-07-22 13:02:24 INFO  Log:28 - On-boarding module is available
2019-07-22 13:02:24 INFO  Log:28 - Expense module is available
2019-07-22 13:02:24 INFO  Log:28 - test case ended
2019-07-22 13:02:27 INFO  Log:28 - test case started
2019-07-22 13:02:31 INFO  Log:28 - The element is displayed
2019-07-22 13:02:31 INFO  Log:28 - Cleared the field and entered - kevin in the field
2019-07-22 13:02:31 INFO  Log:28 - The element is displayed
2019-07-22 13:02:32 INFO  Log:28 - Cleared the field and entered - kevin.mathews in the field
2019-07-22 13:02:39 INFO  Log:28 - LoginButton is safely clicked 
2019-07-22 13:02:39 INFO  Log:28 - My Shortcuts module is available
2019-07-22 13:02:39 INFO  Log:28 - PIM module is available
2019-07-22 13:02:39 INFO  Log:28 - My Info module is available
2019-07-22 13:02:39 INFO  Log:28 - Leave module is available
2019-07-22 13:02:39 INFO  Log:28 - Time module is available
2019-07-22 13:02:40 INFO  Log:28 - Recruitment module is available
2019-07-22 13:02:40 INFO  Log:28 - Discipline module is available
2019-07-22 13:02:40 INFO  Log:28 - Training module is available
2019-07-22 13:02:40 INFO  Log:28 - Configuration module is available
2019-07-22 13:02:40 INFO  Log:28 - Performance module is available
2019-07-22 13:02:40 INFO  Log:28 - On-boarding module is available
2019-07-22 13:02:40 INFO  Log:28 - Expense module is available
2019-07-22 13:02:40 INFO  Log:28 - test case ended
