2019-07-18 15:10:54 INFO  Log:28 - test case started
2019-07-18 15:10:54 INFO  Log:28 - Launched Chrome Browser
2019-07-18 15:10:58 INFO  Log:28 - TC_001_updatingGeneralInformation test case started
2019-07-18 15:10:58 INFO  Log:28 - OrangeHrm application is opened
2019-07-18 15:10:58 INFO  Log:28 - The URL of Orange HRM is loaded
2019-07-18 15:11:02 INFO  Log:28 - Login Page of Orange HRM is displayed
2019-07-18 15:11:02 INFO  Log:28 - Enter username:Admin
2019-07-18 15:11:02 INFO  Log:28 - Enter password:admin123
2019-07-18 15:11:03 INFO  Log:28 - Login credentails are provided
2019-07-18 15:11:03 INFO  Log:28 - Login button is clicked
2019-07-18 15:11:04 INFO  Log:28 - Home Page of Orange HRM is displayed
2019-07-18 15:11:04 INFO  Log:28 - The module Admin is found
2019-07-18 15:11:05 INFO  Log:28 - The sub-module Organization is found
2019-07-18 15:11:05 INFO  Log:28 - The section General Information is clicked
2019-07-18 15:11:07 INFO  Log:28 - General Information Page of Admin module of Orange HRM is displayed.
2019-07-18 15:11:07 INFO  Log:28 - Edit button is clicked.
2019-07-18 15:11:07 INFO  Log:28 - Edit Button is clicked
2019-07-18 15:11:07 INFO  Log:28 - Registration Number is updated with 147895632.
2019-07-18 15:11:07 INFO  Log:28 - Save button is clicked.
2019-07-18 15:11:08 INFO  Log:28 - Save Button is clicked
2019-07-18 15:11:09 INFO  Log:28 - General Information Updated Successfully.
2019-07-18 15:11:09 INFO  Log:28 - The name of the testcase passed is :TC_001_updatingGeneralInformation
2019-07-18 15:11:09 INFO  Log:28 - Closed the Browser
2019-07-18 15:11:09 INFO  Log:28 - test case ended
2019-07-18 15:11:09 INFO  Log:28 - test case started
2019-07-18 15:11:09 INFO  Log:28 - Launched Chrome Browser
2019-07-18 15:11:12 INFO  Log:28 - TC_002_validateCountOfEmployees test case started
2019-07-18 15:11:12 INFO  Log:28 - OrangeHrm application is opened
2019-07-18 15:11:12 INFO  Log:28 - The URL of Orange HRM is loaded
2019-07-18 15:11:16 INFO  Log:28 - Login Page of Orange HRM is displayed
2019-07-18 15:11:16 INFO  Log:28 - Enter username:Admin
2019-07-18 15:11:16 INFO  Log:28 - Enter password:admin123
2019-07-18 15:11:16 INFO  Log:28 - Login credentails are provided
2019-07-18 15:11:16 INFO  Log:28 - Login button is clicked
2019-07-18 15:11:18 INFO  Log:28 - Home Page of Orange HRM is displayed
2019-07-18 15:11:18 INFO  Log:28 - The module Admin is found
2019-07-18 15:11:18 INFO  Log:28 - The sub-module Organization is found
2019-07-18 15:11:18 INFO  Log:28 - The section General Information is clicked
2019-07-18 15:11:20 INFO  Log:28 - General Information Page of Admin module of Orange HRM is displayed.
2019-07-18 15:11:20 INFO  Log:28 - Count of employees is 15.
2019-07-18 15:11:20 INFO  Log:28 - The module PIM is found
2019-07-18 15:11:20 INFO  Log:28 - The sub-module Employee List is clicked
2019-07-18 15:11:22 INFO  Log:28 - Employee List Module is opened
2019-07-18 15:11:22 INFO  Log:28 - Employee List Page of PIM module of Orange HRM is displayed.
2019-07-18 15:11:22 INFO  Log:28 - Add button is clicked.
2019-07-18 15:11:22 INFO  Log:28 - Add Button is clicked
2019-07-18 15:11:23 INFO  Log:28 - first name is provided
2019-07-18 15:11:23 INFO  Log:28 - second name is provided
2019-07-18 15:11:23 INFO  Log:28 - empoloyee id is provided
2019-07-18 15:11:23 INFO  Log:28 - Save button is clicked.
2019-07-18 15:11:25 INFO  Log:28 - Save Button is clicked
2019-07-18 15:11:25 INFO  Log:28 - The module Admin is found
2019-07-18 15:11:25 INFO  Log:28 - The sub-module Organization is found
2019-07-18 15:11:25 INFO  Log:28 - The section General Information is clicked
2019-07-18 15:11:26 INFO  Log:28 - Count of employees is 16.
2019-07-18 15:11:26 INFO  Log:28 - The name of the testcase passed is :TC_002_validateCountOfEmployees
2019-07-18 15:11:26 INFO  Log:28 - Closed the Browser
2019-07-18 15:11:26 INFO  Log:28 - test case ended
2019-07-18 15:11:26 INFO  Log:28 - test case started
2019-07-18 15:11:26 INFO  Log:28 - Launched Chrome Browser
2019-07-18 15:11:30 INFO  Log:28 - TC_003_validateMandatoryFields test case started
2019-07-18 15:11:30 INFO  Log:28 - OrangeHrm application is opened
2019-07-18 15:11:30 INFO  Log:28 - The URL of Orange HRM is loaded
