2019-07-22 12:21:08 INFO  Log:28 - test case started
2019-07-22 12:21:22 INFO  Log:28 - The element is displayed
2019-07-22 12:21:22 INFO  Log:28 - Cleared the field and entered - admin in the field
2019-07-22 12:21:22 INFO  Log:28 - The element is displayed
2019-07-22 12:21:22 INFO  Log:28 - Cleared the field and entered - admin123 in the field
2019-07-22 12:21:27 INFO  Log:28 - LoginButton is safely clicked 
2019-07-22 12:21:28 INFO  Log:28 - My Shortcuts module is available
2019-07-22 12:21:28 INFO  Log:28 - Admin module is available
2019-07-22 12:21:28 INFO  Log:28 - PIM module is available
2019-07-22 12:21:28 INFO  Log:28 - My Info module is available
2019-07-22 12:21:28 INFO  Log:28 - Leave module is available
2019-07-22 12:21:28 INFO  Log:28 - Time module is available
2019-07-22 12:21:28 INFO  Log:28 - Recruitment module is available
2019-07-22 12:21:28 INFO  Log:28 - Discipline module is available
2019-07-22 12:21:28 INFO  Log:28 - Training module is available
2019-07-22 12:21:28 INFO  Log:28 - Performance module is available
2019-07-22 12:21:28 INFO  Log:28 - On-boarding module is available
2019-07-22 12:21:28 INFO  Log:28 - Expense module is available
2019-07-22 12:21:28 INFO  Log:28 - Reports Catalog module is available
2019-07-22 12:21:28 INFO  Log:28 - More module is available
2019-07-22 12:21:28 INFO  Log:28 - test case ended
2019-07-22 12:21:32 INFO  Log:28 - test case started
2019-07-22 12:21:42 INFO  Log:28 - The element is displayed
2019-07-22 12:21:42 INFO  Log:28 - Cleared the field and entered - _ohrmSysAdmin_ in the field
2019-07-22 12:21:42 INFO  Log:28 - The element is displayed
2019-07-22 12:21:42 INFO  Log:28 - Cleared the field and entered - sysadmin in the field
2019-07-22 12:21:46 INFO  Log:28 - LoginButton is safely clicked 
2019-07-22 12:21:46 INFO  Log:28 - My Shortcuts module is available
2019-07-22 12:21:46 INFO  Log:28 - Admin module is available
2019-07-22 12:21:47 INFO  Log:28 - PIM module is available
2019-07-22 12:21:47 INFO  Log:28 - test case ended
2019-07-22 12:21:50 INFO  Log:28 - test case started
2019-07-22 12:21:54 INFO  Log:28 - The element is displayed
2019-07-22 12:21:54 INFO  Log:28 - Cleared the field and entered - linda in the field
2019-07-22 12:21:54 INFO  Log:28 - The element is displayed
2019-07-22 12:21:54 INFO  Log:28 - Cleared the field and entered - linda.anderson in the field
2019-07-22 12:21:58 INFO  Log:28 - LoginButton is safely clicked 
2019-07-22 12:21:59 INFO  Log:28 - My Shortcuts module is available
2019-07-22 12:21:59 INFO  Log:28 - test case ended
2019-07-22 12:22:03 INFO  Log:28 - test case started
2019-07-22 12:22:06 INFO  Log:28 - The element is displayed
2019-07-22 12:22:06 INFO  Log:28 - Cleared the field and entered - kevin in the field
2019-07-22 12:22:06 INFO  Log:28 - The element is displayed
2019-07-22 12:22:06 INFO  Log:28 - Cleared the field and entered - kevin.mathews in the field
2019-07-22 12:22:11 INFO  Log:28 - LoginButton is safely clicked 
2019-07-22 12:22:11 INFO  Log:28 - My Shortcuts module is available
2019-07-22 12:22:11 INFO  Log:28 - test case ended
